0.0	1.3747124632
0.5	1.3747124632
1.0	1.3747124632
1.5	1.14224158416
2.0	1.14224158416
2.5	1.54156243756
3.0	1.54156243756
3.5	1.50764717542
4.0	1.50764717542
4.5	1.13140594059
5.0	1.13140594059
5.5	1.42747826087
6.0	1.42747826087
6.5	1.11193650794
7.0	1.11193650794
7.5	0.942700990099
8.0	0.942700990099
8.5	0.934374877331
9.0	0.934374877331
9.5	0.118832275612
10.0	0.118832275612
10.5	1.81971002979
11.0	1.81971002979
11.5	1.15941386139
12.0	1.15941386139
12.5	1.05105742574
13.0	1.05105742574
13.5	1.02203758655
14.0	1.02203758655
14.5	1.3124122894
15.0	1.3124122894
15.5	1.18558415842
16.0	1.18558415842
16.5	0.780166336634
17.0	0.780166336634
17.5	1.02938613861
18.0	1.02938613861
18.5	1.15941386139
19.0	1.15941386139
19.5	0.806336633663
20.0	0.806336633663
20.5	0.804705882353
21.0	0.804705882353
21.5	0.67180990099
22.0	0.67180990099
22.5	1.03919287834
23.0	1.03919287834
23.5	0.715188811189
24.0	0.715188811189
24.5	0.944571428571
25.0	0.944571428571
25.5	0.988147572816
26.0	0.988147572816
26.5	0.936364356436
27.0	0.936364356436
27.5	1.40863366337
28.0	1.40863366337
28.5	1.46281188119
29.0	1.46281188119
29.5	1.20725544554
30.0	1.20725544554
30.5	1.40863366337
31.0	1.40863366337
31.5	1.35895445545
32.0	1.35895445545
32.5	1.27916883117
33.0	1.27916883117
33.5	1.18342857143
34.0	1.18342857143
34.5	1.02304950495
35.0	1.02304950495
35.5	0.81998001998
36.0	0.81998001998
36.5	1.17024950495
37.0	1.17024950495
37.5	1.22760784314
38.0	1.22760784314
38.5	1.84205940594
39.0	1.84205940594
39.5	1.28437661051
40.0	1.28437661051
40.5	1.353115727
41.0	1.353115727
41.5	1.353115727
42	1.07961419472
42.5	1.07961419472
43	0.836074436827
43.5	0.836074436827
44	0.807518446602
44.5	0.807518446602
45	1.09548463826
45.5	1.09548463826
46	1.1620920666
46.5	1.1620920666
47	1.48595441031
47.5	1.48595441031
48	1.08806336634
48.5	1.08806336634
49	1.27734124629
49.5	1.27734124629
50	1.36397252208
50.5	1.36397252208
51	1.06639207921
51.5	1.06639207921
52	1.49783016983
52.5	1.49783016983
53	1.34946283449
53.5	1.34946283449
54	1.55878931751
54.5	1.55878931751
55	1.38825299145
55.5	1.38825299145
56	1.62695738355
56.5	1.62695738355
57.0	1.62695738355
57.5	1.46329369369
58.0	1.46329369369
58.5	1.60716083916
59.0	1.60716083916
59.5	1.49783016983
60.0	1.49783016983
60.5	1.20130837438
61.0	1.20130837438
61.5	1.71306879362
62.0	1.71306879362
62.5	1.45863736264
63.0	1.45863736264
63.5	1.56187908821
64.0	1.56187908821
64.5	1.4348039604
65.0	1.4348039604
65.5	1.98292277228
66.0	1.98292277228
66.5	1.53516883117
67.0	1.53516883117
67.5	1.95234886026
68.0	1.95234886026
68.5	1.58983416583
69.0	1.58983416583
69.5	1.9415024777
70.0	1.9415024777
70.5	1.2505980198
71.0	1.2505980198
71.5	1.74929070929
72.0	1.74929070929
72.5	1.38199405352
73.0	1.38199405352
73.5	1.51699009901
74.0	1.51699009901
74.5	1.27101088032
75.0	1.27101088032
75.5	0.997867195243
76.0	0.997867195243
76.5	1.04022178218
77.0	1.04022178218
77.5	0.730487128713
78.0	0.730487128713
78.5	0.84518019802
79.0	0.84518019802
79.5	1.2245034965
80.0	1.2245034965
80.5	1.23955250245
81.0	1.23955250245
81.5	1.31111287129
82.0	1.31111287129
82.5	1.07144055944
83.0	1.07144055944
83.5	0.948138751239
84.0	0.948138751239
84.5	0.622305882353
85.0	0.622305882353
85.5	0.622305882353
86.0	0.622305882353
86.5	0.622305882353
87.0	0.622305882353
87.5	0.178449149601
88.0	0.178449149601
88.5	2.00233954858
89.0	2.00233954858
89.5	0.414384466019
90.0	0.414384466019
90.5	0.831873642646
91.0	0.831873642646
91.5	0.595013592233
92.0	0.595013592233
92.5	0.541782178218
93.0	0.541782178218
93.5	0.562384313725
94.0	0.562384313725
94.5	0.476768316832
95.0	0.476768316832
95.5	0.834344554455
96.0	0.834344554455
96.5	0.525741176471
97.0	0.525741176471
97.5	0.279466666667
98.0	0.279466666667
98.5	0.682138613861
99.0	0.682138613861
99.5	0.741322772277
100.0	0.741322772277
100.5	0.879811764706
101.0	0.879811764706
101.5	0.680015533981
102.0	0.680015533981
102.5	0.450635294118
103.0	0.450635294118
103.5	0.420923076923
104.0	0.420923076923
104.5	0.420923076923
105	0.406099145299
105.5	0.406099145299
106	0.568658823529
106.5	0.568658823529
107	0.42638961039
107.5	0.42638961039
108	0.430382022472
108.5	0.430382022472
109	2.16507936508
109.5	2.16507936508
110.0	2.16507936508
110.5	0.555191391238
111.0	0.555191391238
111.5	0.823508910891
112.0	0.823508910891
112.5	0.823508910891
113	0.278456804734
113.5	0.278456804734
114	1.37250793651
114.5	1.37250793651
115	1.02565902293
115.5	1.02565902293
116	1.17373584906
116.5	1.17373584906
117	0.882186138614
117.5	0.882186138614
118	0.715152475248
118.5	0.715152475248
119	0.918377622378
119.5	0.918377622378
120	0.829574344023
120.5	0.829574344023
121	0.6243046875
121.5	0.6243046875
122	0.298666666667
122.5	0.298666666667
123	0.371522793404
123.5	0.371522793404
124	2.16712871287
124.5	2.16712871287
125	0.903857425743
125.5	0.903857425743
126	1.28816617211
126.5	1.28816617211
127	1.07485714286
127.5	1.07485714286
128	0.681075564279
128.5	0.681075564279
129	0.809046953047
129.5	0.809046953047
130	0.725988118812
130.5	0.725988118812
131	1.07756116505
131.5	1.07756116505
132.0	1.07756116505
132.5	0.287783621337
133.0	0.287783621337
133.5	0.650138613861
134.0	0.650138613861
134.5	0.564011892963
135.0	0.564011892963
135.5	0.429176470588
136.0	0.429176470588
136.5	0.541782178218
137.0	0.541782178218
137.5	0.780007984032
138.0	0.780007984032
138.5	1.16171428571
139.0	1.16171428571
139.5	1.13774257426
140.0	1.13774257426
140.5	0.849679207921
141.0	0.849679207921
141.5	0.907444555445
142.0	0.907444555445
142.5	0.802632309217
143.0	0.802632309217
143.5	0.712331360947
144.0	0.712331360947
144.5	0.484724409449
145.0	0.484724409449
145.5	0.315607843137
146.0	0.315607843137
146.5	0.315607843137
147	0.112824742268
147.5	0.112824742268
148	0.610925890279
148.5	0.610925890279
149	0.233755339806
149.5	0.233755339806
150.0	0.233755339806
150.5	0.289234285714
151.0	0.289234285714
151.5	0.79178592666
152.0	0.79178592666
152.5	0.34033819242
153.0	0.34033819242
153.5	0.294646153846
154.0	0.294646153846
154.5	0.636153694581
155.0	0.636153694581
155.5	0.658366863905
156.0	0.658366863905
156.5	0.51079245283
157.0	0.51079245283
157.5	0.529374136229
158.0	0.529374136229
158.5	0.682645544554
159.0	0.682645544554
159.5	0.611295049505
160.0	0.611295049505
160.5	0.611576470588
161.0	0.611576470588
161.5	0.292562376238
162.0	0.292562376238
162.5	0.17432920354
163.0	0.17432920354
163.5	0.639302970297
164.0	0.639302970297
164.5	0.639302970297
165	0.690640776699
165.5	0.690640776699
166	0.326662295082
166.5	0.326662295082
167	0.403759223301
167.5	0.403759223301
168	0.681970326409
168.5	0.681970326409
169	0.889403369673
169.5	0.889403369673
170	0.855422354105
170.5	0.855422354105
171	0.404388835419
171.5	0.404388835419
172	0.21888
172.5	0.21888
173	0.227548514851
173.5	0.227548514851
174	0.49843960396
174.5	0.49843960396
175	0.84518019802
175.5	0.84518019802
176	0.847623529412
176.5	0.847623529412
177	0.578788118812
177.5	0.578788118812
178.0	0.578788118812
178.5	0.686487272727
179.0	0.686487272727
179.5	1.04022178218
180.0	1.04022178218
180.5	0.975207920792
181.0	0.975207920792
181.5	0.741322772277
182.0	0.741322772277
182.5	1.05105742574
183.0	1.05105742574
183.5	1.11607128713
184.0	1.11607128713
184.5	1.03447843137
185.0	1.03447843137
185.5	1.25534117647
186.0	1.25534117647
186.5	1.15890509491
187.0	1.15890509491
187.5	1.07829534192
188.0	1.07829534192
188.5	1.19192079208
189.0	1.19192079208
189.5	1.15941386139
190.0	1.15941386139
190.5	0.905725490196
191.0	0.905725490196
191.5	0.929310689311
192.0	0.929310689311
192.5	0.759246778989
193.0	0.759246778989
193.5	0.783247058824
194.0	0.783247058824
194.5	0.611295049505
195.0	0.611295049505
195.5	0.769330693069
196.0	0.769330693069
196.5	0.84518019802
197.0	0.84518019802
197.5	0.801837623762
198.0	0.801837623762
198.5	0.627724275724
199.0	0.627724275724
199.5	0.868571428571
200.0	0.868571428571
200.5	0.953982370225
201.0	0.953982370225
201.5	0.994909090909
202.0	0.994909090909
202.5	0.807135777998
203.0	0.807135777998
203.5	1.07189030362
204.0	1.07189030362
204.5	1.11717740337
205.0	1.11717740337
205.5	0.925528712871
206.0	0.925528712871
206.5	0.90024975223
207.0	0.90024975223
207.5	0.826164705882
208.0	0.826164705882
208.5	0.899358415842
209.0	0.899358415842
209.5	0.916454901961
210.0	0.916454901961
210.5	1.01855049505
211.0	1.01855049505
211.5	1.09330669331
212.0	1.09330669331
212.5	1.23834509804
213.0	1.23834509804
213.5	1.53866138614
214.0	1.53866138614
214.5	1.38210589411
215.0	1.38210589411
215.5	1.37619161677
216.0	1.37619161677
216.5	1.29456858847
217.0	1.29456858847
217.5	1.13140594059
218.0	1.13140594059
218.5	1.37612673267
219.0	1.37612673267
219.5	1.17437762238
220.0	1.17437762238
220.5	1.11607128713
221.0	1.11607128713
221.5	1.12802378593
222.0	1.12802378593
222.5	1.05411388611
223.0	1.05411388611
223.5	1.29071952428
224.0	1.29071952428
224.5	1.29071952428
225	1.32064094955
225.5	1.32064094955
226	1.05555643564
226.5	1.05555643564
227	1.18225569871
227.5	1.18225569871
228	1.15708571429
228.5	1.15708571429
229	1.31196803197
229.5	1.31196803197
230	1.38833696729
230.5	1.38833696729
231	1.0988990099
231.5	1.0988990099
232	1.44316483516
232.5	1.44316483516
233	1.29522299306
233.5	1.29522299306
234	1.48448316832
234.5	1.48448316832
235	1.52782574257
235.5	1.52782574257
236	1.21810989011
236.5	1.21810989011
237	1.27987314172
237.5	1.27987314172
238	1.17396078431
238.5	1.17396078431
239	1.08237362637
239.5	1.08237362637
240	1.32325867195
240.5	1.32325867195
241	1.10973465347
241.5	1.10973465347
242	1.46281188119
242.5	1.46281188119
243	1.31561188119
243.5	1.31561188119
244	1.30027722772
244.5	1.30027722772
245	0.986043564356
245.5	0.986043564356
246	0.910194059406
246.5	0.910194059406
247	0.665473267327
247.5	0.665473267327
248	0.606796039604
248.5	0.606796039604
249	0.715152475248
249.5	0.715152475248
250	0.769330693069
250.5	0.769330693069
251	0.665473267327
251.5	0.665473267327
252	0.769330693069
252.5	0.769330693069
253	0.830913086913
253.5	0.830913086913
254	0.846017839445
254.5	0.846017839445
255	0.795500990099
255.5	0.795500990099
256	0.823508910891
256.5	0.823508910891
257	0.697411764706
257.5	0.697411764706
258	0.49843960396
258.5	0.49843960396
259	0.669390291262
259.5	0.669390291262
260	0.762994059406
260.5	0.762994059406
261	0.933458823529
261.5	0.933458823529
262	1.07272871287
262.5	1.07272871287
263	0.893021782178
263.5	0.893021782178
264	1.12610589411
264.5	1.12610589411
265.0	1.12610589411
265.5	1.26902675917
266.0	1.26902675917
266.5	1.0988990099
267.0	1.0988990099
267.5	1.15941386139
268.0	1.15941386139
268.5	1.31111287129
269.0	1.31111287129
269.5	0.958035643564
270.0	0.958035643564
270.5	1.06189306931
271.0	1.06189306931
271.5	1.10523564356
272.0	1.10523564356
272.5	0.72692815534
273.0	0.72692815534
273.5	1.04957442557
274.0	1.04957442557
274.5	1.0087135778
275.0	1.0087135778
275.5	1.04957442557
276.0	1.04957442557
276.5	0.969823587711
277.0	0.969823587711
277.5	1.10512941176
278.0	1.10512941176
278.5	1.0944
279.0	1.0944
279.5	0.762994059406
280.0	0.762994059406
280.5	1.11585882353
281.0	1.11585882353
281.5	1.04022178218
282.0	1.04022178218
282.5	0.893021782178
283.0	0.893021782178
283.5	1.04075294118
284.0	1.04075294118
284.5	0.824325074331
285.0	0.824325074331
285.5	0.704316831683
286.0	0.704316831683
286.5	0.599865479723
287.0	0.599865479723
287.5	0.607397423191
288.0	0.607397423191
288.5	0.877687128713
289.0	0.877687128713
289.5	1.01677522478
290.0	1.01677522478
290.5	0.660523476523
291.0	0.660523476523
291.5	1.32325867195
292.0	1.32325867195
292.5	1.20275643564
293.0	1.20275643564
293.5	0.904753221011
294.0	0.904753221011
294.5	1.11476591577
295.0	1.11476591577
295.5	1.18139352306
296.0	1.18139352306
296.5	0.911984015984
297.0	0.911984015984
297.5	1.24583316977
298.0	1.24583316977
298.5	1.30981602374
299.0	1.30981602374
299.5	1.18558415842
300.0	1.18558415842
300.5	1.2364876115
301.0	1.2364876115
301.5	1.03388514851
302.0	1.03388514851
302.5	1.35434730539
303.0	1.35434730539
303.5	1.34249263984
304.0	1.34249263984
304.5	1.13064535465
305.0	1.13064535465
305.5	1.24583316977
306.0	1.24583316977
306.5	1.33542857143
307.0	1.33542857143
307.5	0.979706930693
308.0	0.979706930693
308.5	1.10523564356
309.0	1.10523564356
309.5	0.953536633663
310.0	0.953536633663
310.5	0.730487128713
311.0	0.730487128713
311.5	0.929310689311
312.0	0.929310689311
312.5	0.846017839445
313.0	0.846017839445
313.5	0.846017839445
314	0.899358415842
314.5	0.899358415842
315	0.708815841584
315.5	0.708815841584
316	1.00856470588
316.5	1.00856470588
317	0.888522772277
317.5	0.888522772277
318	0.650138613861
318.5	0.650138613861
319	0.427089108911
319.5	0.427089108911
320	0.541782178218
320.5	0.541782178218
321	0.509275247525
321.5	0.509275247525
322	0.314233663366
322.5	0.314233663366
323	0.265631067961
323.5	0.265631067961
324	0.400918811881
324.5	0.400918811881
325	0.552617821782
325.5	0.552617821782
326	0.358704761905
326.5	0.358704761905
327	0.769330693069
327.5	0.769330693069
328	0.736823762376
328.5	0.736823762376
329	0.758495049505
329.5	0.758495049505
330	0.59596039604
330.5	0.59596039604
331	0.311164912281
331.5	0.311164912281
332	0.639302970297
332.5	0.639302970297
333	0.574289108911
333.5	0.574289108911
334	0.439905882353
334.5	0.439905882353
335	0.315692307692
335.5	0.315692307692
336	0.265631067961
336.5	0.265631067961
337	0.390469772052
337.5	0.390469772052
338.0	0.390469772052
338.5	0.356305084746
339.0	0.356305084746
339.5	0.67180990099
340.0	0.67180990099
340.5	0.579388235294
341.0	0.579388235294
341.5	0.648139805825
342.0	0.648139805825
342.5	0.42259009901
343.0	0.42259009901
343.5	0.263309021113
344.0	0.263309021113
344.5	0.380126984127
345.0	0.380126984127
345.5	0.400957801766
346.0	0.400957801766
346.5	0.617631683168
347.0	0.617631683168
347.5	1.07144055944
348.0	1.07144055944
348.5	1.41620758483
349.0	1.41620758483
349.5	1.11558730159
350.0	1.11558730159
350.5	1.05105742574
351.0	1.05105742574
351.5	0.732515484515
352.0	0.732515484515
352.5	0.35573540856
353.0	0.35573540856
353.5	0.563453465347
354.0	0.563453465347
354.5	0.617631683168
355.0	0.617631683168
355.5	0.423008919722
356.0	0.423008919722
356.5	1.6851023622
357.0	1.6851023622
357.5	0.414384466019
358.0	0.414384466019
358.5	0.390083168317
359.0	0.390083168317
359.5	0.244380582524
360.0	0.244380582524
360.5	0.244380582524
361	0.268235294118
361.5	0.268235294118
362	0.595013592233
362.5	0.595013592233
363	0.606796039604
363.5	0.606796039604
364	0.467510679612
364.5	0.467510679612
365	0.315615686275
365.5	0.315615686275
366	0.42259009901
366.5	0.42259009901
367	0.314233663366
367.5	0.314233663366
368	0.354070588235
368.5	0.354070588235
369	0.429176470588
369.5	0.429176470588
370	0.403759223301
370.5	0.403759223301
371	0.238384158416
371.5	0.238384158416
372	0.321882352941
372.5	0.321882352941
373	0.425864220183
373.5	0.425864220183
374	0.694168483647
374.5	0.694168483647
375	0.733410589411
375.5	0.733410589411
376	0.605908910891
376.5	0.605908910891
377	0.650138613861
377.5	0.650138613861
378	0.536104672897
378.5	0.536104672897
379	0.47813592233
379.5	0.47813592233
380	0.541782178218
380.5	0.541782178218
381	1.06050749251
381.5	1.06050749251
382	1.10633102081
382.5	1.10633102081
383	0.988515484515
383.5	0.988515484515
384	1.1246798419
384.5	1.1246798419
385	1.02158490566
385.5	1.02158490566
386	0.546281188119
386.5	0.546281188119
387.0	0.84518019802
387.5	0.84518019802
388.0	0.84518019802
388.5	0.758495049505
389.0	0.758495049505
389.5	0.765314685315
390.0	0.765314685315
390.5	0.713295387635
391.0	0.713295387635
391.5	0.944188235294
392.0	0.944188235294
392.5	0.996879207921
393.0	0.996879207921
393.5	0.922729411765
394.0	0.922729411765
394.5	0.783889218595
395.0	0.783889218595
395.5	1.05209910803
396.0	1.05209910803
396.5	0.986043564356
397.0	0.986043564356
397.5	0.863078450844
398.0	0.863078450844
398.5	0.949280159521
399.0	0.949280159521
399.5	0.942700990099
400.0	0.942700990099
400.5	0.552512621359
401.0	0.552512621359
401.5	0.390083168317
402.0	0.390083168317
402.5	0.401443137255
403.0	0.401443137255
403.5	0.650138613861
404.0	0.650138613861
404.5	0.504777232581
405.0	0.504777232581
405.5	0.39359040959
406.0	0.39359040959
406.5	0.382508737864
407.0	0.382508737864
407.5	0.525741176471
408.0	0.525741176471
408.5	0.492102970297
409.0	0.492102970297
409.5	0.92102970297
410.0	0.92102970297
410.5	1.06221176471
411.0	1.06221176471
411.5	1.09835130435
412.0	1.09835130435
412.5	1.27860594059
413.0	1.27860594059
413.5	1.09330669331
414.0	1.09330669331
414.5	1.09330669331
415	0.850198473282
415.5	0.850198473282
416	0.929310689311
416.5	0.929310689311
417	1.12690693069
417.5	1.12690693069
418	1.11717740337
418.5	1.11717740337
419	0.890117882118
419.5	0.890117882118
420	0.910194059406
420.5	0.910194059406
421	0.835171456888
421.5	0.835171456888
422	0.797649363369
422.5	0.797649363369
423	0.584388349515
423.5	0.584388349515
424	0.574289108911
424.5	0.574289108911
425	0.526257114818
425.5	0.526257114818
426	0.505107692308
426.5	0.505107692308
427	0.102376052385
427.5	0.102376052385
428	0.427089108911
428.5	0.427089108911
429	1.08356435644
429.5	1.08356435644
430	1.11585882353
430.5	1.11585882353
431	0.901050949051
431.5	0.901050949051
432	0.824325074331
432.5	0.824325074331
433	0.912
433.5	0.912
434	0.786267961165
434.5	0.786267961165
435	0.611295049505
435.5	0.611295049505
436	0.751058823529
436.5	0.751058823529
437	0.84518019802
437.5	0.84518019802
438	0.754381618382
438.5	0.754381618382
439	1.88502697303
439.5	1.88502697303
440	2.53422222222
440.5	2.53422222222
441	2.01168431568
441.5	2.01168431568
442	2.41001188119
442.5	2.41001188119
443	1.47961149653
443.5	1.47961149653
444	1.80955247525
444.5	1.80955247525
445	2.65033366633
445.5	2.65033366633
446	2.7187250996
446.5	2.7187250996
447	2.56356616915
447.5	2.56356616915
448	2.7088
448.5	2.7088
449	3.05032567433
449.5	3.05032567433
450	2.91273526474
450.5	2.91273526474
451	2.74050793651
451.5	2.74050793651
452	2.69407392607
452.5	2.69407392607
453	1.98939147671
453.5	1.98939147671
454.0	1.98939147671
454.5	2.77126037736
455.0	2.77126037736
455.5	2.98472727273
456.0	2.98472727273
456.5	2.74591683168
457.0	2.74591683168
457.5	2.85806993007
458.0	2.85806993007
458.5	2.56746245059
459.0	2.56746245059
459.5	2.51750298211
460.0	2.51750298211
460.5	2.29715643564
461.0	2.29715643564
461.5	1.4348039604
462.0	1.4348039604
462.5	1.38696237624
463.0	1.38696237624
463.5	1.65543256743
464.0	1.65543256743
464.5	2.24297821782
465.0	2.24297821782
465.5	2.20631912785
466.0	2.20631912785
466.5	2.44261338661
467.0	2.44261338661
467.5	2.14124083251
468.0	2.14124083251
468.5	2.32966336634
469.0	2.32966336634
469.5	2.21301898102
470.0	2.21301898102
470.5	2.16507936508
471.0	2.16507936508
471.5	2.51460539461
472.0	2.51460539461
472.5	1.89596003996
473.0	1.89596003996
473.5	1.87321687929
474.0	1.87321687929
474.5	2.63306138614
475.0	2.63306138614
475.5	2.35583366337
476.0	2.35583366337
476.5	2.42074725275
477.0	2.42074725275
477.5	2.29309018831
478.0	2.29309018831
478.5	1.70765063788
479.0	1.70765063788
479.5	1.68823176823
480.0	1.68823176823
480.5	2.45128245788
481.0	2.45128245788
481.5	1.59733861386
482.0	1.59733861386
482.5	1.63996003996
483.0	1.63996003996
483.5	1.21929831516
484.0	1.21929831516
484.5	1.70385628743
485.0	1.70385628743
485.5	1.52299702676
486.0	1.52299702676
486.5	2.05132875368
487.0	2.05132875368
487.5	1.5461018981
488.0	1.5461018981
488.5	1.66539130435
489.0	1.66539130435
489.5	1.54775769613
490.0	1.54775769613
490.5	1.79871683168
491.0	1.79871683168
491.5	1.38062574257
492.0	1.38062574257
492.5	1.54156243756
493.0	1.54156243756
493.5	1.20845193261
494.0	1.20845193261
494.5	1.37619161677
495.0	1.37619161677
495.5	1.37619161677
496	0.405694117647
496.5	0.405694117647
497	0.682645544554
497.5	0.682645544554
498	0.487603960396
498.5	0.487603960396
499	0.402586640852
499.5	0.402586640852
500	0.536470588235
500.5	0.536470588235
501	1.06907722772
501.5	1.06907722772
502	0.92918019802
502.5	0.92918019802
503	0.986043564356
503.5	0.986043564356
504	1.3229010989
504.5	1.3229010989
505	1.12168087215
505.5	1.12168087215
506	0.996879207921
506.5	0.996879207921
507	0.910194059406
507.5	0.910194059406
508	0.901050949051
508.5	0.901050949051
509	1.13661721068
509.5	1.13661721068
510	0.640571428571
510.5	0.640571428571
511	0.718870588235
511.5	0.718870588235
512	0.583843137255
512.5	0.583843137255
513	0.791001980198
513.5	0.791001980198
514	0.736823762376
514.5	0.736823762376
515	0.84434421365
515.5	0.84434421365
516	0.472380952381
516.5	0.472380952381
517	1.33278415842
517.5	1.33278415842
518	1.36529108911
518.5	1.36529108911
519	0.69798019802
519.5	0.69798019802
520	1.92421978022
520.5	1.92421978022
521.0	1.92421978022
521.5	1.63146085233
522.0	1.63146085233
522.5	1.0314797361
523.0	1.0314797361
523.5	1.62061446977
524.0	1.62061446977
524.5	1.83122376238
525.0	1.83122376238
525.5	1.64068118812
526.0	1.64068118812
526.5	1.83675524476
527.0	1.83675524476
527.5	1.65543256743
528.0	1.65543256743
528.5	1.98685714286
529.0	1.98685714286
529.5	1.84129470529
530.0	1.84129470529
530.5	1.9415024777
531.0	1.9415024777
531.5	1.79756243756
532.0	1.79756243756
532.5	1.64230723489
533.0	1.64230723489
533.5	1.65089310689
534.0	1.65089310689
534.5	0.13067996012
535.0	0.13067996012
535.5	2.9093916501
536.0	2.9093916501
536.5	1.60527407407
537.0	1.60527407407
537.5	1.71203168317
538.0	1.71203168317
538.5	1.43300740741
539.0	1.43300740741
539.5	1.5494970297
540.0	1.5494970297
540.5	1.59868235294
541.0	1.59868235294
541.5	1.4805034965
542.0	1.4805034965
542.5	1.54171428571
543.0	1.54171428571
543.5	1.40397202797
544.0	1.40397202797
544.5	1.51699009901
545.0	1.51699009901
545.5	1.29522299306
546.0	1.29522299306
546.5	1.50466468843
547.0	1.50466468843
547.5	1.48657114818
548.0	1.48657114818
548.5	1.45054005935
549.0	1.45054005935
549.5	1.36184615385
550.0	1.36184615385
550.5	1.35445544554
551.0	1.35445544554
551.5	1.35579781962
552.0	1.35579781962
552.5	1.15307722772
553.0	1.15307722772
553.5	0.986043564356
554.0	0.986043564356
554.5	0.812673267327
555.0	0.812673267327
555.5	0.812673267327
556	0.59596039604
556.5	0.59596039604
557	0.253718811881
557.5	0.253718811881
558	0.292562376238
558.5	0.292562376238
559	0.513854145854
559.5	0.513854145854
560	0.943635282458
560.5	0.943635282458
561	0.972071856287
561.5	0.972071856287
562	0.659595682041
562.5	0.659595682041
563	1.07379187314
563.5	1.07379187314
564	1.22321661721
564.5	1.22321661721
565	1.30271372549
565.5	1.30271372549
566	1.44256888008
566.5	1.44256888008
567	1.24756504854
567.5	1.24756504854
568	1.60716083916
568.5	1.60716083916
569	1.52507163886
569.5	1.52507163886
570	1.42396831683
570.5	1.42396831683
571	1.16909198813
571.5	1.16909198813
572	0.785443012884
572.5	0.785443012884
573	0.910194059406
573.5	0.910194059406
574	1.3884995005
574.5	1.3884995005
575	1.35769185476
575.5	1.35769185476
576	1.30027722772
576.5	1.30027722772
577	1.1917042957
577.5	1.1917042957
578	0.958985133796
578.5	0.958985133796
579	1.08367058824
579.5	1.08367058824
580	1.10523564356
580.5	1.10523564356
581	0.948643137255
581.5	0.948643137255
582	1.24461176471
582.5	1.24461176471
583	1.27860594059
583.5	1.27860594059
584	0.903857425743
584.5	0.903857425743
585	1.21359207921
585.5	1.21359207921
586	1.17024950495
586.5	1.17024950495
587	0.903857425743
587.5	0.903857425743
588	0.826164705882
588.5	0.826164705882
589	0.758495049505
589.5	0.758495049505
590	0.800058181818
590.5	0.800058181818
591	0.84518019802
591.5	0.84518019802
592.0	0.84518019802
592.5	1.10523564356
593.0	1.10523564356
593.5	0.877687128713
594.0	0.877687128713
594.5	0.59457254902
595.0	0.59457254902
595.5	0.595013592233
596.0	0.595013592233
596.5	0.465932673267
597.0	0.465932673267
597.5	0.465932673267
598.0	0.465932673267
598.5	0.465932673267
599	0.136279488066
599.5	0.136279488066
600	0.108356435644
600.5	0.108356435644
601.0	0.108356435644
601.5	0.102280373832
602.0	0.102280373832
602.5	0.779438108484
603.0	0.779438108484
603.5	1.83675524476
604.0	1.83675524476
604.5	1.83675524476
605	1.05191401038
605.5	1.05191401038
606	1.26341176471
606.5	1.26341176471
607	1.4540979021
607.5	1.4540979021
608	0.969831516353
608.5	0.969831516353
609	1.38696237624
609.5	1.38696237624
610	0.13067996012
610.5	0.13067996012
611	2.11667836257
611.5	2.11667836257
612	0.574289108911
612.5	0.574289108911
613	0.525741176471
613.5	0.525741176471
614	0.491988011988
614.5	0.491988011988
615.0	0.491988011988
615.5	0.737792470156
616.0	0.737792470156
616.5	0.709881081081
617.0	0.709881081081
617.5	0.682645544554
618.0	0.682645544554
618.5	0.34300489716
619.0	0.34300489716
619.5	0.973042957043
620.0	0.973042957043
620.5	0.753650793651
621.0	0.753650793651
621.5	0.524787212787
622.0	0.524787212787
622.5	0.965328047572
623.0	0.965328047572
623.5	0.84434421365
624.0	0.84434421365
624.5	0.893906838454
625.0	0.893906838454
625.5	0.856015841584
626.0	0.856015841584
626.5	1.19192079208
627.0	1.19192079208
627.5	1.03388514851
628.0	1.03388514851
628.5	0.645663716814
629.0	0.645663716814
629.5	0.414628115653
630.0	0.414628115653
630.5	0.552617821782
631.0	0.552617821782
631.5	1.12690693069
632.0	1.12690693069
632.5	0.806336633663
633.0	0.806336633663
633.5	0.780166336634
634.0	0.780166336634
634.5	0.493069539667
635.0	0.493069539667
635.5	0.311152941176
636.0	0.311152941176
636.5	0.444701684836
637.0	0.444701684836
637.5	0.768569732938
638.0	0.768569732938
638.5	0.405819623389
639.0	0.405819623389
639.5	0.335221621622
640.0	0.335221621622
640.5	0.270891089109
641.0	0.270891089109
641.5	0.493552941176
642.0	0.493552941176
642.5	0.493552941176
643	0.812673267327
643.5	0.812673267327
644	0.909353846154
644.5	0.909353846154
645	1.30027722772
645.5	1.30027722772
646	1.65785346535
646.5	1.65785346535
647	1.34563137255
647.5	1.34563137255
648	1.12610589411
648.5	1.12610589411
649	1.06744895937
649.5	1.06744895937
650	1.50876323676
650.5	1.50876323676
651	1.44256888008
651.5	1.44256888008
652	0.861367690783
652.5	0.861367690783
653	0.909293768546
653.5	0.909293768546
654	0.987105882353
654.5	0.987105882353
655	1.2831049505
655.5	1.2831049505
656	1.27860594059
656.5	1.27860594059
657	1.28410714286
657.5	1.28410714286
658	1.59283960396
658.5	1.59283960396
659	1.50876323676
659.5	1.50876323676
660	1.22904295704
660.5	1.22904295704
661	1.47657142857
661.5	1.47657142857
662	1.23014469772
662.5	1.23014469772
663	1.56342857143
663.5	1.56342857143
664	1.37114767096
664.5	1.37114767096
665	1.44114059406
665.5	1.44114059406
666	1.353115727
666.5	1.353115727
667	1.06744895937
667.5	1.06744895937
668	1.353115727
668.5	1.353115727
669	1.14337363726
669.5	1.14337363726
670	1.4214375
670.5	1.4214375
671	1.63018867925
671.5	1.63018867925
672	1.26928109696
672.5	1.26928109696
673	1.672
673.5	1.672
674	1.32744055944
674.5	1.32744055944
675	1.52357647059
675.5	1.52357647059
676	1.32744055944
676.5	1.32744055944
677	1.44056581532
677.5	1.44056581532
678.0	1.44056581532
678.5	1.18980740741
679.0	1.18980740741
679.5	1.41036563437
680.0	1.41036563437
680.5	1.44256888008
681.0	1.44256888008
681.5	0.968871287129
682.0	0.968871287129
682.5	1.2245034965
683.0	1.2245034965
683.5	1.41002973241
684.0	1.41002973241
684.5	1.14224158416
685.0	1.14224158416
685.5	1.39803592814
686.0	1.39803592814
686.5	1.25307936508
687.0	1.25307936508
687.5	1.60716083916
688.0	1.60716083916
688.5	1.31691575818
689.0	1.31691575818
689.5	1.47218991098
690.0	1.47218991098
690.5	1.60526461843
691.0	1.60526461843
691.5	1.39008506429
692.0	1.39008506429
692.5	1.35579781962
693.0	1.35579781962
693.5	1.04472079208
694.0	1.04472079208
694.5	1.18108514851
695.0	1.18108514851
695.5	1.12690693069
696.0	1.12690693069
696.5	0.948643137255
697.0	0.948643137255
697.5	1.18108514851
698.0	1.18108514851
698.5	1.18108514851
699.0	1.18108514851
699.5	0.970793650794
700.0	0.970793650794
700.5	1.11405988024
701.0	1.11405988024
701.5	1.18108514851
702.0	1.18108514851
702.5	1.00137821782
703.0	1.00137821782
703.5	1.10523564356
704.0	1.10523564356
704.5	1.15774850299
705.0	1.15774850299
705.5	1.07936507937
706.0	1.07936507937
706.5	1.22442772277
707.0	1.22442772277
707.5	1.20193207547
708.0	1.20193207547
708.5	1.57436163836
709.0	1.57436163836
709.5	1.596
710.0	1.596
710.5	1.2933493014
711.0	1.2933493014
711.5	1.50878446602
712.0	1.50878446602
712.5	0.626472582253
713.0	0.626472582253
713.5	1.32852537313
714.0	1.32852537313
714.5	1.30103496503
715.0	1.30103496503
715.5	1.06744895937
716.0	1.06744895937
716.5	1.11585882353
717.0	1.11585882353
717.5	1.39803592814
718.0	1.39803592814
718.5	1.29650793651
719.0	1.29650793651
719.5	1.22442772277
720.0	1.22442772277
720.5	0.958035643564
721.0	0.958035643564
721.5	1.23526336634
722.0	1.23526336634
722.5	1.18077122877
723.0	1.18077122877
723.5	0.981793915604
724.0	0.981793915604
724.5	1.18225569871
725.0	1.18225569871
725.5	1.37756643357
726.0	1.37756643357
726.5	1.14157842158
727.0	1.14157842158
727.5	1.14157842158
728	1.32325867195
728.5	1.32325867195
729	1.01855049505
729.5	1.01855049505
730	0.742057482656
730.5	0.742057482656
731	0.951176823177
731.5	0.951176823177
732	0.889403369673
732.5	0.889403369673
733	0.812673267327
733.5	0.812673267327
734	0.665473267327
734.5	0.665473267327
735	0.594195459033
735.5	0.594195459033
736	0.660689386563
736.5	0.660689386563
737	0.84518019802
737.5	0.84518019802
738	0.82718892186
738.5	0.82718892186
739	0.891415112856
739.5	0.891415112856
740	0.765314685315
740.5	0.765314685315
741	0.633656526006
741.5	0.633656526006
742	0.595013592233
742.5	0.595013592233
743	0.44876039604
743.5	0.44876039604
744	0.866851485149
744.5	0.866851485149
745	0.791001980198
745.5	0.791001980198
746	0.783247058824
746.5	0.783247058824
747	0.809160784314
747.5	0.809160784314
748	1.10423976024
748.5	1.10423976024
749	0.954481665015
749.5	0.954481665015
750	0.784474074074
750.5	0.784474074074
751	1.02770829171
751.5	1.02770829171
752	0.780166336634
752.5	0.780166336634
753	0.531778425656
753.5	0.531778425656
754	0.42259009901
754.5	0.42259009901
755	0.416914285714
755.5	0.416914285714
756.0	0.416914285714
756.5	0.130524770642
757.0	0.130524770642
757.5	0.128752941176
758.0	0.128752941176
758.5	0.407717647059
759.0	0.407717647059
759.5	0.725988118812
760.0	0.725988118812
760.5	0.628467326733
761.0	0.628467326733
761.5	0.743448551449
762.0	0.743448551449
762.5	0.698671952428
763.0	0.698671952428
763.5	1.71649150849
764.0	1.71649150849
764.5	1.47961149653
765.0	1.47961149653
765.5	1.49531881188
766.0	1.49531881188
766.5	0.754381618382
767.0	0.754381618382
767.5	1.24099108028
768.0	1.24099108028
768.5	1.03864135864
769.0	1.03864135864
769.5	1.2364876115
770.0	1.2364876115
770.5	0.817172277228
771.0	0.817172277228
771.5	0.628467326733
772.0	0.628467326733
772.5	0.617631683168
773.0	0.617631683168
773.5	1.15941386139
774.0	1.15941386139
774.5	1.20614901961
775.0	1.20614901961
775.5	0.834344554455
776.0	0.834344554455
776.5	0.693481188119
777.0	0.693481188119
777.5	0.643764705882
778.0	0.643764705882
778.5	0.848838773492
779.0	0.848838773492
779.5	1.43172249752
780.0	1.43172249752
780.5	1.23526336634
781.0	1.23526336634
781.5	0.483016520894
782.0	0.483016520894
782.5	0.24
783.0	0.24
783.5	0.89846884273
784.0	0.89846884273
784.5	1.6565
785.0	1.6565
785.5	1.6565
786	2.01542970297
786.5	2.01542970297
787	1.74730761622
787.5	1.74730761622
788	1.68118929633
788.5	1.68118929633
789	1.86316083916
789.5	1.86316083916
790	1.53581157998
790.5	1.53581157998
791	0.463461020212
791.5	0.463461020212
792	0.6604995005
792.5	0.6604995005
793	0.834344554455
793.5	0.834344554455
794	0.350633009709
794.5	0.350633009709
795.0	0.350633009709
795.5	0.350633009709
796	0.133180952381
796.5	0.133180952381
797	1.47988899901
797.5	1.47988899901
798.0	1.47988899901
798.5	0.14126741573
799.0	0.14126741573
799.5	0.660573689416
800.0	0.660573689416
800.5	0.418857703631
801.0	0.418857703631
801.5	0.515011764706
802.0	0.515011764706
802.5	0.568658823529
803.0	0.568658823529
803.5	0.568658823529
804	0.1966930266
804.5	0.1966930266
805	0.885134445535
805.5	0.885134445535
806	0.718870588235
806.5	0.718870588235
807	0.809046953047
807.5	0.809046953047
808	0.889403369673
808.5	0.889403369673
809	0.437924752475
809.5	0.437924752475
810	0.520110891089
810.5	0.520110891089
811	0.393133980583
811.5	0.393133980583
812	0.411754455446
812.5	0.411754455446
813.0	0.411754455446
813.5	0.106891059354
814.0	0.106891059354
814.5	0.525226248776
815.0	0.525226248776
815.5	0.499428571429
816.0	0.499428571429
816.5	0.411754455446
817.0	0.411754455446
817.5	0.17337029703
818.0	0.17337029703
818.5	0.232047524752
819.0	0.232047524752
819.5	0.520110891089
820.0	0.520110891089
820.5	0.654494117647
821.0	0.654494117647
821.5	0.975207920792
822.0	0.975207920792
822.5	1.21810989011
823.0	1.21810989011
823.5	1.0310343474
824.0	1.0310343474
824.5	0.933458823529
825.0	0.933458823529
825.5	0.747659405941
826.0	0.747659405941
826.5	0.405417821782
827.0	0.405417821782
827.5	1.12548481881
828.0	1.12548481881
828.5	1.12548481881
829	1.14822295082
829.5	1.14822295082
830	1.12141315015
830.5	1.12141315015
831	0.628467326733
831.5	0.628467326733
832	0.585124752475
832.5	0.585124752475
833	0.574289108911
833.5	0.574289108911
834	0.445827352085
834.5	0.445827352085
835	0.186016997167
835.5	0.186016997167
836	0.304878431373
836.5	0.304878431373
837	1.14857821782
837.5	1.14857821782
838	1.11607128713
838.5	1.11607128713
839	0.343341176471
839.5	0.343341176471
840	0.818946534653
840.5	0.818946534653
841	0.450635294118
841.5	0.450635294118
842	0.371883495146
842.5	0.371883495146
843	0.271178761062
843.5	0.271178761062
844.0	0.271178761062
844.5	0.509275247525
845.0	0.509275247525
845.5	0.541782178218
846.0	0.541782178218
846.5	0.723325490196
847.0	0.723325490196
847.5	0.931865346535
848.0	0.931865346535
848.5	1.06294549058
849.0	1.06294549058
849.5	0.703620178042
850.0	0.703620178042
850.5	0.471631733595
851.0	0.471631733595
851.5	0.471631733595
852	0.172517538815
852.5	0.172517538815
853	1.06189306931
853.5	1.06189306931
854	1.53062937063
854.5	1.53062937063
855	1.85357170923
855.5	1.85357170923
856	1.78208991009
856.5	1.78208991009
857	1.68402376238
857.5	1.68402376238
858	1.84991372549
858.5	1.84991372549
859	1.63618217822
859.5	1.63618217822
860.0	1.63618217822
860.5	1.15242989085
861.0	1.15242989085
861.5	1.97614916585
862.0	1.97614916585
862.5	1.55545708583
863.0	1.55545708583
863.5	2.13885714286
864.0	2.13885714286
864.5	1.17477227723
865.0	1.17477227723
865.5	0.705014866204
866.0	0.705014866204
866.5	0.666917082917
867.0	0.666917082917
867.5	0.759246778989
868.0	0.759246778989
868.5	0.600258570029
869.0	0.600258570029
869.5	0.272431372549
870.0	0.272431372549
870.5	1.30181962339
871.0	1.30181962339
871.5	1.53713946588
872.0	1.53713946588
872.5	1.14289303238
873.0	1.14289303238
873.5	1.05105742574
874.0	1.05105742574
874.5	1.31431058358
875.0	1.31431058358
875.5	1.25818037661
876.0	1.25818037661
876.5	1.79222857143
877.0	1.79222857143
877.5	2.37247552448
878.0	2.37247552448
878.5	1.49143656344
879.0	1.49143656344
879.5	1.49143656344
880	2.18715309446
880.5	2.18715309446
881	2.40941176471
881.5	2.40941176471
882.0	2.40941176471
882.5	1.26872920354
883.0	1.26872920354
883.5	1.82128063241
884.0	1.82128063241
884.5	3.54042418236
885.0	3.54042418236
885.5	2.66556831683
886.0	2.66556831683
886.5	1.29394059406
887.0	1.29394059406
887.5	2.73780619381
888.0	2.73780619381
888.5	2.94679365079
889.0	2.94679365079
889.5	1.78788118812
890.0	1.78788118812
890.5	1.91782617383
891.0	1.91782617383
891.5	2.62932804757
892.0	2.62932804757
892.5	2.19754645355
893.0	2.19754645355
893.5	2.12343313373
894.0	2.12343313373
894.5	2.43892750745
895.0	2.43892750745
895.5	3.40472327672
896.0	3.40472327672
896.5	3.25519207921
897.0	3.25519207921
897.5	4.02790809191
898.0	4.02790809191
898.5	3.76107936508
899.0	3.76107936508
899.5	2.49422749753
900.0	2.49422749753
900.5	2.26535849057
901.0	2.26535849057
901.5	2.27774033697
902.0	2.27774033697
902.5	1.91782617383
903.0	1.91782617383
903.5	2.30622222222
904.0	2.30622222222
904.5	2.35060939061
905.0	2.35060939061
905.5	2.95646753247
906.0	2.95646753247
906.5	3.19333994054
907.0	3.19333994054
907.5	2.24747722772
908.0	2.24747722772
908.5	2.21941258741
909.0	2.21941258741
909.5	2.01307936508
910.0	2.01307936508
910.5	2.31141658342
911.0	2.31141658342
911.5	2.32562933598
912.0	2.32562933598
912.5	3.12823300971
913.0	3.12823300971
913.5	3.38187141444
914.0	3.38187141444
914.5	3.07219180819
915.0	3.07219180819
915.5	2.37136507937
916.0	2.37136507937
916.5	2.38834059406
917.0	2.38834059406
917.5	2.23488511489
918.0	2.23488511489
918.5	2.59113686314
919.0	2.59113686314
919.5	1.94793650794
920.0	1.94793650794
920.5	1.81942857143
921.0	1.81942857143
921.5	2.90683052527
922.0	2.90683052527
922.5	2.38794805195
923.0	2.38794805195
923.5	2.44261338661
924.0	2.44261338661
924.5	2.42074725275
925.0	2.42074725275
925.5	2.65365079365
926.0	2.65365079365
926.5	2.53805351833
927.0	2.53805351833
927.5	2.85806993007
928.0	2.85806993007
928.5	2.94388107037
929.0	2.94388107037
929.5	2.4966970297
930.0	2.4966970297
930.5	2.68314085914
931.0	2.68314085914
931.5	2.85710208127
932.0	2.85710208127
932.5	2.69807524752
933.0	2.69807524752
933.5	1.80321584158
934.0	1.80321584158
934.5	2.33416237624
935.0	2.33416237624
935.5	2.19754645355
936.0	2.19754645355
936.5	1.81765079365
937.0	1.81765079365
937.5	2.89086913087
938.0	2.89086913087
938.5	2.89086913087
939	2.39711372549
939.5	2.39711372549
940	3.45422924901
940.5	3.45422924901
941	4.3231008991
941.5	4.3231008991
942	3.29749354518
942.5	3.29749354518
943	3.08766433566
943.5	3.08766433566
944	3.22014342629
944.5	3.22014342629
945	3.37192407592
945.5	3.37192407592
946	3.88506772908
946.5	3.88506772908
947	3.67804995005
947.5	3.67804995005
948	2.869002997
948.5	2.869002997
949	2.96084872299
949.5	2.96084872299
950	2.60141176471
950.5	2.60141176471
951	3.29742204568
951.5	3.29742204568
952	4.06077922078
952.5	4.06077922078
953	3.82017982018
953.5	3.82017982018
954	3.24757185332
954.5	3.24757185332
955	2.68355996036
955.5	2.68355996036
956	3.95137662338
956.5	3.95137662338
957	3.85297902098
957.5	3.85297902098
958	3.31770588235
958.5	3.31770588235
959	3.59058541459
959.5	3.59058541459
960	3.5295777998
960.5	3.5295777998
961	3.52146906188
961.5	3.52146906188
962	3.46793650794
962.5	3.46793650794
963	4.14817182817
963.5	4.14817182817
964	4.53082917083
964.5	4.53082917083
965	3.29105998033
965.5	3.29105998033
966	3.17827352085
966.5	3.17827352085
967	3.75363168317
967.5	3.75363168317
968	4.30123476523
968.5	4.30123476523
969	4.18097102897
969.5	4.18097102897
970	2.72415169661
970.5	2.72415169661
971	2.83579701493
971.5	2.83579701493
972	3.32819180819
972.5	3.32819180819
973	3.1313966034
973.5	3.1313966034
974	3.43050049068
974.5	3.43050049068
975	2.85806993007
975.5	2.85806993007
976	2.19547274529
976.5	2.19547274529
977	2.5474045954
977.5	2.5474045954
978	1.70994605395
978.5	1.70994605395
979	2.1556870229
979.5	2.1556870229
980.0	2.1556870229
980.5	2.65079566305
981.0	2.65079566305
981.5	3.13779020979
982.0	3.13779020979
982.5	3.38971881188
983.0	3.38971881188
983.5	3.80544510978
984.0	3.80544510978
984.5	3.6887388282
985.0	3.6887388282
985.5	2.77842376238
986.0	2.77842376238
986.5	2.49273926074
987.0	2.49273926074
987.5	2.12165079365
988.0	2.12165079365
988.5	2.01622377622
989.0	2.01622377622
989.5	2.61426496565
990.0	2.61426496565
990.5	2.7441998002
991.0	2.7441998002
991.5	2.520864222
992.0	2.520864222
992.5	2.23488511489
993.0	2.23488511489
993.5	2.70500699301
994.0	2.70500699301
994.5	2.41028571429
995.0	2.41028571429
995.5	2.08494257426
996.0	2.08494257426
996.5	2.71594005994
997.0	2.71594005994
997.5	3.22268514851
998.0	3.22268514851
998.5	2.93012277228
999.0	2.93012277228
999.5	2.53007792208
1000.0	2.53007792208
1000.5	2.47788679245
1001.0	2.47788679245
1001.5	2.26768431568
1002.0	2.26768431568
1002.5	2.59567632368
1003.0	2.59567632368
1003.5	2.68355996036
1004.0	2.68355996036
1004.5	2.07728271728
1005.0	2.07728271728
1005.5	1.88092765114
1006.0	1.88092765114
1006.5	2.74873926074
1007.0	2.74873926074
1007.5	2.66602806361
1008.0	2.66602806361
1008.5	2.29943310208
1009.0	2.29943310208
1009.5	2.0416
1010.0	2.0416
1010.5	2.67006732673
1011.0	2.67006732673
1011.5	2.75675247525
1012.0	2.75675247525
1012.5	3.12685714286
1013.0	3.12685714286
1013.5	3.30632567433
1014.0	3.30632567433
1014.5	3.16651655629
1015.0	3.16651655629
1015.5	2.49273926074
1016.0	2.49273926074
1016.5	2.27365079365
1017.0	2.27365079365
1017.5	3.36022156281
1018.0	3.36022156281
1018.5	4.24656943057
1019.0	4.24656943057
1019.5	2.81433766234
1020.0	2.81433766234
1020.5	3.68507936508
1021.0	3.68507936508
1021.5	3.86579417476
1022.0	3.86579417476
1022.5	3.91857742258
1023.0	3.91857742258
1023.5	3.12826164519
1024.0	3.12826164519
1024.5	2.6975372549
1025.0	2.6975372549
1025.5	2.75771428571
1026.0	2.75771428571
1026.5	1.76895746785
1027.0	1.76895746785
1027.5	1.94647843137
1028.0	1.94647843137
1028.5	3.28445954046
1029.0	3.28445954046
1029.5	3.28445954046
1030	3.14326852743
1030.5	3.14326852743
1031	2.76582755203
1031.5	2.76582755203
1032	2.05377254902
1032.5	2.05377254902
1033	1.90689310689
1033.5	1.90689310689
1034	2.83247940075
1034.5	2.83247940075
1035	3.04139130435
1035.5	3.04139130435
1036	3.24388023952
1036.5	3.24388023952
1037	2.34576643768
1037.5	2.34576643768
1038	2.82527072927
1038.5	2.82527072927
1039	3.19648412698
1039.5	3.19648412698
1040	2.74594059406
1040.5	2.74594059406
1041	2.9674005994
1041.5	2.9674005994
1042	2.76758811881
1042.5	2.76758811881
1043	2.95765079365
1043.5	2.95765079365
1044	2.48136237624
1044.5	2.48136237624
1045	2.30910978044
1045.5	2.30910978044
1046	2.53846706587
1046.5	2.53846706587
1047	2.08642447419
1047.5	2.08642447419
1048	2.59113686314
1048.5	2.59113686314
1049	1.95685232904
1049.5	1.95685232904
1050	1.49531881188
1050.5	1.49531881188
1051	1.49981782178
1051.5	1.49981782178
1052	1.58371257485
1052.5	1.58371257485
1053	2.16507936508
1053.5	2.16507936508
1054	2.60400798403
1054.5	2.60400798403
1055	2.78884086444
1055.5	2.78884086444
1056	1.82038811881
1056.5	1.82038811881
1057	1.13064535465
1057.5	1.13064535465
1058	1.86955444555
1058.5	1.86955444555
1059	1.86107936508
1059.5	1.86107936508
1060	1.89249011858
1060.5	1.89249011858
1061	2.05650793651
1061.5	2.05650793651
1062.0	2.05650793651
1062.5	1.83834074074
1063.0	1.83834074074
1063.5	1.74453861386
1064.0	1.74453861386
1064.5	1.41874716981
1065.0	1.41874716981
1065.5	2.44656287425
1066.0	2.44656287425
