0.0	3.0226013986
0.5	3.0226013986
1.0	3.0226013986
1.5	2.23176581681
2.0	2.23176581681
2.5	1.59173626374
3.0	1.59173626374
3.5	1.24253568119
4.0	1.24253568119
4.5	2.66861938062
5.0	2.66861938062
5.5	2.29955203171
6.0	2.29955203171
6.5	2.22866733267
7.0	2.22866733267
7.5	3.37106093906
8.0	3.37106093906
8.5	3.38216257089
9.0	3.38216257089
9.5	3.24778802748
10.0	3.24778802748
10.5	3.24812787213
11.0	3.24812787213
11.5	3.14280358923
12.0	3.14280358923
12.5	4.40786413586
13.0	4.40786413586
13.5	3.23062288557
14.0	3.23062288557
14.5	3.15017782218
15.0	3.15017782218
15.5	3.38396186845
16.0	3.38396186845
16.5	4.21825519288
17.0	4.21825519288
17.5	3.38382574257
18.0	3.38382574257
18.5	3.33895384615
19.0	3.33895384615
19.5	4.17021960784
20.0	4.17021960784
20.5	3.36593006993
21.0	3.36593006993
21.5	3.25342914172
22.0	3.25342914172
22.5	3.30770866142
23.0	3.30770866142
23.5	3.61839207921
24.0	3.61839207921
24.5	3.61839207921
25	3.32594576271
25.5	3.32594576271
26	3.82692336449
26.5	3.82692336449
27	1.54870799104
27.5	1.54870799104
28	2.79561238761
28.5	2.79561238761
29.0	2.79561238761
29.5	2.78368932039
30.0	2.78368932039
30.5	3.09969126378
31.0	3.09969126378
31.5	3.80462116716
32.0	3.80462116716
32.5	2.76267732268
33.0	2.76267732268
33.5	3.15016955333
34.0	3.15016955333
34.5	3.80644135189
35.0	3.80644135189
35.5	2.7672967033
36.0	2.7672967033
36.5	3.18066537718
37.0	3.18066537718
37.5	4.5174025974
38.0	4.5174025974
38.5	2.94541269841
39.0	2.94541269841
39.5	3.68713043478
40.0	3.68713043478
40.5	2.89233005894
41.0	2.89233005894
41.5	3.67688712871
42.0	3.67688712871
42.5	4.15006593407
43.0	4.15006593407
43.5	3.56320599251
44.0	3.56320599251
44.5	3.56320599251
45	3.37354587581
45.5	3.37354587581
46	3.52166101695
46.5	3.52166101695
47	4.24632167832
47.5	4.24632167832
48	3.181002997
48.5	3.181002997
49	2.61447328244
49.5	2.61447328244
50	3.2617245509
50.5	3.2617245509
51.0	3.2617245509
51.5	3.50822360248
52.0	3.50822360248
52.5	4.16037562438
53.0	4.16037562438
53.5	2.61577843719
54.0	2.61577843719
54.5	2.33287611497
55.0	2.33287611497
55.5	3.595996004
56.0	3.595996004
56.5	3.63252329039
57.0	3.63252329039
57.5	2.41490472378
58.0	2.41490472378
58.5	2.2725034965
59.0	2.2725034965
59.5	3.05226566885
60.0	3.05226566885
60.5	3.63881718282
61.0	3.63881718282
61.5	3.82328071928
62.0	3.82328071928
62.5	3.07761838162
63.0	3.07761838162
63.5	3.22284372177
64.0	3.22284372177
64.5	3.22284372177
65	3.38447179487
65.5	3.38447179487
66	3.44357665678
66.5	3.44357665678
67	3.88007935077
67.5	3.88007935077
68	4.27800790514
68.5	4.27800790514
69	4.35549250749
69.5	4.35549250749
70	3.41151640112
70.5	3.41151640112
71	3.34695738355
71.5	3.34695738355
72.0	3.34695738355
72.5	3.53744569939
73.0	3.53744569939
73.5	3.91257542458
74.0	3.91257542458
74.5	3.23076923077
75.0	3.23076923077
75.5	3.27730250482
76.0	3.27730250482
76.5	3.5580672994
77.0	3.5580672994
77.5	4.62724151697
78.0	4.62724151697
78.5	3.13561111111
79.0	3.13561111111
79.5	4.07604478898
80.0	4.07604478898
80.5	4.12141458541
81.0	4.12141458541
81.5	3.10589410589
82.0	3.10589410589
82.5	4.14529365079
83.0	4.14529365079
83.5	3.28258141858
84.0	3.28258141858
84.5	3.28258141858
85	2.99478310666
85.5	2.99478310666
86	3.19371028971
86.5	3.19371028971
87	3.18957842158
87.5	3.18957842158
88	4.27732267732
88.5	4.27732267732
89	3.89764243615
89.5	3.89764243615
90	3.75043356643
90.5	3.75043356643
91	2.86738095238
91.5	2.86738095238
92	3.55200798403
92.5	3.55200798403
93	4.50442357642
93.5	4.50442357642
94	3.19907177974
94.5	3.19907177974
95	3.18768431568
95.5	3.18768431568
96	2.83992063492
96.5	2.83992063492
97	2.61966467066
97.5	2.61966467066
98	2.57444400786
98.5	2.57444400786
99	2.59100917431
99.5	2.59100917431
100.0	2.59100917431
100.5	2.43159397304
101.0	2.43159397304
101.5	3.22467460317
102.0	3.22467460317
102.5	3.84248551449
103.0	3.84248551449
103.5	3.46482758621
104.0	3.46482758621
104.5	4.0763956044
105.0	4.0763956044
105.5	2.89291784703
106.0	2.89291784703
106.5	2.91146453546
107.0	2.91146453546
107.5	4.55234365634
108.0	4.55234365634
108.5	2.9050952381
109.0	2.9050952381
109.5	3.8199000999
110.0	3.8199000999
110.5	3.61367432567
111.0	3.61367432567
111.5	3.61367432567
112.0	3.61367432567
112.5	1.21471403611
113.0	1.21471403611
113.5	6.19241205053
114.0	6.19241205053
114.5	2.41634851485
115.0	2.41634851485
115.5	2.4682113659
116.0	2.4682113659
116.5	2.40098823529
117.0	2.40098823529
117.5	2.94538232373
118.0	2.94538232373
118.5	3.30434817013
119.0	3.30434817013
119.5	3.30434817013
120	3.35590714286
120.5	3.35590714286
121	4.01014185814
121.5	4.01014185814
122	4.22372827173
122.5	4.22372827173
123	4.31221428571
123.5	4.31221428571
124	3.75490693069
124.5	3.75490693069
125	3.48502970297
125.5	3.48502970297
126	2.71116039604
126.5	2.71116039604
127	2.76035964036
127.5	2.76035964036
128	3.46579020979
128.5	3.46579020979
129	3.67794240318
129.5	3.67794240318
130	3.13471145564
130.5	3.13471145564
131	3.07450049456
131.5	3.07450049456
132	3.4506481665
132.5	3.4506481665
133	3.37766336634
133.5	3.37766336634
134	2.92013706041
134.5	2.92013706041
135	3.57946053946
135.5	3.57946053946
136	3.73801398601
136.5	3.73801398601
137	3.68015873016
137.5	3.68015873016
138	1.40462574257
138.5	1.40462574257
139	2.68953446553
139.5	2.68953446553
140	2.43869177403
140.5	2.43869177403
141	2.66297804391
141.5	2.66297804391
142.0	2.66297804391
142.5	2.58785344057
143.0	2.58785344057
143.5	3.71146453546
144.0	3.71146453546
144.5	3.70623569024
145.0	3.70623569024
145.5	4.47132067932
146.0	4.47132067932
146.5	4.21551587302
147.0	4.21551587302
147.5	3.60792472198
148.0	3.60792472198
148.5	4.01147652348
149.0	4.01147652348
149.5	4.27367032967
150.0	4.27367032967
150.5	3.92452380952
151.0	3.92452380952
151.5	3.92452380952
152	3.38340769231
152.5	3.38340769231
153	4.01743056943
153.5	4.01743056943
154	3.38102675917
154.5	3.38102675917
155	3.57891929825
155.5	3.57891929825
156	3.5206552381
156.5	3.5206552381
157	3.90796694215
157.5	3.90796694215
158	2.57143529412
158.5	2.57143529412
159	4.98547852148
159.5	4.98547852148
160	4.29458870168
160.5	4.29458870168
161.0	4.29458870168
161.5	3.57901082431
162.0	3.57901082431
162.5	4.24237125749
163.0	4.24237125749
163.5	4.29158041958
164.0	4.29158041958
164.5	4.37403383085
165.0	4.37403383085
165.5	3.58692857143
166.0	3.58692857143
166.5	4.45815784216
167.0	4.45815784216
167.5	4.6087992008
168.0	4.6087992008
168.5	4.38519080919
169.0	4.38519080919
169.5	3.58555599214
170.0	3.58555599214
170.5	3.76483516484
171.0	3.76483516484
171.5	3.0941984127
172.0	3.0941984127
172.5	4.12385214785
173.0	4.12385214785
173.5	2.94734065934
174.0	2.94734065934
174.5	2.57196825397
175.0	2.57196825397
175.5	2.14247279215
176.0	2.14247279215
176.5	2.36026190476
177.0	2.36026190476
177.5	2.84871128871
178.0	2.84871128871
178.5	3.31633966034
179.0	3.31633966034
179.5	2.80574539069
180.0	2.80574539069
180.5	3.06636039604
181.0	3.06636039604
181.5	2.58143904856
182.0	2.58143904856
182.5	2.58143904856
183	0.703772831926
183.5	0.703772831926
184	1.85120792079
184.5	1.85120792079
185	1.41537254902
185.5	1.41537254902
186	2.03355044955
186.5	2.03355044955
187	1.98354806739
187.5	1.98354806739
188	2.06772427572
188.5	2.06772427572
189	2.05789990186
189.5	2.05789990186
190	2.21036091725
190.5	2.21036091725
191	2.58602163225
191.5	2.58602163225
192	2.940995005
192.5	2.940995005
193	2.6246953047
193.5	2.6246953047
194	2.7060734856
194.5	2.7060734856
195	2.33429691877
195.5	2.33429691877
196.0	2.33429691877
196.5	2.51228148148
197.0	2.51228148148
197.5	3.16533333333
198.0	3.16533333333
198.5	3.61884515485
199.0	3.61884515485
199.5	2.92061843409
200.0	2.92061843409
200.5	2.78437562438
201.0	2.78437562438
201.5	2.44210109019
202.0	2.44210109019
202.5	1.67704285714
203.0	1.67704285714
203.5	1.80213333333
204.0	1.80213333333
204.5	1.80213333333
205	1.69111074651
205.5	1.69111074651
206	2.39519207921
206.5	2.39519207921
207	2.65744655345
207.5	2.65744655345
208	2.97345054945
208.5	2.97345054945
209	1.5644035964
209.5	1.5644035964
210	2.48252547453
210.5	2.48252547453
211	2.50553326713
211.5	2.50553326713
212	1.95295841584
212.5	1.95295841584
213	1.8886496695
213.5	1.8886496695
214	2.3489395441
214.5	2.3489395441
215	1.42701176471
215.5	1.42701176471
216	1.05714285714
216.5	1.05714285714
217	1.96811100099
217.5	1.96811100099
218	2.7077002997
218.5	2.7077002997
219	2.18961904762
219.5	2.18961904762
220	2.76606593407
220.5	2.76606593407
221	2.27775424575
221.5	2.27775424575
222	2.33397026759
222.5	2.33397026759
223	3.31271928072
223.5	3.31271928072
224	2.60645084409
224.5	2.60645084409
225	2.70856343656
225.5	2.70856343656
226	2.15325272547
226.5	2.15325272547
227	2.24127872128
227.5	2.24127872128
228	1.64564519326
228.5	1.64564519326
229	1.79435514019
229.5	1.79435514019
230.0	1.79435514019
230.5	0.631726829268
231.0	0.631726829268
231.5	2.56365384615
232.0	2.56365384615
232.5	1.83122376238
233.0	1.83122376238
233.5	1.66286732673
234.0	1.66286732673
234.5	0.975207920792
235.0	0.975207920792
235.5	0.88827961165
236.0	0.88827961165
236.5	1.84768831169
237.0	1.84768831169
237.5	1.45844752475
238.0	1.45844752475
238.5	1.87144055944
239.0	1.87144055944
239.5	2.36685714286
240.0	2.36685714286
240.5	1.63454258121
241.0	1.63454258121
241.5	1.90707326733
242.0	1.90707326733
242.5	2.55833766234
243.0	2.55833766234
243.5	1.80259375
244.0	1.80259375
244.5	1.84364577114
245.0	1.84364577114
245.5	1.84038095238
246.0	1.84038095238
246.5	2.54889990089
247.0	2.54889990089
247.5	2.33109290709
248.0	2.33109290709
248.5	2.12415873016
249.0	2.12415873016
249.5	2.23278321678
250.0	2.23278321678
250.5	2.59171343284
251.0	2.59171343284
251.5	0.495186440678
252.0	0.495186440678
252.5	1.23543656344
253.0	1.23543656344
253.5	1.44390147783
254.0	1.44390147783
254.5	1.44390147783
255	1.96430769231
255.5	1.96430769231
256	0.912825396825
256.5	0.912825396825
257	0.974243323442
257.5	0.974243323442
258	1.09548463826
258.5	1.09548463826
259	0.801511374876
259.5	0.801511374876
260	1.1605629336
260.5	1.1605629336
261	1.07211333333
261.5	1.07211333333
262	1.53866138614
262.5	1.53866138614
263	1.13797037037
263.5	1.13797037037
264	1.2901018981
264.5	1.2901018981
265	1.07485714286
265.5	1.07485714286
266	0.85764122894
266.5	0.85764122894
267.0	0.85764122894
267.5	1.32586356073
268.0	1.32586356073
268.5	1.63942857143
269.0	1.63942857143
269.5	1.1367049505
270.0	1.1367049505
270.5	1.479208619
271.0	1.479208619
271.5	1.33410505451
272.0	1.33410505451
272.5	1.12421178821
273.0	1.12421178821
273.5	1.12802378593
274.0	1.12802378593
274.5	1.03864135864
275.0	1.03864135864
275.5	2.66698007968
276.0	2.66698007968
276.5	1.15941386139
277.0	1.15941386139
277.5	0.808239520958
278.0	0.808239520958
278.5	0.923634936212
279.0	0.923634936212
279.5	0.856864222002
280.0	0.856864222002
280.5	0.607397423191
281.0	0.607397423191
281.5	0.528737254902
282.0	0.528737254902
282.5	0.877687128713
283.0	0.877687128713
283.5	0.67180990099
284.0	0.67180990099
284.5	0.815435294118
285.0	0.815435294118
285.5	1.33747472745
286.0	1.33747472745
286.5	1.66868910891
287.0	1.66868910891
287.5	1.10747722772
288.0	1.10747722772
288.5	1.7337029703
289.0	1.7337029703
289.5	2.08557842158
290.0	2.08557842158
290.5	1.98439840637
291.0	1.98439840637
291.5	1.98292277228
292.0	1.98292277228
292.5	1.72273053892
293.0	1.72273053892
293.5	2.09917460317
294.0	2.09917460317
294.5	1.38379285714
295.0	1.38379285714
295.5	1.14971655104
296.0	1.14971655104
296.5	1.14971655104
297	1.16
297.5	1.16
298	1.59758490566
298.5	1.59758490566
299	0.650138613861
299.5	0.650138613861
300	0.738930693069
300.5	0.738930693069
301	0.890541176471
301.5	0.890541176471
302	0.642859405941
302.5	0.642859405941
303	1.24636963037
303.5	1.24636963037
304	1.03816474756
304.5	1.03816474756
305	0.975207920792
305.5	0.975207920792
306	0.836894117647
306.5	0.836894117647
307	1.00777622378
307.5	1.00777622378
308	1.08473405299
308.5	1.08473405299
309	1.03782970297
309.5	1.03782970297
310	1.5494970297
310.5	1.5494970297
311	1.72742457542
311.5	1.72742457542
312	1.84451587302
312.5	1.84451587302
313	2.00459405941
313.5	2.00459405941
314	0.889934065934
314.5	0.889934065934
315	0.640571428571
315.5	0.640571428571
316	0.467057225994
316.5	0.467057225994
317	0.393516034985
317.5	0.393516034985
318	0.874645354645
318.5	0.874645354645
319	0.856015841584
319.5	0.856015841584
320	0.718337662338
320.5	0.718337662338
321	1.05251422964
321.5	1.05251422964
322	0.634278978389
322.5	0.634278978389
323	0.415832167832
323.5	0.415832167832
324	0.59596039604
324.5	0.59596039604
325.0	0.59596039604
325.5	0.397377821394
326.0	0.397377821394
326.5	0.476768316832
327.0	0.476768316832
327.5	0.307865612648
328.0	0.307865612648
328.5	0.26333012512
329.0	0.26333012512
329.5	0.240527472527
330.0	0.240527472527
330.5	0.294646153846
331.0	0.294646153846
331.5	0.357784615385
332.0	0.357784615385
332.5	0.237464150943
333.0	0.237464150943
333.5	0.191440233236
334.0	0.191440233236
334.5	0.242030769231
335.0	0.242030769231
335.5	0.242030769231
336	0.108954280964
336.5	0.108954280964
337	0.283505355404
337.5	0.283505355404
338	0.233982507289
338.5	0.233982507289
339	0.400918811881
339.5	0.400918811881
340	0.292562376238
340.5	0.292562376238
341	0.257505882353
341.5	0.257505882353
342	0.306052073288
342.5	0.306052073288
343	0.115402460457
343.5	0.115402460457
344	0.126520231214
344.5	0.126520231214
345	0.111569972196
345.5	0.111569972196
346.0	0.111569972196
346.5	0.107031784841
347.0	0.107031784841
347.5	0.393977859779
348.0	0.393977859779
348.5	0.107677996422
349.0	0.107677996422
349.5	0.107610619469
350.0	0.107610619469
350.5	0.105332050048
351.0	0.105332050048
351.5	0.139540983607
352.0	0.139540983607
352.5	0.139540983607
353	0.117572068039
353.5	0.117572068039
354	0.128626836435
354.5	0.128626836435
355	0.24795
355.5	0.24795
356	0.22162391514
356.5	0.22162391514
357	0.422172106825
357.5	0.422172106825
358	0.373550539745
358.5	0.373550539745
359	0.802632309217
359.5	0.802632309217
360	0.771761018609
360.5	0.771761018609
361	0.852203796204
361.5	0.852203796204
362	1.07144055944
362.5	1.07144055944
363	1.75502097902
363.5	1.75502097902
364.0	1.75502097902
364.5	2.01624678663
365.0	2.01624678663
365.5	2.24127872128
366.0	2.24127872128
366.5	1.53155203171
367.0	1.53155203171
367.5	2.24127872128
368.0	2.24127872128
368.5	1.49571511068
369.0	1.49571511068
369.5	1.45152306353
370.0	1.45152306353
370.5	1.44114059406
371.0	1.44114059406
371.5	1.52933994054
372.0	1.52933994054
372.5	1.85106231454
373.0	1.85106231454
373.5	1.82038811881
374.0	1.82038811881
374.5	1.4524039604
375.0	1.4524039604
375.5	1.93515284715
376.0	1.93515284715
376.5	2.10502845927
377.0	2.10502845927
377.5	1.89623762376
378.0	1.89623762376
378.5	1.89623762376
379.0	1.89623762376
379.5	1.89623762376
380.0	1.89623762376
380.5	1.89623762376
381.0	1.89623762376
381.5	1.89623762376
382.0	1.89623762376
382.5	1.89623762376
383.0	1.89623762376
383.5	1.89623762376
384	0.189523624595
384.5	0.189523624595
385	5.26612277228
385.5	5.26612277228
386	0.708141176471
386.5	0.708141176471
387	1.47596403596
387.5	1.47596403596
388	1.14387426326
388.5	1.14387426326
389	0.557586413586
389.5	0.557586413586
390	1.10633102081
390.5	1.10633102081
391	0.912
391.5	0.912
392	0.67180990099
392.5	0.67180990099
393	0.606796039604
393.5	0.606796039604
394	1.16770847458
394.5	1.16770847458
395	2.32874325674
395.5	2.32874325674
396	1.63568141593
396.5	1.63568141593
397	1.76839880359
397.5	1.76839880359
398	2.50367232767
398.5	2.50367232767
399.0	2.50367232767
399.5	1.9208206839
400.0	1.9208206839
400.5	1.83303865213
401.0	1.83303865213
401.5	1.52480632411
402.0	1.52480632411
402.5	1.54171428571
403.0	1.54171428571
403.5	1.55984815185
404.0	1.55984815185
404.5	2.17568031968
405.0	2.17568031968
405.5	1.3977980198
406.0	1.3977980198
406.5	1.0560952381
407.0	1.0560952381
407.5	1.33278415842
408.0	1.33278415842
408.5	1.85676646707
409.0	1.85676646707
409.5	4.49911538462
410.0	4.49911538462
410.5	0.681970326409
411.0	0.681970326409
411.5	0.615407685098
412.0	0.615407685098
412.5	1.14971655104
413.0	1.14971655104
413.5	0.567385842473
414.0	0.567385842473
414.5	0.512673040153
415.0	0.512673040153
415.5	0.512673040153
416	0.413918305598
416.5	0.413918305598
417.0	0.413918305598
417.5	0.413918305598
418.0	0.413918305598
418.5	0.12584376157
419.0	0.12584376157
419.5	0.699017964072
420.0	0.699017964072
420.5	1.52330108588
421.0	1.52330108588
421.5	1.52330108588
422	0.543692307692
422.5	0.543692307692
423	0.618243805748
423.5	0.618243805748
424.0	0.618243805748
424.5	0.259221317543
425.0	0.259221317543
425.5	0.100515337423
426.0	0.100515337423
426.5	0.700007246377
427.0	0.700007246377
427.5	0.700007246377
428	0.175728813559
428.5	0.175728813559
429	0.865921830315
429.5	0.865921830315
430	0.563453465347
430.5	0.563453465347
431	1.4417245509
431.5	1.4417245509
432	1.45115679443
432.5	1.45115679443
433	1.32194851485
433.5	1.32194851485
434	0.964372277228
434.5	0.964372277228
435	1.07294117647
435.5	1.07294117647
436	0.429176470588
436.5	0.429176470588
437	0.751058823529
437.5	0.751058823529
438	0.537132673267
438.5	0.537132673267
439	0.680015533981
439.5	0.680015533981
440	0.954917647059
440.5	0.954917647059
441	0.34000776699
441.5	0.34000776699
442	0.830913086913
442.5	0.830913086913
443.0	0.830913086913
443.5	0.199162875341
444.0	0.199162875341
444.5	0.300423529412
445.0	0.300423529412
445.5	0.628467326733
446.0	0.628467326733
446.5	0.866851485149
447.0	0.866851485149
447.5	0.294826168224
448.0	0.294826168224
448.5	1.1238694362
449.0	1.1238694362
449.5	2.93220717131
450.0	2.93220717131
450.5	2.45014925373
451.0	2.45014925373
451.5	1.59641158841
452.0	1.59641158841
452.5	2.46212884044
453.0	2.46212884044
453.5	1.86691764706
454.0	1.86691764706
454.5	0.890541176471
455.0	0.890541176471
455.5	0.725114018692
456.0	0.725114018692
456.5	0.805495583906
457.0	0.805495583906
457.5	1.01855049505
458.0	1.01855049505
458.5	0.750323212537
459.0	0.750323212537
459.5	0.407717647059
460.0	0.407717647059
460.5	1.99573439049
461.0	1.99573439049
461.5	2.25221178821
462.0	2.25221178821
462.5	2.25221178821
463	0.77887584929
463.5	0.77887584929
464	0.769330693069
464.5	0.769330693069
465	0.761788235294
465.5	0.761788235294
466.0	0.761788235294
466.5	1.13731764706
467.0	1.13731764706
467.5	1.79871683168
468.0	1.79871683168
468.5	1.10502524272
469.0	1.10502524272
469.5	0.715152475248
470.0	0.715152475248
470.5	0.569776031434
471.0	0.569776031434
471.5	0.861131474104
472.0	0.861131474104
472.5	0.468420233463
473.0	0.468420233463
473.5	0.433425742574
474.0	0.433425742574
474.5	0.541782178218
475.0	0.541782178218
475.5	0.390083168317
476.0	0.390083168317
476.5	0.119389090909
477.0	0.119389090909
477.5	0.530421364985
478.0	0.530421364985
478.5	0.791001980198
479.0	0.791001980198
479.5	2.37650294695
480.0	2.37650294695
480.5	0.287160349854
481.0	0.287160349854
481.5	2.41648675172
482.0	2.41648675172
482.5	0.758828322017
483.0	0.758828322017
483.5	0.27625631068
484.0	0.27625631068
484.5	0.282005946482
485.0	0.282005946482
485.5	0.497946587537
486.0	0.497946587537
486.5	0.770857142857
487.0	0.770857142857
487.5	0.76781027668
488.0	0.76781027668
488.5	0.725988118812
489.0	0.725988118812
489.5	0.560325074331
490.0	0.560325074331
490.5	0.885578421578
491.0	0.885578421578
491.5	0.911096134787
492.0	0.911096134787
492.5	0.833519287834
493.0	0.833519287834
493.5	0.614220456802
494.0	0.614220456802
494.5	0.732515484515
495.0	0.732515484515
495.5	0.509275247525
496.0	0.509275247525
496.5	0.509275247525
497	0.660974257426
497.5	0.660974257426
498	0.474788118812
498.5	0.474788118812
499	0.24921980198
499.5	0.24921980198
500	0.177188571429
500.5	0.177188571429
501	0.178720461095
501.5	0.178720461095
502	0.693481188119
502.5	0.693481188119
503	0.984275630252
503.5	0.984275630252
504	1.39482352941
504.5	1.39482352941
505	1.04918811881
505.5	1.04918811881
506	0.804705882353
506.5	0.804705882353
507	0.253568118628
507.5	0.253568118628
508	0.109221556886
508.5	0.109221556886
509	0.581412462908
509.5	0.581412462908
510.0	0.581412462908
510.5	1.16691211841
511.0	1.16691211841
511.5	1.77800599401
512.0	1.77800599401
512.5	1.22929182879
513.0	1.22929182879
513.5	1.37278721279
514.0	1.37278721279
514.5	1.24000696864
515.0	1.24000696864
515.5	1.09414585415
516.0	1.09414585415
516.5	1.01802180377
517.0	1.01802180377
517.5	1.50206132542
518.0	1.50206132542
518.5	1.6465980198
519.0	1.6465980198
519.5	1.20631912785
520.0	1.20631912785
520.5	1.8878243513
521.0	1.8878243513
521.5	1.11188428158
522.0	1.11188428158
522.5	0.497907188353
523.0	0.497907188353
523.5	0.497907188353
524	0.828833625219
524.5	0.828833625219
525	1.13490584737
525.5	1.13490584737
526	1.16795333333
526.5	1.16795333333
527	1.0944
527.5	1.0944
528	0.829063788027
528.5	0.829063788027
529	1.05941565217
529.5	1.05941565217
530.0	1.05941565217
530.5	1.27246942149
531.0	1.27246942149
531.5	1.39268118812
532.0	1.39268118812
532.5	1.2241046729
533.0	1.2241046729
533.5	1.14857821782
534.0	1.14857821782
534.5	0.350328712871
535.0	0.350328712871
535.5	0.90862751972
536.0	0.90862751972
536.5	1.51965906838
537.0	1.51965906838
537.5	1.45197623762
538.0	1.45197623762
538.5	1.11632475248
539.0	1.11632475248
539.5	0.785234421365
540.0	0.785234421365
540.5	1.10633102081
541.0	1.10633102081
541.5	0.738964705882
542.0	0.738964705882
542.5	1.30156590684
543.0	1.30156590684
543.5	0.511469740634
544.0	0.511469740634
544.5	0.511469740634
545	1.16144262295
545.5	1.16144262295
546	0.697861386139
546.5	0.697861386139
547	1.2460990099
547.5	1.2460990099
548	0.93017029703
548.5	0.93017029703
549	1.73835764236
549.5	1.73835764236
550	0.958838076546
550.5	0.958838076546
551	1.19192079208
551.5	1.19192079208
552	1.09908118812
552.5	1.09908118812
553	1.17628263003
553.5	1.17628263003
554	1.17881568627
554.5	1.17881568627
555	1.81327058824
555.5	1.81327058824
556	1.51519207921
556.5	1.51519207921
557	1.28494257426
557.5	1.28494257426
558	1.45847976308
558.5	1.45847976308
559	0.951522862823
559.5	0.951522862823
560	0.736823762376
560.5	0.736823762376
561	0.423008919722
561.5	0.423008919722
562	0.368047477745
562.5	0.368047477745
563	0.310124670764
563.5	0.310124670764
564.0	1.10423976024
564.5	1.10423976024
565.0	1.10423976024
565.5	0.897825396825
566.0	0.897825396825
566.5	1.25411165524
567.0	1.25411165524
567.5	0.927360639361
568.0	0.927360639361
568.5	1.08822200198
569.0	1.08822200198
569.5	1.24132336449
570.0	1.24132336449
570.5	1.05209910803
571.0	1.05209910803
571.5	0.530085914086
572.0	0.530085914086
572.5	0.812673267327
573.0	0.812673267327
573.5	0.858590078329
574.0	0.858590078329
574.5	0.910194059406
575.0	0.910194059406
575.5	1.18023529412
576.0	1.18023529412
576.5	1.17299009901
577.0	1.17299009901
577.5	1.14857821782
578.0	1.14857821782
578.5	0.90396031746
579.0	0.90396031746
579.5	0.643764705882
580.0	0.643764705882
580.5	0.87203187251
581.0	0.87203187251
581.5	0.847698113208
582.0	0.847698113208
582.5	0.790319921492
583.0	0.790319921492
583.5	0.790319921492
584	0.6103744
584.5	0.6103744
585	0.423008919722
585.5	0.423008919722
586	0.392752667313
586.5	0.392752667313
587	0.292852329039
587.5	0.292852329039
588	0.216712871287
588.5	0.216712871287
589	0.246776470588
589.5	0.246776470588
590.0	0.246776470588
590.5	0.246776470588
591.0	0.246776470588
591.5	0.666156521739
592.0	0.666156521739
592.5	0.360791208791
593.0	0.360791208791
593.5	0.547516483516
594.0	0.547516483516
594.5	1.49117009346
595.0	1.49117009346
595.5	1.83640816327
596.0	1.83640816327
596.5	1.49657542458
597.0	1.49657542458
597.5	1.68414785215
598.0	1.68414785215
598.5	1.55701375246
599.0	1.55701375246
599.5	1.45418733274
600.0	1.45418733274
600.5	1.92998811881
601.0	1.92998811881
601.5	1.92998811881
602	1.88207819288
602.5	1.88207819288
603	2.30922636103
603.5	2.30922636103
604	2.11215984016
604.5	2.11215984016
605	1.69176186368
605.5	1.69176186368
606	2.33772627373
606.5	2.33772627373
607	1.57291176471
607.5	1.57291176471
608	2.02952247752
608.5	2.02952247752
609.0	2.02952247752
609.5	1.33493237151
610.0	1.33493237151
610.5	1.89092507493
611.0	1.89092507493
611.5	1.66155294118
612.0	1.66155294118
612.5	1.72034634975
613.0	1.72034634975
613.5	1.87326792453
614.0	1.87326792453
614.5	1.43396173913
615.0	1.43396173913
615.5	1.69942178218
616.0	1.69942178218
616.5	1.29498501499
617.0	1.29498501499
617.5	1.29498501499
618	1.09444253323
618.5	1.09444253323
619	1.48344666667
619.5	1.48344666667
620	1.95298301698
620.5	1.95298301698
621	2.07064935065
621.5	2.07064935065
622.0	2.07064935065
622.5	1.73280141844
623.0	1.73280141844
623.5	1.83884543126
624.0	1.83884543126
624.5	1.92069974769
625.0	1.92069974769
625.5	2.02218581419
626.0	2.02218581419
626.5	2.02218581419
627	1.24602729754
627.5	1.24602729754
628	1.45696703297
628.5	1.45696703297
629	1.18832100992
629.5	1.18832100992
630	1.76073663366
630.5	1.76073663366
631	1.46846753247
631.5	1.46846753247
632	1.4769500998
632.5	1.4769500998
633	1.50549450549
633.5	1.50549450549
634	1.27879800995
634.5	1.27879800995
635	0.853391596639
635.5	0.853391596639
636.0	0.853391596639
636.5	0.840422791082
637.0	0.840422791082
637.5	0.710649350649
638.0	0.710649350649
638.5	0.966497064579
639.0	0.966497064579
639.5	1.13991724138
640.0	1.13991724138
640.5	0.556514851485
641.0	0.556514851485
641.5	0.898070175439
642.0	0.898070175439
642.5	0.968623376623
643.0	0.968623376623
643.5	0.426312138728
644.0	0.426312138728
644.5	0.958815384615
645.0	0.958815384615
645.5	1.41514485514
646.0	1.41514485514
646.5	1.37085940594
647.0	1.37085940594
647.5	1.19531417245
648.0	1.19531417245
648.5	1.04108691309
649.0	1.04108691309
649.5	1.62854282964
650.0	1.62854282964
650.5	1.62854282964
651	1.47520802005
651.5	1.47520802005
652	1.56842030276
652.5	1.56842030276
653	1.70163726462
653.5	1.70163726462
654	0.551332038835
654.5	0.551332038835
655	0.786943620178
655.5	0.786943620178
656	1.31717227723
656.5	1.31717227723
657	1.48294617564
657.5	1.48294617564
658	1.48055555556
658.5	1.48055555556
659	1.45701386139
659.5	1.45701386139
660.0	1.45701386139
660.5	1.10438899083
661.0	1.10438899083
661.5	1.41783151635
662.0	1.41783151635
662.5	0.965811764706
663.0	0.965811764706
663.5	1.47524587315
664.0	1.47524587315
664.5	1.90206084396
665.0	1.90206084396
665.5	2.05630588235
666.0	2.05630588235
666.5	1.91771428571
667.0	1.91771428571
667.5	1.53165668663
668.0	1.53165668663
668.5	1.4163968254
669.0	1.4163968254
669.5	1.40704761905
670.0	1.40704761905
670.5	1.45767920792
671.0	1.45767920792
671.5	0.703450434783
672.0	0.703450434783
672.5	0.703450434783
673	1.33383911939
673.5	1.33383911939
674	1.32318802619
674.5	1.32318802619
675	1.71267132867
675.5	1.71267132867
676	1.38032264334
676.5	1.38032264334
677	1.84788023952
677.5	1.84788023952
678	1.69700492611
678.5	1.69700492611
679	1.21030029441
679.5	1.21030029441
680	1.31673926074
680.5	1.31673926074
681.0	1.31673926074
681.5	1.19107692308
682.0	1.19107692308
682.5	1.42829306931
683.0	1.42829306931
683.5	1.14512268908
684.0	1.14512268908
684.5	0.967722772277
685.0	0.967722772277
685.5	1.07323137255
686.0	1.07323137255
686.5	1.25832871287
687.0	1.25832871287
687.5	1.25832871287
688	1.39792294807
688.5	1.39792294807
689	1.79171371769
689.5	1.79171371769
690	1.02388976378
690.5	1.02388976378
691	1.10352380952
691.5	1.10352380952
692	1.10824327019
692.5	1.10824327019
693	1.36046353646
693.5	1.36046353646
694	1.44437661051
694.5	1.44437661051
695	0.751954674221
695.5	0.751954674221
696	0.661520792079
696.5	0.661520792079
697	0.925785714286
697.5	0.925785714286
698	0.704974310181
698.5	0.704974310181
699	0.118724637681
699.5	0.118724637681
700.0	0.118724637681
700.5	1.14546166395
701.0	1.14546166395
701.5	0.48857254902
702.0	0.48857254902
702.5	1.52389620758
703.0	1.52389620758
703.5	1.28082539683
704.0	1.28082539683
704.5	1.46336926148
705.0	1.46336926148
705.5	1.59218074656
706.0	1.59218074656
706.5	1.20664135864
707.0	1.20664135864
707.5	1.44914177694
708.0	1.44914177694
708.5	1.65442714571
709.0	1.65442714571
709.5	1.08138646895
710.0	1.08138646895
710.5	1.25410196078
711.0	1.25410196078
711.5	1.20927968597
712.0	1.20927968597
712.5	1.04471647165
713.0	1.04471647165
713.5	1.04471647165
714	1.19680714286
714.5	1.19680714286
715	1.36436435644
715.5	1.36436435644
716	1.20154302671
716.5	1.20154302671
717	0.811532923617
717.5	0.811532923617
718	0.987049085659
718.5	0.987049085659
719	1.31702697303
719.5	1.31702697303
720	1.35947722772
720.5	1.35947722772
721	1.30595044599
721.5	1.30595044599
722	1.22355244755
722.5	1.22355244755
723	1.25358176412
723.5	1.25358176412
724	1.01762376238
724.5	1.01762376238
725	1.31764235764
725.5	1.31764235764
726	0.989514360313
726.5	0.989514360313
727	1.59194411178
727.5	1.59194411178
728	1.61853045187
728.5	1.61853045187
729.0	1.61853045187
729.5	1.27023740393
730.0	1.27023740393
730.5	1.54353221011
731.0	1.54353221011
731.5	1.08318431373
732.0	1.08318431373
732.5	1.31695841584
733.0	1.31695841584
733.5	1.40892673267
734.0	1.40892673267
734.5	1.48477122877
735.0	1.48477122877
735.5	1.44423609923
736.0	1.44423609923
736.5	1.66457542458
737.0	1.66457542458
737.5	1.15527672328
738.0	1.15527672328
738.5	1.15527672328
739	1.35004713805
739.5	1.35004713805
740	1.38418217822
740.5	1.38418217822
741	1.23864680105
741.5	1.23864680105
742	1.43311000991
742.5	1.43311000991
743	1.15920761905
743.5	1.15920761905
744	1.60698501499
744.5	1.60698501499
745	1.25501684836
745.5	1.25501684836
746	1.37269130869
746.5	1.37269130869
747	1.45051251079
747.5	1.45051251079
748	1.64823976024
748.5	1.64823976024
749	1.06007096172
749.5	1.06007096172
750	1.47964980545
750.5	1.47964980545
751	2.05396203796
751.5	2.05396203796
752.0	2.05396203796
752.5	1.66242019838
753.0	1.66242019838
753.5	1.74850909091
754.0	1.74850909091
754.5	1.7016152381
755.0	1.7016152381
755.5	1.4406953047
756.0	1.4406953047
756.5	1.23986997434
757.0	1.23986997434
757.5	1.23986997434
758	1.35633391304
758.5	1.35633391304
759	1.35412180747
759.5	1.35412180747
760	1.08314110429
760.5	1.08314110429
761	1.03203996004
761.5	1.03203996004
762	1.16128884652
762.5	1.16128884652
763	1.64317282717
763.5	1.64317282717
764	1.38624695652
764.5	1.38624695652
765	2.29920958084
765.5	2.29920958084
766	1.31772790467
766.5	1.31772790467
767	1.35037762238
767.5	1.35037762238
768	1.37662912621
768.5	1.37662912621
769	1.75159240759
769.5	1.75159240759
770.0	1.75159240759
770.5	1.48785628743
771.0	1.48785628743
771.5	1.67827437446
772.0	1.67827437446
772.5	1.43890439276
773.0	1.43890439276
773.5	1.43890439276
774	1.29528888889
774.5	1.29528888889
775	1.55632666667
775.5	1.55632666667
776	1.45252857143
776.5	1.45252857143
777	1.29274725275
777.5	1.29274725275
778	1.14943811395
778.5	1.14943811395
779	1.33392822502
779.5	1.33392822502
780.0	1.33392822502
780.5	1.36114509804
781.0	1.36114509804
781.5	1.4386013986
782.0	1.4386013986
782.5	1.23527941176
783.0	1.23527941176
783.5	1.57991864407
784.0	1.57991864407
784.5	1.76711288711
785.0	1.76711288711
785.5	1.72255489022
786.0	1.72255489022
786.5	1.6288458498
787.0	1.6288458498
787.5	1.64978926441
788.0	1.64978926441
788.5	1.55301498501
789.0	1.55301498501
789.5	1.86555731225
790.0	1.86555731225
790.5	1.61415506958
791.0	1.61415506958
791.5	1.57842714571
792.0	1.57842714571
792.5	1.33061645193
793.0	1.33061645193
793.5	1.31436381136
794.0	1.31436381136
794.5	1.45393062438
795.0	1.45393062438
795.5	1.28953446553
796.0	1.28953446553
796.5	1.05308235294
797.0	1.05308235294
797.5	1.50767632368
798.0	1.50767632368
798.5	1.55965873016
799.0	1.55965873016
799.5	1.40823099134
800.0	1.40823099134
800.5	1.40823099134
801	1.8112605042
801.5	1.8112605042
802	1.83051144279
802.5	1.83051144279
803	1.83623482587
803.5	1.83623482587
804	1.85795728155
804.5	1.85795728155
805	1.9744510978
805.5	1.9744510978
806	1.34422993062
806.5	1.34422993062
807	1.86247352647
807.5	1.86247352647
808	1.7621194605
808.5	1.7621194605
809	2.08274925075
809.5	2.08274925075
810	1.84723539823
810.5	1.84723539823
811	1.88528271728
811.5	1.88528271728
812	1.91734665335
812.5	1.91734665335
813	1.65508183633
813.5	1.65508183633
814	1.52103013699
814.5	1.52103013699
815	2.02757242757
815.5	2.02757242757
816.0	2.02757242757
816.5	1.59272984942
817.0	1.59272984942
817.5	1.96862337662
818.0	1.96862337662
818.5	2.19608391608
819.0	2.19608391608
819.5	1.54644274809
820.0	1.54644274809
820.5	1.82359962229
821.0	1.82359962229
821.5	1.37655500496
822.0	1.37655500496
822.5	1.79215184815
823.0	1.79215184815
823.5	1.98069189189
824.0	1.98069189189
824.5	2.36497102897
825.0	2.36497102897
825.5	2.36497102897
826	1.52122058824
826.5	1.52122058824
827	1.9756963037
827.5	1.9756963037
828	1.69338661339
828.5	1.69338661339
829	1.32333397498
829.5	1.32333397498
830	1.5059756782
830.5	1.5059756782
831	0.984281081081
831.5	0.984281081081
832	1.56227326733
832.5	1.56227326733
833	1.72579009901
833.5	1.72579009901
834	1.59031428571
834.5	1.59031428571
835	1.55491538462
835.5	1.55491538462
836	1.41449653808
836.5	1.41449653808
837	1.47993606394
837.5	1.47993606394
838	1.48134265734
838.5	1.48134265734
839.0	1.48134265734
839.5	1.41829056924
840.0	1.41829056924
840.5	1.46459449541
841.0	1.46459449541
841.5	1.67461979648
842.0	1.67461979648
842.5	1.74417196262
843.0	1.74417196262
843.5	1.5856329588
844.0	1.5856329588
844.5	1.58916779825
845.0	1.58916779825
845.5	1.58916779825
846	1.92926353791
846.5	1.92926353791
847	1.51775648703
847.5	1.51775648703
848	1.57119047619
848.5	1.57119047619
849	1.49855744256
849.5	1.49855744256
850	1.73588811189
850.5	1.73588811189
851	1.21588095238
851.5	1.21588095238
852	1.61766063738
852.5	1.61766063738
853	1.63233333333
853.5	1.63233333333
854	1.46414385614
854.5	1.46414385614
855	1.77688800793
855.5	1.77688800793
856.0	1.77688800793
856.5	1.69264917396
857.0	1.69264917396
857.5	1.60991559633
858.0	1.60991559633
858.5	1.5681255161
859.0	1.5681255161
859.5	1.63770653096
860.0	1.63770653096
860.5	1.79068263473
861.0	1.79068263473
861.5	1.79068263473
862	1.4805409015
862.5	1.4805409015
863	1.82344055944
863.5	1.82344055944
864	1.55922157996
864.5	1.55922157996
865	1.36019161677
865.5	1.36019161677
866	1.7338388998
866.5	1.7338388998
867	1.54500699301
867.5	1.54500699301
868	2.08591082803
868.5	2.08591082803
869	1.37019074599
869.5	1.37019074599
870.0	1.37019074599
870.5	1.33228429752
871.0	1.33228429752
871.5	1.68997090909
872.0	1.68997090909
872.5	1.9238041958
873.0	1.9238041958
873.5	1.9030969031
874.0	1.9030969031
874.5	1.21141960784
875.0	1.21141960784
875.5	1.68951698113
876.0	1.68951698113
876.5	1.71142322097
877.0	1.71142322097
877.5	1.66071754212
878.0	1.66071754212
878.5	1.30106415094
879.0	1.30106415094
879.5	1.62792015968
880.0	1.62792015968
880.5	1.62792015968
881	1.55531105398
881.5	1.55531105398
882	2.21802197802
882.5	2.21802197802
883	1.54772427572
883.5	1.54772427572
884	1.49481718282
884.5	1.49481718282
885	1.54213763806
885.5	1.54213763806
886	1.39090509491
886.5	1.39090509491
887	1.65094105894
887.5	1.65094105894
888	1.326127378
888.5	1.326127378
889.0	1.326127378
889.5	1.54861629048
890.0	1.54861629048
890.5	1.42507428571
891.0	1.42507428571
891.5	1.6147580512
892.0	1.6147580512
892.5	1.82279441118
893.0	1.82279441118
893.5	1.7748156638
894.0	1.7748156638
894.5	1.62958693564
895.0	1.62958693564
895.5	1.62958693564
896	1.76616360601
896.5	1.76616360601
897	1.77746759721
897.5	1.77746759721
898	0.910361359571
898.5	0.910361359571
899	1.55793806194
899.5	1.55793806194
900	1.65416651076
900.5	1.65416651076
901	1.13848551449
901.5	1.13848551449
902	1.24732888465
902.5	1.24732888465
903.0	1.24732888465
903.5	1.45219650291
904.0	1.45219650291
904.5	1.41539257981
905.0	1.41539257981
905.5	1.52636491228
906.0	1.52636491228
906.5	1.9508403526
907.0	1.9508403526
907.5	1.92987908821
908.0	1.92987908821
908.5	1.51528829686
909.0	1.51528829686
909.5	2.69034965035
910.0	2.69034965035
910.5	1.99947252747
911.0	1.99947252747
911.5	2.0845954046
912.0	2.0845954046
912.5	2.0845954046
913	1.62294459103
913.5	1.62294459103
914	2.01816583417
914.5	2.01816583417
915	1.55771428571
915.5	1.55771428571
916	1.67612774451
916.5	1.67612774451
917	1.73630828516
917.5	1.73630828516
918	1.59526336634
918.5	1.59526336634
919	1.48115643564
919.5	1.48115643564
920	1.37365544554
920.5	1.37365544554
921	1.46301782178
921.5	1.46301782178
922	1.17387155963
922.5	1.17387155963
923	1.13014736842
923.5	1.13014736842
924	1.22451148851
924.5	1.22451148851
925	1.71180178394
925.5	1.71180178394
926.0	1.71180178394
926.5	1.29442105263
927.0	1.29442105263
927.5	1.62913086913
928.0	1.62913086913
928.5	1.42178107607
929.0	1.42178107607
929.5	1.55646666667
930.0	1.55646666667
930.5	1.50775327103
931.0	1.50775327103
931.5	1.60455445545
932.0	1.60455445545
932.5	1.53846321526
933.0	1.53846321526
933.5	1.53846321526
934	1.37010086957
934.5	1.37010086957
935	1.72917482517
935.5	1.72917482517
936	1.84070634921
936.5	1.84070634921
937	1.32363921569
937.5	1.32363921569
938	1.17175221239
938.5	1.17175221239
939	1.25692561983
939.5	1.25692561983
940	1.26632583258
940.5	1.26632583258
941.0	1.26632583258
941.5	1.18408101266
942.0	1.18408101266
942.5	1.48161053622
943.0	1.48161053622
943.5	2.05859823009
944.0	2.05859823009
944.5	2.11053746254
945.0	2.11053746254
945.5	2.03611089109
946.0	2.03611089109
946.5	1.55780376611
947.0	1.55780376611
947.5	1.54472079208
948.0	1.54472079208
948.5	1.9858898226
949.0	1.9858898226
949.5	1.9858898226
950	1.76002885482
950.5	1.76002885482
951	1.75922068966
951.5	1.75922068966
952	1.60350442478
952.5	1.60350442478
953	1.79091525424
953.5	1.79091525424
954.0	1.79091525424
954.5	1.42689174312
955.0	1.42689174312
955.5	1.54717335945
956.0	1.54717335945
956.5	1.09562437562
957.0	1.09562437562
957.5	1.51502874133
958.0	1.51502874133
958.5	1.24933459001
959.0	1.24933459001
959.5	1.39087795993
960.0	1.39087795993
960.5	1.49060539461
961.0	1.49060539461
961.5	1.39744217687
962.0	1.39744217687
962.5	1.43310781405
963.0	1.43310781405
963.5	1.66458431019
964.0	1.66458431019
964.5	2.01496103896
965.0	2.01496103896
965.5	1.15058218549
966.0	1.15058218549
966.5	1.15058218549
967	1.65779980178
967.5	1.65779980178
968	1.64281142857
968.5	1.64281142857
969	1.68420729367
969.5	1.68420729367
970	1.60678787879
970.5	1.60678787879
971	1.61577843719
971.5	1.61577843719
972	1.65483316683
972.5	1.65483316683
973	1.02131533269
973.5	1.02131533269
974	1.68957966102
974.5	1.68957966102
975	1.37225174825
975.5	1.37225174825
976.0	1.37225174825
976.5	1.31061891644
977.0	1.31061891644
977.5	1.29211262489
978.0	1.29211262489
978.5	1.43344301288
979.0	1.43344301288
979.5	1.33423716814
980.0	1.33423716814
980.5	1.58834782609
981.0	1.58834782609
981.5	1.58834782609
982	1.35358497011
982.5	1.35358497011
983	1.48860938884
983.5	1.48860938884
984	1.54516036036
984.5	1.54516036036
985	1.46132806324
985.5	1.46132806324
986	1.41793314231
986.5	1.41793314231
987.0	1.41793314231
987.5	1.57950769231
988.0	1.57950769231
988.5	1.71677122877
989.0	1.71677122877
989.5	1.77426860565
990.0	1.77426860565
990.5	1.43749902913
991.0	1.43749902913
991.5	1.57846153846
992.0	1.57846153846
992.5	1.31804444444
993.0	1.31804444444
993.5	2.05138095238
994.0	2.05138095238
994.5	1.73268910891
995.0	1.73268910891
995.5	1.73268910891
996	1.3657982906
996.5	1.3657982906
997	1.36929824561
997.5	1.36929824561
998	1.57752647353
998.5	1.57752647353
999	1.23033587786
999.5	1.23033587786
1000	1.81378043912
1000.5	1.81378043912
1001	1.30481518482
1001.5	1.30481518482
1002	1.58670634921
1002.5	1.58670634921
1003	1.45270545455
1003.5	1.45270545455
1004	1.44564921947
1004.5	1.44564921947
1005	1.66876646707
1005.5	1.66876646707
1006	1.55399000999
1006.5	1.55399000999
1007	1.54944618215
1007.5	1.54944618215
1008.0	1.54944618215
1008.5	1.4205682243
1009.0	1.4205682243
1009.5	1.62945098039
1010.0	1.62945098039
1010.5	1.45147975883
1011.0	1.45147975883
1011.5	1.22535728543
1012.0	1.22535728543
1012.5	1.03568619662
1013.0	1.03568619662
1013.5	0.968754005655
1014.0	0.968754005655
1014.5	1.05990261497
1015.0	1.05990261497
1015.5	1.32767232767
1016.0	1.32767232767
1016.5	1.32767232767
1017	1.22790172884
1017.5	1.22790172884
1018	1.63023984143
1018.5	1.63023984143
1019	1.13618086957
1019.5	1.13618086957
1020	1.5326033966
1020.5	1.5326033966
1021	1.14437823372
1021.5	1.14437823372
1022	1.86103968254
1022.5	1.86103968254
1023	1.65603171457
1023.5	1.65603171457
1024	0.986475665748
1024.5	0.986475665748
1025	1.47387012987
1025.5	1.47387012987
1026.0	1.47387012987
1026.5	1.41421176471
1027.0	1.41421176471
1027.5	1.63207407407
1028.0	1.63207407407
1028.5	1.79694705295
1029.0	1.79694705295
1029.5	1.08271428571
1030.0	1.08271428571
1030.5	1.08271428571
1031	1.07603361345
1031.5	1.07603361345
1032	0.843024485798
1032.5	0.843024485798
1033	0.219058639562
1033.5	0.219058639562
1034	1.0895024975
1034.5	1.0895024975
1035.0	1.0895024975
1035.5	1.27806848112
1036.0	1.27806848112
1036.5	1.27423624887
1037.0	1.27423624887
1037.5	1.51062537463
1038.0	1.51062537463
1038.5	1.19385034014
1039.0	1.19385034014
1039.5	1.3892137931
1040.0	1.3892137931
1040.5	1.3892137931
1041	1.33239633639
1041.5	1.33239633639
1042	1.48404395604
1042.5	1.48404395604
1043	1.07996108949
1043.5	1.07996108949
1044	1.30858666667
1044.5	1.30858666667
1045	1.6052027972
1045.5	1.6052027972
1046	1.74763131814
1046.5	1.74763131814
1047	1.32586930693
1047.5	1.32586930693
1048	1.39470980019
1048.5	1.39470980019
1049.0	1.39470980019
1049.5	1.11832478632
1050.0	1.11832478632
1050.5	1.19073843248
1051.0	1.19073843248
1051.5	1.13062745098
1052.0	1.13062745098
1052.5	1.31571636364
1053.0	1.31571636364
1053.5	1.7170989011
1054.0	1.7170989011
1054.5	1.56189494549
1055.0	1.56189494549
1055.5	1.22265882353
1056.0	1.22265882353
1056.5	1.08210989011
1057.0	1.08210989011
1057.5	1.0070543572
1058.0	1.0070543572
1058.5	1.34891881188
1059.0	1.34891881188
1059.5	1.05900990099
1060.0	1.05900990099
1060.5	1.05900990099
1061	1.27377137714
1061.5	1.27377137714
1062	1.28079293425
1062.5	1.28079293425
1063	1.49963495146
1063.5	1.49963495146
1064	1.69355444555
1064.5	1.69355444555
1065	1.25664864865
1065.5	1.25664864865
1066	1.35863797942
1066.5	1.35863797942
1067	1.67746086957
1067.5	1.67746086957
1068	1.90776423576
1068.5	1.90776423576
1069	1.37116352825
1069.5	1.37116352825
1070	1.45765434565
1070.5	1.45765434565
1071	1.25468105986
1071.5	1.25468105986
1072.0	1.25468105986
1072.5	1.26350508475
1073.0	1.26350508475
1073.5	1.33291508492
1074.0	1.33291508492
1074.5	1.13712054329
1075.0	1.13712054329
1075.5	1.36842818912
1076.0	1.36842818912
1076.5	1.36842818912
1077	1.17740338983
1077.5	1.17740338983
1078	1.37725272547
1078.5	1.37725272547
1079	1.34749700599
1079.5	1.34749700599
1080	1.1959047619
1080.5	1.1959047619
1081	0.993007407407
1081.5	0.993007407407
1082	1.43817782218
1082.5	1.43817782218
1083	1.12136372646
1083.5	1.12136372646
1084	1.28688727273
1084.5	1.28688727273
1085	1.67880919081
1085.5	1.67880919081
1086	1.22097699115
1086.5	1.22097699115
1087	1.31831912785
1087.5	1.31831912785
1088.0	1.31831912785
1088.5	0.469825711821
1089.0	0.469825711821
1089.5	0.246264626463
1090.0	0.246264626463
1090.5	0.943336339044
1091.0	0.943336339044
1091.5	1.51288711289
1092.0	1.51288711289
1092.5	1.02489227836
1093.0	1.02489227836
1093.5	1.21124303554
1094.0	1.21124303554
1094.5	1.21124303554
1095	1.12264827586
1095.5	1.12264827586
1096	1.29185815603
1096.5	1.29185815603
1097	1.54093906094
1097.5	1.54093906094
1098	1.19171111111
1098.5	1.19171111111
1099	1.06686740804
1099.5	1.06686740804
1100	1.48305788423
1100.5	1.48305788423
1101	1.50177205154
1101.5	1.50177205154
1102.0	1.50177205154
1102.5	1.18438676845
1103.0	1.18438676845
1103.5	1.70538261738
1104.0	1.70538261738
1104.5	1.08810477081
1105.0	1.08810477081
1105.5	1.74213786214
1106.0	1.74213786214
1106.5	1.22995643564
1107.0	1.22995643564
1107.5	1.35151864407
1108.0	1.35151864407
1108.5	1.45253174603
1109.0	1.45253174603
1109.5	1.24315307058
1110.0	1.24315307058
1110.5	1.24315307058
1111	1.51022745098
1111.5	1.51022745098
1112	1.75025711482
1112.5	1.75025711482
1113	1.2122037962
1113.5	1.2122037962
1114	1.34853146853
1114.5	1.34853146853
1115	1.3347789891
1115.5	1.3347789891
1116	1.34322376238
1116.5	1.34322376238
1117	1.43118496538
1117.5	1.43118496538
1118	1.50384126984
1118.5	1.50384126984
1119	1.76317928287
1119.5	1.76317928287
1120	1.16299801193
1120.5	1.16299801193
1121	1.14924363636
1121.5	1.14924363636
1122	1.32225333333
1122.5	1.32225333333
1123	1.4378109811
