0.0	1.68118929633
0.5	1.68118929633
1.0	1.68118929633
1.5	1.68823176823
2.0	1.68823176823
2.5	2.96286113886
3.0	2.96286113886
3.5	2.66186719524
4.0	2.66186719524
4.5	2.56287712288
5.0	2.56287712288
5.5	2.74050793651
6.0	2.74050793651
6.5	2.59421782178
7.0	2.59421782178
7.5	2.68314085914
8.0	2.68314085914
8.5	2.92562376238
9.0	2.92562376238
9.5	2.81433766234
10.0	2.81433766234
10.5	2.51001783944
11.0	2.51001783944
11.5	1.8946889107
12.0	1.8946889107
12.5	1.93515284715
13.0	1.93515284715
13.5	1.8917740337
14.0	1.8917740337
14.5	2.22508737864
15.0	2.22508737864
15.5	2.24127872128
16.0	2.24127872128
16.5	2.39070763132
17.0	2.39070763132
17.5	2.36608191808
18.0	2.36608191808
18.5	2.15629306931
19.0	2.15629306931
19.5	1.87906534653
20.0	1.87906534653
20.5	2.19547274529
21.0	2.19547274529
21.5	2.65673526474
22.0	2.65673526474
22.5	2.29309018831
23.0	2.29309018831
23.5	1.91782617383
24.0	1.91782617383
24.5	2.21266204163
25.0	2.21266204163
25.5	1.78154455446
26.0	1.78154455446
26.5	1.47364752475
27.0	1.47364752475
27.5	1.6772987013
28.0	1.6772987013
28.5	2.56171089109
29.0	2.56171089109
29.5	2.84713686314
30.0	2.84713686314
30.5	2.9456345776
31.0	2.9456345776
31.5	2.64767265469
32.0	2.64767265469
32.5	2.50935166994
33.0	2.50935166994
33.5	2.4912360431
34.0	2.4912360431
34.5	2.39070763132
35.0	2.39070763132
35.5	2.86446353646
36.0	2.86446353646
36.5	2.7486382557
37.0	2.7486382557
37.5	2.58338217822
38.0	2.58338217822
38.5	2.73780619381
39.0	2.73780619381
39.5	2.60763528246
40.0	2.60763528246
40.5	2.50581333333
41.0	2.50581333333
41.5	2.83166433566
42.0	2.83166433566
42.5	2.14742057942
43.0	2.14742057942
43.5	2.13250793651
44.0	2.13250793651
44.5	2.5474045954
45.0	2.5474045954
45.5	2.55194405594
46.0	2.55194405594
46.5	2.59936507937
47.0	2.59936507937
47.5	2.55194405594
48.0	2.55194405594
48.5	2.29309018831
49.0	2.29309018831
49.5	2.55721188119
50.0	2.55721188119
50.5	2.3775049505
51.0	2.3775049505
51.5	2.53007792208
52.0	2.53007792208
52.5	2.20614720314
53.0	2.20614720314
53.5	2.50303366337
54.0	2.50303366337
54.5	2.36608191808
55.0	2.36608191808
55.5	2.03277700694
56.0	2.03277700694
56.5	2.28501098901
57.0	2.28501098901
57.5	2.06531615461
58.0	2.06531615461
58.5	2.21301898102
59.0	2.21301898102
59.5	2.45128245788
60.0	2.45128245788
60.5	2.22395204795
61.0	2.22395204795
61.5	2.22395204795
62.0	2.22395204795
62.5	2.46907936508
63.0	2.46907936508
63.5	2.38384158416
64.0	2.38384158416
64.5	1.93969230769
65.0	1.93969230769
65.5	1.98488800793
66.0	1.98488800793
66.5	1.84129470529
67.0	1.84129470529
67.5	2.02393650794
68.0	2.02393650794
68.5	2.39434165834
69.0	2.39434165834
69.5	2.39434165834
70	2.27998415842
70.5	2.27998415842
71	2.42074725275
71.5	2.42074725275
72	2.45578592666
72.5	2.45578592666
73	2.60206993007
73.5	2.60206993007
74	2.32562933598
74.5	2.32562933598
75	2.45354645355
75.5	2.45354645355
76	2.83540931615
76.5	2.83540931615
77	2.91928712871
77.5	2.91928712871
78	2.84976761905
78.5	2.84976761905
79	3.12076190476
79.5	3.12076190476
80	3.05220186916
80.5	3.05220186916
81	3.19651485149
81.5	3.19651485149
82	2.67221578422
82.5	2.67221578422
83	2.69440634291
83.5	2.69440634291
84	2.47013438735
84.5	2.47013438735
85	1.87099531396
85.5	1.87099531396
86	2.76606593407
86.5	2.76606593407
87	2.72687312687
87.5	2.72687312687
88	2.62758349705
88.5	2.62758349705
89	2.79247152847
89.5	2.79247152847
90	2.8326019802
90.5	2.8326019802
91	2.90845148515
91.5	2.90845148515
92	2.67940740741
92.5	2.67940740741
93	2.8097982018
93.5	2.8097982018
94	2.51250793651
94.5	2.51250793651
95	2.57381018981
95.5	2.57381018981
96	2.51914485514
96.5	2.51914485514
97.0	2.51914485514
97.5	2.44622222222
98.0	2.44622222222
98.5	2.44900699301
99.0	2.44900699301
99.5	2.24107936508
100.0	2.24107936508
100.5	2.34421578422
101.0	2.34421578422
101.5	2.68990287413
102.0	2.68990287413
102.5	2.60660939061
103.0	2.60660939061
103.5	2.78117740337
104.0	2.78117740337
104.5	2.79247152847
105.0	2.79247152847
105.5	2.8034045954
106.0	2.8034045954
106.5	2.31707936508
107.0	2.31707936508
107.5	2.77422754491
108.0	2.77422754491
108.5	2.49078571429
109.0	2.49078571429
109.5	2.44261338661
110.0	2.44261338661
110.5	1.90262041625
111.0	1.90262041625
111.5	2.43807392607
112.0	2.43807392607
112.5	2.09785530228
113.0	2.09785530228
113.5	2.29081980198
114.0	2.29081980198
114.5	2.5474045954
115.0	2.5474045954
115.5	2.34576643768
116.0	2.34576643768
116.5	2.35583366337
117.0	2.35583366337
117.5	2.27998415842
118.0	2.27998415842
118.5	2.44900699301
119.0	2.44900699301
119.5	2.16293359762
120.0	2.16293359762
120.5	2.42084752475
121.0	2.42084752475
121.5	2.71594005994
122.0	2.71594005994
122.5	2.88305585586
123.0	2.88305585586
123.5	3.06125874126
124.0	3.06125874126
124.5	2.78393650794
125.0	2.78393650794
125.5	2.58474325674
126.0	2.58474325674
126.5	2.48832507433
127.0	2.48832507433
127.5	2.43168316832
128.0	2.43168316832
128.5	2.7441998002
129.0	2.7441998002
129.5	2.30393657086
130.0	2.30393657086
130.5	2.48634565435
131.0	2.48634565435
131.5	2.45578592666
132.0	2.45578592666
132.5	2.39434165834
133.0	2.39434165834
133.5	2.19532210109
134.0	2.19532210109
134.5	1.58665346535
135.0	1.58665346535
135.5	2.37247552448
136.0	2.37247552448
136.5	2.20615505397
137.0	2.20615505397
137.5	2.09275524476
138.0	2.09275524476
138.5	1.82219226957
139.0	1.82219226957
139.5	1.19760555005
140.0	1.19760555005
140.5	1.73835764236
141.0	1.73835764236
141.5	2.18021978022
142.0	2.18021978022
142.5	2.48832507433
143.0	2.48832507433
143.5	2.82073126873
144.0	2.82073126873
144.5	2.28132679097
145.0	2.28132679097
145.5	2.26914851485
146.0	2.26914851485
146.5	1.85618823529
147.0	1.85618823529
147.5	1.24099108028
148.0	1.24099108028
148.5	0.841846153846
149.0	0.841846153846
149.5	2.71898007968
150.0	2.71898007968
150.5	1.94608591409
151.0	1.94608591409
151.5	1.69485940594
152.0	1.69485940594
152.5	1.69485940594
153	1.63544615385
153.5	1.63544615385
154	1.8655777998
154.5	1.8655777998
155	1.69916483516
155.5	1.69916483516
156	2.21941258741
156.5	2.21941258741
157	1.91346679881
157.5	1.91346679881
158	2.04793663366
158.5	2.04793663366
159	1.7382019802
159.5	1.7382019802
160	1.61386666667
160.5	1.61386666667
161	1.65232941176
161.5	1.65232941176
162	1.34725818182
162.5	1.34725818182
163	1.44989205103
163.5	1.44989205103
164	1.65785346535
164.5	1.65785346535
165	1.27277522478
165.5	1.27277522478
166	1.21479484638
166.5	1.21479484638
167	0.735367588933
167.5	0.735367588933
168	0.655936507937
168.5	0.655936507937
169	1.02770829171
169.5	1.02770829171
170	1.18225569871
170.5	1.18225569871
171	1.02304950495
171.5	1.02304950495
172	1.21359207921
172.5	1.21359207921
173	1.55974425574
173.5	1.55974425574
174	1.54681188119
174.5	1.54681188119
175	1.72907829534
175.5	1.72907829534
176	1.74889411765
176.5	1.74889411765
177	1.49980990099
177.5	1.49980990099
178	1.63087058824
178.5	1.63087058824
179	1.52382135922
179.5	1.52382135922
180	1.62927326151
180.5	1.62927326151
181	1.46426164519
181.5	1.46426164519
182	1.16391287129
182.5	1.16391287129
183	1.20263736264
183.5	1.20263736264
184.0	1.20263736264
184.5	0.9152170062
185.0	0.9152170062
185.5	1.25534117647
186.0	1.25534117647
186.5	1.25693465347
187.0	1.25693465347
187.5	1.14224158416
188.0	1.14224158416
188.5	1.34361980198
189.0	1.34361980198
189.5	1.27661814556
190.0	1.27661814556
190.5	0.884814299901
191.0	0.884814299901
191.5	0.855169139466
192.0	0.855169139466
192.5	0.889403369673
193.0	0.889403369673
193.5	0.682645544554
194.0	0.682645544554
194.5	0.583843137255
195.0	0.583843137255
195.5	0.751058823529
196.0	0.751058823529
196.5	0.856015841584
197.0	0.856015841584
197.5	1.07272871287
198.0	1.07272871287
198.5	1.12057029703
199.0	1.12057029703
199.5	1.35190588235
200.0	1.35190588235
200.5	1.17474851485
201.0	1.17474851485
201.5	1.13774257426
202.0	1.13774257426
202.5	0.888522772277
203.0	0.888522772277
203.5	0.675290891283
204.0	0.675290891283
204.5	0.633593657086
205.0	0.633593657086
205.5	0.73609495549
206.0	0.73609495549
206.5	0.504282352941
207.0	0.504282352941
207.5	0.726707631318
208.0	0.726707631318
208.5	0.854431067961
209.0	0.854431067961
209.5	0.879811764706
210.0	0.879811764706
210.5	0.839394174757
211.0	0.839394174757
211.5	0.84518019802
212.0	0.84518019802
212.5	0.819890196078
213.0	0.819890196078
213.5	0.964372277228
214.0	0.964372277228
214.5	1.01929411765
215.0	1.01929411765
215.5	0.888522772277
216.0	0.888522772277
216.5	0.888522772277
217	0.578788118812
217.5	0.578788118812
218	0.574289108911
218.5	0.574289108911
219	0.748400396432
219.5	0.748400396432
220	0.699716283716
220.5	0.699716283716
221	0.654494117647
221.5	0.654494117647
222	0.13067996012
222.5	0.13067996012
223	0.166299212598
223.5	0.166299212598
224	0.801044510386
224.5	0.801044510386
225	0.732515484515
225.5	0.732515484515
226	0.809089494163
226.5	0.809089494163
227	1.08698714144
227.5	1.08698714144
228	1.50615445545
228.5	1.50615445545
229	1.38833696729
229.5	1.38833696729
230	1.26016221563
230.5	1.26016221563
231	1.23526336634
231.5	1.23526336634
232	1.04577998018
232.5	1.04577998018
233	1.2451257485
233.5	1.2451257485
234	1.292
234.5	1.292
235	1.05411388611
235.5	1.05411388611
236	1.41002973241
236.5	1.41002973241
237	1.2383372549
237.5	1.2383372549
238	1.50876323676
238.5	1.50876323676
239	1.54018632309
239.5	1.54018632309
240	1.42583816184
240.5	1.42583816184
241	1.72457482656
241.5	1.72457482656
242	1.46731089109
242.5	1.46731089109
243	1.61291394659
243.5	1.61291394659
244	1.14338156591
244.5	1.14338156591
245	1.28944158416
245.5	1.28944158416
246	1.11517282717
246.5	1.11517282717
247	0.861367690783
247.5	0.861367690783
248	0.751058823529
248.5	0.751058823529
249	0.662953846154
249.5	0.662953846154
250	0.551441860465
250.5	0.551441860465
251	0.560912698413
251.5	0.560912698413
252	0.516403162055
252.5	0.516403162055
253	0.681338521401
253.5	0.681338521401
254	0.711891262136
254.5	0.711891262136
255	0.493552941176
255.5	0.493552941176
256	0.429176470588
256.5	0.429176470588
257.0	0.429176470588
257.5	0.375930164888
258.0	0.375930164888
258.5	0.455548067393
259.0	0.455548067393
259.5	0.563453465347
260.0	0.563453465347
260.5	0.371883495146
261.0	0.371883495146
261.5	0.396988235294
262.0	0.396988235294
262.5	0.628467326733
263.0	0.628467326733
263.5	0.59255721393
264.0	0.59255721393
264.5	1.30674626866
265.0	1.30674626866
265.5	1.57436163836
266.0	1.57436163836
266.5	1.53384340932
267.0	1.53384340932
267.5	1.9246490566
268.0	1.9246490566
268.5	2.26240949555
269.0	2.26240949555
269.5	2.22801189296
270.0	2.22801189296
270.5	2.05040553907
271.0	2.05040553907
271.5	2.21047128713
272.0	2.21047128713
272.5	1.51065346535
273.0	1.51065346535
273.5	1.43172249752
274.0	1.43172249752
274.5	1.72361033797
275.0	1.72361033797
275.5	0.736823762376
276.0	0.736823762376
276.5	0.252553846154
277.0	0.252553846154
277.5	0.171670588235
278.0	0.171670588235
278.5	0.255005825243
279.0	0.255005825243
279.5	0.308132038835
280.0	0.308132038835
280.5	0.233755339806
281.0	0.233755339806
281.5	0.292562376238
282.0	0.292562376238
282.5	0.284123076923
283.0	0.284123076923
283.5	0.303398019802
284.0	0.303398019802
284.5	0.278964705882
285.0	0.278964705882
285.5	0.278964705882
286	0.199938461538
286.5	0.199938461538
287	0.238384158416
287.5	0.238384158416
288	0.332611764706
288.5	0.332611764706
289	0.3648
289.5	0.3648
290	0.431861405197
290.5	0.431861405197
291	0.317058941059
291.5	0.317058941059
292	0.289694117647
292.5	0.289694117647
293	0.326337254902
293.5	0.326337254902
294	0.675952941176
294.5	0.675952941176
295	0.595263366337
295.5	0.595263366337
296	0.910891089109
296.5	0.910891089109
297	0.725988118812
297.5	0.725988118812
298	1.07722772277
298.5	1.07722772277
299	1.00856470588
299.5	1.00856470588
300	1.01855049505
300.5	1.01855049505
301	0.653185617104
301.5	0.653185617104
302	0.42638961039
302.5	0.42638961039
303	0.488087215064
303.5	0.488087215064
304	0.823508910891
304.5	0.823508910891
305	0.578820763957
305.5	0.578820763957
306	0.488087215064
306.5	0.488087215064
307	0.440046601942
307.5	0.440046601942
308	0.889668952008
308.5	0.889668952008
309	1.57436163836
309.5	1.57436163836
310	1.5121506442
310.5	1.5121506442
311	1.86373069307
311.5	1.86373069307
312	1.66235247525
312.5	1.66235247525
313	1.86429862475
313.5	1.86429862475
314	1.99875449102
314.5	1.99875449102
315	1.75077106046
315.5	1.75077106046
316	1.71961978661
316.5	1.71961978661
317	1.41313267327
317.5	1.41313267327
318	1.63780376611
318.5	1.63780376611
319	1.43676323676
319.5	1.43676323676
320	1.59441823588
320.5	1.59441823588
321	1.4805034965
321.5	1.4805034965
322	1.75711397423
322.5	1.75711397423
323.0	1.75711397423
323.5	1.39641543027
324.0	1.39641543027
324.5	0.926445986125
325.0	0.926445986125
325.5	1.16950588235
326.0	1.16950588235
326.5	0.942700990099
327.0	0.942700990099
327.5	0.882186138614
328.0	0.882186138614
328.5	0.869082352941
329.0	0.869082352941
329.5	0.418447058824
330.0	0.418447058824
330.5	0.152405163853
331.0	0.152405163853
331.5	0.147323076923
332.0	0.147323076923
332.5	0.148753398058
333.0	0.148753398058
333.5	0.139482352941
334.0	0.139482352941
334.5	0.1368
335.0	0.1368
335.5	0.106046511628
336.0	0.106046511628
336.5	0.24879223301
337.0	0.24879223301
337.5	0.736823762376
338.0	0.736823762376
338.5	0.758495049505
339.0	0.758495049505
339.5	0.195041584158
340.0	0.195041584158
340.5	0.862455172414
341.0	0.862455172414
341.5	0.95022754491
342.0	0.95022754491
342.5	0.95022754491
343	0.277494339623
343.5	0.277494339623
344	1.47666733267
344.5	1.47666733267
345	1.31691575818
345.5	1.31691575818
346	1.74929070929
346.5	1.74929070929
347	1.80500297324
347.5	1.80500297324
348	2.08182217782
348.5	2.08182217782
349	2.45128245788
349.5	2.45128245788
350	2.12555444555
350.5	2.12555444555
351	1.70288206145
351.5	1.70288206145
352	1.71653069307
352.5	1.71653069307
353	1.75987326733
353.5	1.75987326733
354	1.79871683168
354.5	1.79871683168
355	1.79238019802
355.5	1.79238019802
356	1.7337029703
356.5	1.7337029703
357	1.20725544554
357.5	1.20725544554
358	1.65089310689
358.5	1.65089310689
359	1.64230723489
359.5	1.64230723489
360	2.29594405594
360.5	2.29594405594
361	2.02193062438
361.5	2.02193062438
362	1.69036039604
362.5	1.69036039604
363	1.5539960396
363.5	1.5539960396
364	1.41036563437
364.5	1.41036563437
365	1.83024926398
365.5	1.83024926398
366	2.42074725275
366.5	2.42074725275
367	2.6413197405
367.5	2.6413197405
368	2.30687712288
368.5	2.30687712288
369	2.07616253717
369.5	2.07616253717
370	2.00894953271
370.5	2.00894953271
371	1.93958019802
371.5	1.93958019802
372	1.97658613861
372.5	1.97658613861
373	1.9222994012
373.5	1.9222994012
374	1.60050793651
374.5	1.60050793651
375	1.7337029703
375.5	1.7337029703
376	1.44563960396
376.5	1.44563960396
377	2.33539607843
377.5	2.33539607843
378	1.95430969031
378.5	1.95430969031
379	1.82669573835
379.5	1.82669573835
380	2.05877227723
380.5	2.05877227723
381	2.51914485514
381.5	2.51914485514
382	2.02193062438
382.5	2.02193062438
383	2.70500699301
383.5	2.70500699301
384	3.06952626363
384.5	3.06952626363
385	2.89761584158
385.5	2.89761584158
386	2.87993606394
386.5	2.87993606394
387	2.60660939061
387.5	2.60660939061
388	2.38222222222
388.5	2.38222222222
389.0	2.38222222222
389.5	2.43409316155
390.0	2.43409316155
390.5	2.28501098901
391.0	2.28501098901
391.5	2.28501098901
392.0	2.28501098901
392.5	2.28501098901
393	0.315676981132
393.5	0.315676981132
394	1.11517282717
394.5	1.11517282717
395	2.42074725275
395.5	2.42074725275
396	2.80114285714
396.5	2.80114285714
397	2.72687312687
397.5	2.72687312687
398	2.66127472527
398.5	2.66127472527
399	2.89890618762
399.5	2.89890618762
400	2.97440954274
400.5	2.97440954274
401	2.9018021978
401.5	2.9018021978
402	2.55194405594
402.5	2.55194405594
403	3.00742857143
403.5	3.00742857143
404	2.8034045954
404.5	2.8034045954
405	2.72694549058
405.5	2.72694549058
406	2.67220779221
406.5	2.67220779221
407	2.43409316155
407.5	2.43409316155
408	2.41634174757
408.5	2.41634174757
409	3.14872327672
409.5	3.14872327672
410	2.55593650794
410.5	2.55593650794
411	1.92875924076
411.5	1.92875924076
412	1.58043916914
412.5	1.58043916914
413	1.49193650794
413.5	1.49193650794
414	1.68369230769
414.5	1.68369230769
415	1.77246382557
415.5	1.77246382557
416	2.08044356436
416.5	2.08044356436
417	2.07088911089
417.5	2.07088911089
418	2.45354645355
418.5	2.45354645355
419	2.61848166501
419.5	2.61848166501
420	2.47150545455
420.5	2.47150545455
421	2.20847952048
421.5	2.20847952048
422	2.23022222222
422.5	2.23022222222
423	2.46447952048
423.5	2.46447952048
424	2.7851497006
424.5	2.7851497006
425	2.72419880716
425.5	2.72419880716
426	2.9018021978
426.5	2.9018021978
427	2.76758811881
427.5	2.76758811881
428	2.66127472527
428.5	2.66127472527
429	2.32793650794
429.5	2.32793650794
430	2.49273926074
430.5	2.49273926074
431	2.15208721506
431.5	2.15208721506
432	2.43168031968
432.5	2.43168031968
433	2.19754645355
433.5	2.19754645355
434	1.53536507937
434.5	1.53536507937
435	1.28944158416
435.5	1.28944158416
436.0	1.28944158416
436.5	0.258220680083
437.0	0.258220680083
437.5	0.351587710605
438.0	0.351587710605
438.5	0.798113886114
439.0	0.798113886114
439.5	1.60526461843
440.0	1.60526461843
440.5	1.86316083916
441.0	1.86316083916
441.5	2.23885827552
442.0	2.23885827552
442.5	2.05877227723
443.0	2.05877227723
443.5	1.48657114818
444.0	1.48657114818
444.5	2.16474725275
445.0	2.16474725275
445.5	2.39888111888
446.0	2.39888111888
446.5	1.69653914767
447.0	1.69653914767
447.5	2.04793663366
448.0	2.04793663366
448.5	2.04793663366
449	1.48511372549
449.5	1.48511372549
450	2.01168431568
450.5	2.01168431568
451	1.7399246779
451.5	1.7399246779
452	2.13518596491
452.5	2.13518596491
453	2.01542970297
453.5	2.01542970297
454	1.60817425743
454.5	1.60817425743
455.0	1.60817425743
455.5	1.60817425743
456.0	1.60817425743
456.5	1.60817425743
457.0	1.60817425743
457.5	1.60817425743
458.0	1.60817425743
458.5	1.60817425743
459.0	1.60817425743
459.5	1.60817425743
460.0	1.60817425743
460.5	1.60817425743
461.0	1.60817425743
461.5	1.60817425743
462.0	1.60817425743
462.5	1.60817425743
463.0	1.60817425743
463.5	1.60817425743
464	0.117318646735
464.5	0.117318646735
465	0.321882352941
465.5	0.321882352941
466	0.344214616096
466.5	0.344214616096
467	0.242263715111
467.5	0.242263715111
468	0.458933066933
468.5	0.458933066933
469.0	0.458933066933
469.5	0.547610894942
470.0	0.547610894942
470.5	0.942700990099
471.0	0.942700990099
471.5	0.382657342657
472.0	0.382657342657
472.5	0.433855302279
473.0	0.433855302279
473.5	0.492102970297
474.0	0.492102970297
474.5	1.24461176471
475.0	1.24461176471
475.5	1.43440776699
476.0	1.43440776699
476.5	0.916454901961
477.0	0.916454901961
477.5	1.29825882353
478.0	1.29825882353
478.5	1.17024950495
479.0	1.17024950495
479.5	1.17024950495
480	0.276219684611
480.5	0.276219684611
481	1.01677522478
481.5	1.01677522478
482	0.953536633663
482.5	0.953536633663
483.0	0.953536633663
483.5	1.06639207921
484.0	1.06639207921
484.5	1.17024950495
485.0	1.17024950495
485.5	0.813478691774
486.0	0.813478691774
486.5	0.798113886114
487.0	0.798113886114
487.5	0.752158415842
488.0	0.752158415842
488.5	1.07294117647
489.0	1.07294117647
489.5	0.863712287712
490.0	0.863712287712
490.5	1.11083448959
491.0	1.11083448959
491.5	0.951176823177
492.0	0.951176823177
492.5	0.720862275449
493.0	0.720862275449
493.5	1.07485714286
494.0	1.07485714286
494.5	0.899358415842
495.0	0.899358415842
495.5	0.708807920792
496.0	0.708807920792
496.5	1.25693465347
497.0	1.25693465347
497.5	0.847623529412
498.0	0.847623529412
498.5	0.749982553529
499.0	0.749982553529
499.5	1.62695738355
500.0	1.62695738355
500.5	1.59240784314
501.0	1.59240784314
501.5	1.79871683168
502.0	1.79871683168
502.5	1.47814653465
503.0	1.47814653465
503.5	1.12690693069
504.0	1.12690693069
504.5	0.964372277228
505.0	0.964372277228
505.5	0.639302970297
506.0	0.639302970297
506.5	0.343341176471
507.0	0.343341176471
507.5	0.44876039604
508.0	0.44876039604
508.5	0.44876039604
509	0.684
509.5	0.684
510	0.456885436893
510.5	0.456885436893
511	0.335572700297
511.5	0.335572700297
512.0	0.335572700297
512.5	0.335572700297
513.0	0.335572700297
513.5	0.124584845251
514.0	0.124584845251
514.5	0.124584845251
515	0.800999199359
515.5	0.800999199359
516	0.822694362018
516.5	0.822694362018
517	1.30156590684
517.5	1.30156590684
518	1.62263336663
518.5	1.62263336663
519	1.77880673935
519.5	1.77880673935
520	1.48898217822
520.5	1.48898217822
521	1.49783016983
521.5	1.49783016983
522	1.12802378593
522.5	1.12802378593
523	0.9472
523.5	0.9472
524	0.987020812686
524.5	0.987020812686
525	1.01929411765
525.5	1.01929411765
526	1.26184215784
526.5	1.26184215784
527	1.12769381747
527.5	1.12769381747
528	1.08237362637
528.5	1.08237362637
529	1.02304950495
529.5	1.02304950495
530	1.14917369971
530.5	1.14917369971
531	1.02770829171
531.5	1.02770829171
532	0.981650793651
532.5	0.981650793651
533	1.07144055944
533.5	1.07144055944
534	1.0944
534.5	1.0944
535	0.76375024777
535.5	0.76375024777
536	1.24486646884
536.5	1.24486646884
537	1.43915210991
537.5	1.43915210991
538	0.676308910891
538.5	0.676308910891
539	0.400918811881
539.5	0.400918811881
540	0.481054945055
540.5	0.481054945055
541	2.88248605578
541.5	2.88248605578
542	1.21479484638
542.5	1.21479484638
543	0.9472
543.5	0.9472
544	1.42747826087
544.5	1.42747826087
545.0	1.42747826087
545.5	1.24771123872
546.0	1.24771123872
546.5	1.12082376238
547.0	1.12082376238
547.5	1.16983816184
548.0	1.16983816184
548.5	1.1620920666
549.0	1.1620920666
549.5	1.56653677932
550.0	1.56653677932
550.5	1.37612673267
551.0	1.37612673267
551.5	1.04568543689
552.0	1.04568543689
552.5	0.686682352941
553.0	0.686682352941
553.5	0.693481188119
554.0	0.693481188119
554.5	0.525226248776
555.0	0.525226248776
555.5	0.536104672897
556.0	0.536104672897
556.5	0.996879207921
557.0	0.996879207921
557.5	1.24636963037
558.0	1.24636963037
558.5	1.20845193261
559.0	1.20845193261
559.5	1.90235364635
560.0	1.90235364635
560.5	1.78507936508
561.0	1.78507936508
561.5	2.08821578422
562.0	2.08821578422
562.5	2.04902297702
563.0	2.04902297702
563.5	2.34965079365
564.0	2.34965079365
564.5	2.47087312687
565.0	2.47087312687
565.5	2.06450196078
566.0	2.06450196078
566.5	2.23885827552
567.0	2.23885827552
567.5	2.17568031968
568.0	2.17568031968
568.5	1.29522299306
569.0	1.29522299306
569.5	1.57436163836
570.0	1.57436163836
570.5	1.4805034965
571.0	1.4805034965
571.5	2.16057142857
572.0	2.16057142857
572.5	1.75383016983
573.0	1.75383016983
573.5	1.75077106046
574.0	1.75077106046
574.5	1.85862137862
575.0	1.85862137862
575.5	1.44707234886
576.0	1.44707234886
576.5	1.71306879362
577.0	1.71306879362
577.5	0.215191011236
578.0	0.215191011236
578.5	0.215191011236
579	0.609722379603
579.5	0.609722379603
580.0	0.609722379603
580.5	0.133110523533
581.0	0.133110523533
581.5	0.300718351325
582.0	0.300718351325
582.5	0.174415533981
583.0	0.174415533981
583.5	0.174415533981
584	0.49843960396
584.5	0.49843960396
585	0.682645544554
585.5	0.682645544554
586	0.682645544554
586.5	0.682645544554
587	0.786395209581
587.5	0.786395209581
588	0.578215628091
588.5	0.578215628091
589	0.640571428571
589.5	0.640571428571
590	0.472557409225
590.5	0.472557409225
591	0.557382957884
591.5	0.557382957884
592	0.500357976654
592.5	0.500357976654
593	0.3648
593.5	0.3648
594	0.519083003953
594.5	0.519083003953
595	0.568515361744
595.5	0.568515361744
596	0.452927815207
596.5	0.452927815207
597	0.43598001998
597.5	0.43598001998
598	0.237364705882
598.5	0.237364705882
599	0.639302970297
599.5	0.639302970297
600	1.27277522478
600.5	1.27277522478
601	1.6416
601.5	1.6416
602	1.63146085233
602.5	1.63146085233
603	2.41620779221
603.5	2.41620779221
604	1.664
604.5	1.664
605	1.21359207921
605.5	1.21359207921
606	0.813478691774
606.5	0.813478691774
607	0.890117882118
607.5	0.890117882118
608	1.11585882353
608.5	1.11585882353
609	1.24047407407
609.5	1.24047407407
610	0.568658823529
610.5	0.568658823529
611	0.46639444995
611.5	0.46639444995
612	2.22533592233
612.5	2.22533592233
613	0.244380582524
613.5	0.244380582524
614.0	0.244380582524
614.5	0.244380582524
615.0	0.244380582524
615.5	0.244380582524
616	0.103636363636
616.5	0.103636363636
617	0.553435527502
617.5	0.553435527502
618	0.224439215686
618.5	0.224439215686
619	0.274221778222
619.5	0.274221778222
620	0.343100952381
620.5	0.343100952381
621	0.119310208127
621.5	0.119310208127
622	0.375529411765
622.5	0.375529411765
623.0	0.375529411765
623.5	0.434308196721
624.0	0.434308196721
624.5	0.363020487805
625.0	0.363020487805
625.5	0.506766502463
626.0	0.506766502463
626.5	0.678697674419
627.0	0.678697674419
627.5	0.633656526006
628.0	0.633656526006
628.5	0.389728585178
629.0	0.389728585178
629.5	0.476768316832
630.0	0.476768316832
630.5	0.427089108911
631.0	0.427089108911
631.5	0.530946534653
632.0	0.530946534653
632.5	0.326215384615
633.0	0.326215384615
633.5	0.310240469208
634.0	0.310240469208
634.5	0.404544747082
635.0	0.404544747082
635.5	0.553049562682
636.0	0.553049562682
636.5	0.487121661721
637.0	0.487121661721
637.5	0.487121661721
638	0.254294881589
638.5	0.254294881589
639	0.587733333333
639.5	0.587733333333
640	0.354070588235
640.5	0.354070588235
641	0.419184236453
641.5	0.419184236453
642	0.885469950739
642.5	0.885469950739
643	0.990542574257
643.5	0.990542574257
644	0.665223529412
644.5	0.665223529412
645	1.07272871287
645.5	1.07272871287
646	0.585124752475
646.5	0.585124752475
647	0.559876447876
647.5	0.559876447876
648.0	0.559876447876
648.5	0.297927209705
649.0	0.297927209705
649.5	0.951176823177
650.0	0.951176823177
650.5	2.1692765114
651.0	2.1692765114
651.5	2.34419180819
652.0	2.34419180819
652.5	1.80502675917
653.0	1.80502675917
653.5	2.33763018868
654.0	2.33763018868
654.5	2.6458021978
655.0	2.6458021978
655.5	2.14170755643
656.0	2.14170755643
656.5	2.30048351648
657.0	2.30048351648
657.5	2.07165906838
658.0	2.07165906838
658.5	1.73189019608
659.0	1.73189019608
659.5	1.35445544554
660.0	1.35445544554
660.5	0.828007920792
661.0	0.828007920792
661.5	1.19192079208
662.0	1.19192079208
662.5	1.60526461843
663.0	1.60526461843
663.5	1.19624375624
664.0	1.19624375624
664.5	2.28509906542
665.0	2.28509906542
665.5	2.5474045954
666.0	2.5474045954
666.5	2.34732210109
667.0	2.34732210109
667.5	2.51836831683
668.0	2.51836831683
668.5	2.37699100899
669.0	2.37699100899
669.5	2.48382160555
670.0	2.48382160555
670.5	1.95493861386
671.0	1.95493861386
671.5	2.01258252427
672.0	2.01258252427
672.5	2.24297821782
673.0	2.24297821782
673.5	2.10870168484
674.0	2.10870168484
674.5	2.14742057942
675.0	2.14742057942
675.5	1.89623762376
676.0	1.89623762376
676.5	1.77068514851
677.0	1.77068514851
677.5	1.94608591409
678.0	1.94608591409
678.5	2.10951128557
679.0	2.10951128557
679.5	1.91612464589
680.0	1.91612464589
680.5	1.89910588235
681.0	1.89910588235
681.5	1.89910588235
682	1.15342100769
682.5	1.15342100769
683	1.3229010989
683.5	1.3229010989
684	1.65028571429
684.5	1.65028571429
685	0.729764589515
685.5	0.729764589515
686	0.536997055937
686.5	0.536997055937
687	0.368307692308
687.5	0.368307692308
688	0.900387855044
688.5	0.900387855044
689	1.4362259663
689.5	1.4362259663
690	1.3229010989
690.5	1.3229010989
691	1.42498461538
691.5	1.42498461538
692	1.56793846154
692.5	1.56793846154
693	0.735367588933
693.5	0.735367588933
694	1.04783316783
694.5	1.04783316783
695	0.650138613861
695.5	0.650138613861
696	0.611576470588
696.5	0.611576470588
697	0.603806896552
697.5	0.603806896552
698	1.12380460829
698.5	1.12380460829
699	1.93515284715
699.5	1.93515284715
700	1.79756243756
700.5	1.79756243756
701	1.91328671329
701.5	1.91328671329
702	1.06956901688
702.5	1.06956901688
703	1.0944
703.5	1.0944
704	1.37612673267
704.5	1.37612673267
705.0	1.37612673267
705.5	0.351412844037
706.0	0.351412844037
706.5	0.433631372549
707.0	0.433631372549
707.5	0.761788235294
708.0	0.761788235294
708.5	0.541782178218
709.0	0.541782178218
709.5	0.654675972084
710.0	0.654675972084
710.5	0.630339622642
711.0	0.630339622642
711.5	0.356696774194
712.0	0.356696774194
712.5	1.4868971029
713.0	1.4868971029
713.5	1.95685232904
714.0	1.95685232904
714.5	2.19754645355
715.0	2.19754645355
715.5	1.77654955839
716.0	1.77654955839
716.5	1.98292277228
717.0	1.98292277228
717.5	1.4022970297
718.0	1.4022970297
718.5	1.39943256743
719.0	1.39943256743
719.5	1.65543256743
720.0	1.65543256743
720.5	2.21485714286
721.0	2.21485714286
721.5	1.51065346535
722.0	1.51065346535
722.5	1.0944
723.0	1.0944
723.5	1.0944
724	0.749762831858
724.5	0.749762831858
725	1.35445544554
725.5	1.35445544554
726	1.79871683168
726.5	1.79871683168
727	1.46957042957
727.5	1.46957042957
728	1.6113201581
728.5	1.6113201581
729	1.43907845084
729.5	1.43907845084
730	1.84205940594
730.5	1.84205940594
731	1.60817425743
731.5	1.60817425743
732	1.74453861386
732.5	1.74453861386
733	1.48898217822
733.5	1.48898217822
734	1.23526336634
734.5	1.23526336634
735	0.988515484515
735.5	0.988515484515
736	1.33410505451
736.5	1.33410505451
737	1.53062937063
737.5	1.53062937063
738	1.52299702676
738.5	1.52299702676
739	1.5820039604
739.5	1.5820039604
740	1.13140594059
740.5	1.13140594059
741	1.06050749251
741.5	1.06050749251
742	1.04177428852
742.5	1.04177428852
743	0.979706930693
743.5	0.979706930693
744	1.14917369971
744.5	1.14917369971
745	0.671145400593
745.5	0.671145400593
746	0.8596875
746.5	0.8596875
747	0.399876923077
747.5	0.399876923077
748	0.869082352941
748.5	0.869082352941
749	0.429176470588
749.5	0.429176470588
750	0.583968379447
750.5	0.583968379447
751.0	0.583968379447
751.5	0.487959933222
752.0	0.487959933222
752.5	0.67180990099
753.0	0.67180990099
753.5	0.509275247525
754.0	0.509275247525
754.5	0.530421364985
755.0	0.530421364985
755.5	1.21479484638
756.0	1.21479484638
756.5	0.548428849903
757.0	0.548428849903
757.5	0.356648044693
758.0	0.356648044693
758.5	0.780166336634
759.0	0.780166336634
759.5	1.00584215784
760.0	1.00584215784
760.5	0.926445986125
761.0	0.926445986125
761.5	0.265631067961
762.0	0.265631067961
762.5	0.552512621359
763.0	0.552512621359
763.5	0.59596039604
764.0	0.59596039604
764.5	0.611640718563
765.0	0.611640718563
765.5	1.04125272547
766.0	1.04125272547
766.5	0.690460333007
767.0	0.690460333007
767.5	0.890285714286
768.0	0.890285714286
768.5	1.49783016983
769.0	1.49783016983
769.5	1.85022222222
770.0	1.85022222222
770.5	1.54034495413
771.0	1.54034495413
771.5	1.73198813056
772.0	1.73198813056
772.5	2.10870168484
773.0	2.10870168484
773.5	2.30687712288
774.0	2.30687712288
774.5	1.76476323676
775.0	1.76476323676
775.5	1.76476323676
776	1.79004580153
776.5	1.79004580153
777	1.85862137862
777.5	1.85862137862
778	1.56638255699
778.5	1.56638255699
779	2.42714085914
779.5	2.42714085914
780	2.15835364635
780.5	2.15835364635
781	2.05650793651
781.5	2.05650793651
782	2.50367232767
782.5	2.50367232767
783	2.44261338661
783.5	2.44261338661
784	2.52336507937
784.5	2.52336507937
785	2.25831287129
785.5	2.25831287129
786	1.98292277228
786.5	1.98292277228
787	1.81405148515
787.5	1.81405148515
788	2.40527472527
788.5	2.40527472527
789	2.14124876115
789.5	2.14124876115
790	1.5865029703
790.5	1.5865029703
791	1.45565825243
791.5	1.45565825243
792	0.718870588235
792.5	0.718870588235
793	0.580571428571
793.5	0.580571428571
794	1.86955444555
794.5	1.86955444555
795	1.98939147671
795.5	1.98939147671
796	2.06960792079
796.5	2.06960792079
797	2.18021978022
797.5	2.18021978022
798	1.80500297324
798.5	1.80500297324
799	1.95275294118
799.5	1.95275294118
800	1.50657254902
800.5	1.50657254902
801	2.03355044955
801.5	2.03355044955
802	1.77246382557
802.5	1.77246382557
803	1.74453861386
803.5	1.74453861386
804	0.681075564279
804.5	0.681075564279
805	0.617020771513
805.5	0.617020771513
806	1.42701176471
806.5	1.42701176471
807	1.40397202797
807.5	1.40397202797
808	2.04996630327
808.5	2.04996630327
809	2.45354645355
809.5	2.45354645355
810	1.80500297324
810.5	1.80500297324
811	2.5474045954
811.5	2.5474045954
812	1.47022222222
812.5	1.47022222222
813.0	1.47022222222
813.5	2.20098991751
814.0	2.20098991751
814.5	2.48136237624
815.0	2.48136237624
815.5	1.88314570858
816.0	1.88314570858
816.5	2.29536507937
817.0	2.29536507937
817.5	2.26088622754
818.0	2.26088622754
818.5	2.43650793651
819.0	2.43650793651
819.5	2.68314085914
820.0	2.68314085914
820.5	1.75061040236
821.0	1.75061040236
821.5	2.43168031968
822.0	2.43168031968
822.5	1.55707936508
823.0	1.55707936508
823.5	2.19754645355
824.0	2.19754645355
824.5	2.71586813187
825.0	2.71586813187
825.5	3.92958241758
826.0	3.92958241758
826.5	2.79202378593
827.0	2.79202378593
827.5	3.17512887113
828.0	3.17512887113
828.5	3.02279365079
829.0	3.02279365079
829.5	3.12046353646
830.0	3.12046353646
830.5	3.0985974026
831.0	3.0985974026
831.5	3.23228599801
832.0	3.23228599801
832.5	2.32234965035
833.0	2.32234965035
833.5	2.78476039604
834.0	2.78476039604
834.5	2.92366833167
835.0	2.92366833167
835.5	3.51405394605
836.0	3.51405394605
836.5	2.76222222222
837.0	2.76222222222
837.5	2.58474325674
838.0	2.58474325674
838.5	2.9004876115
839.0	2.9004876115
839.5	3.51405394605
840.0	3.51405394605
840.5	3.33912487512
841.0	3.33912487512
841.5	2.93302675917
842.0	2.93302675917
842.5	2.58594251734
843.0	2.58594251734
843.5	2.31478295342
844.0	2.31478295342
844.5	2.73326673327
845.0	2.73326673327
845.5	3.44845554446
846.0	3.44845554446
846.5	3.34518929633
847.0	3.34518929633
847.5	2.6483960396
848.0	2.6483960396
848.5	2.5057005988
849.0	2.5057005988
849.5	2.04705697446
850.0	2.04705697446
850.5	2.56
851.0	2.56
851.5	3.12066534653
852.0	3.12066534653
852.5	2.40740918164
853.0	2.40740918164
853.5	2.61848166501
854.0	2.61848166501
854.5	2.51914485514
855.0	2.51914485514
855.5	2.841040715
856.0	2.841040715
856.5	3.49218781219
857.0	3.49218781219
857.5	3.33434291378
858.0	3.33434291378
858.5	2.45335445545
859.0	2.45335445545
859.5	2.72233366633
860.0	2.72233366633
860.5	2.58474325674
861.0	2.58474325674
861.5	3.62338461538
862.0	3.62338461538
862.5	4.01910125362
863.0	4.01910125362
863.5	3.43752247752
864.0	3.43752247752
864.5	3.13127308066
865.0	3.13127308066
865.5	3.13127308066
866	2.9880754717
866.5	2.9880754717
867	3.08312487512
867.5	3.08312487512
868	2.9257232581
868.5	2.9257232581
869	2.38794805195
869.5	2.38794805195
870	2.84713686314
870.5	2.84713686314
871	3.39193650794
871.5	3.39193650794
872	3.25166033966
872.5	3.25166033966
873	2.9764122894
873.5	2.9764122894
874	2.12618001978
874.5	2.12618001978
875	2.54889990089
875.5	2.54889990089
876	2.32234965035
876.5	2.32234965035
877	2.05446977205
877.5	2.05446977205
878	2.36154245754
878.5	2.36154245754
879	1.98939607843
879.5	1.98939607843
880	1.40540306583
880.5	1.40540306583
881	1.5196963037
881.5	1.5196963037
882	1.50764717542
882.5	1.50764717542
883	1.38854901961
883.5	1.38854901961
884	1.65949653122
884.5	1.65949653122
885	2.29992842942
885.5	2.29992842942
886	2.74868855721
886.5	2.74868855721
887	2.05995604396
887.5	2.05995604396
888	2.18012289395
888.5	2.18012289395
889	1.8158493558
889.5	1.8158493558
890	1.91601186944
890.5	1.91601186944
891	1.99628090999
891.5	1.99628090999
892	3.05486513487
892.5	3.05486513487
893	2.27590863952
893.5	2.27590863952
894	2.43807392607
894.5	2.43807392607
895	1.26103238469
895.5	1.26103238469
896	1.30898823529
896.5	1.30898823529
897	1.19641980198
897.5	1.19641980198
898	1.22442772277
898.5	1.22442772277
899	1.28944158416
899.5	1.28944158416
900	1.36444271845
900.5	1.36444271845
901	1.38711377246
901.5	1.38711377246
902	1.4362259663
902.5	1.4362259663
903	2.25317647059
903.5	2.25317647059
904	1.50130426165
904.5	1.50130426165
905	1.31196803197
905.5	1.31196803197
906	1.37114767096
906.5	1.37114767096
907	2.7441998002
907.5	2.7441998002
908	3.04394005994
908.5	3.04394005994
909	2.61848166501
909.5	2.61848166501
910	2.72687312687
910.5	2.72687312687
911.0	2.72687312687
911.5	2.86779781962
912.0	2.86779781962
912.5	2.03546923077
913.0	2.03546923077
913.5	3.09936637512
914.0	3.09936637512
914.5	3.17381535471
915.0	3.17381535471
915.5	3.1067537092
916.0	3.1067537092
916.5	2.54835212661
917.0	2.54835212661
917.5	2.37798626104
918.0	2.37798626104
918.5	2.49727872128
919.0	2.49727872128
919.5	2.61754245754
920.0	2.61754245754
920.5	3.21886113886
921.0	3.21886113886
921.5	2.79305660377
922.0	2.79305660377
922.5	2.56287712288
923.0	2.56287712288
923.5	2.72694549058
924.0	2.72694549058
924.5	3.39379020979
925.0	3.39379020979
925.5	4.18094705295
926.0	4.18094705295
926.5	3.78237328094
927.0	3.78237328094
927.5	4.30123476523
928.0	4.30123476523
928.5	3.71084915085
929.0	3.71084915085
929.5	4.1591048951
930.0	4.1591048951
930.5	3.74669032831
931.0	3.74669032831
931.5	4.13723876124
932.0	4.13723876124
932.5	4.13697522299
933.0	4.13697522299
933.5	3.52222222222
934.0	3.52222222222
934.5	2.42074725275
935.0	2.42074725275
935.5	2.68314085914
936.0	2.68314085914
936.5	2.74873926074
937.0	2.74873926074
937.5	3.13922848665
938.0	3.13922848665
938.5	3.14979527559
939.0	3.14979527559
939.5	3.30283921569
940.0	3.30283921569
940.5	4.3559000999
941.0	4.3559000999
941.5	3.94044355644
942.0	3.94044355644
942.5	3.51405394605
943.0	3.51405394605
943.5	2.6888897716
944.0	2.6888897716
944.5	3.02464886251
945.0	3.02464886251
945.5	2.75948463826
946.0	2.75948463826
946.5	3.78738061938
947.0	3.78738061938
947.5	4.51848862512
948.0	4.51848862512
948.5	4.0153015873
949.0	4.0153015873
949.5	4.50896303696
950.0	4.50896303696
950.5	4.69482517483
951.0	4.69482517483
951.5	4.30577422577
952.0	4.30577422577
952.5	4.4623666997
953.0	4.4623666997
953.5	4.4623666997
954	4.58900374532
954.5	4.58900374532
955	4.74949050949
955.5	4.74949050949
956	4.91348651349
956.5	4.91348651349
957	4.4885629336
957.5	4.4885629336
958	5.02281718282
958.5	5.02281718282
959	4.32332135729
959.5	4.32332135729
960	4.71198403194
960.5	4.71198403194
961	4.02276616915
961.5	4.02276616915
962	4.25657029703
962.5	4.25657029703
963	4.892777667
963.5	4.892777667
964	4.15192351816
964.5	4.15192351816
965	4.90255344655
965.5	4.90255344655
966	4.64867233239
966.5	4.64867233239
967	4.83695504496
967.5	4.83695504496
968	4.78228971029
968.5	4.78228971029
969	4.19644355644
969.5	4.19644355644
970	4.71781317601
970.5	4.71781317601
971	4.11526095238
971.5	4.11526095238
972	4.92441958042
972.5	4.92441958042
973	4.6901407334
973.5	4.6901407334
974	3.93404995005
974.5	3.93404995005
975	4.24656943057
975.5	4.24656943057
976	3.80450793651
976.5	3.80450793651
977	3.35005794206
977.5	3.35005794206
978	2.82527072927
978.5	2.82527072927
979	3.37192407592
979.5	3.37192407592
980	3.53592007992
980.5	3.53592007992
981	3.6271332008
981.5	3.6271332008
982	3.12047152847
982.5	3.12047152847
983	3.35603567889
983.5	3.35603567889
984	3.0657982018
984.5	3.0657982018
985	3.21886113886
985.5	3.21886113886
986	3.05536507937
986.5	3.05536507937
987	3.7753029703
987.5	3.7753029703
