0.0	3.01352079208
0.5	3.01352079208
1.0	3.01352079208
1.5	2.35164870259
2.0	2.35164870259
2.5	1.48605447471
3.0	1.48605447471
3.5	0.806721568627
4.0	0.806721568627
4.5	1.27674615385
5.0	1.27674615385
5.5	1.69672079208
6.0	1.69672079208
6.5	2.44139060939
7.0	2.44139060939
7.5	1.9572666025
8.0	1.9572666025
8.5	2.91622551929
9.0	2.91622551929
9.5	3.66564915758
10.0	3.66564915758
10.5	2.683004995
11.0	2.683004995
11.5	2.41754707379
12.0	2.41754707379
12.5	2.08423576424
13.0	2.08423576424
13.5	3.36673978066
14.0	3.36673978066
14.5	1.86292717584
15.0	1.86292717584
15.5	3.12267722772
16.0	3.12267722772
16.5	3.12267722772
17	1.6809088
17.5	1.6809088
18	3.17478978389
18.5	3.17478978389
19	3.62995812562
19.5	3.62995812562
20	2.79106493506
20.5	2.79106493506
21	3.44786653582
21.5	3.44786653582
22	2.68885514486
22.5	2.68885514486
23	3.88416383616
23.5	3.88416383616
24	2.75024236453
24.5	2.75024236453
25	3.20595608782
25.5	3.20595608782
26	3.18648888889
26.5	3.18648888889
27	3.97338661339
27.5	3.97338661339
28	2.61966033966
28.5	2.61966033966
29.0	2.61966033966
29.5	3.43665787159
30.0	3.43665787159
30.5	3.2901923775
31.0	3.2901923775
31.5	3.33228837998
32.0	3.33228837998
32.5	3.18737391304
33.0	3.18737391304
33.5	3.18737391304
34	1.76725750682
34.5	1.76725750682
35	3.23876435644
35.5	3.23876435644
36	2.56790769231
36.5	2.56790769231
37	3.38646336634
37.5	3.38646336634
38	2.67179813084
38.5	2.67179813084
39	3.28852747253
39.5	3.28852747253
40	2.61860539461
40.5	2.61860539461
41	3.23746031746
41.5	3.23746031746
42	3.27994405594
42.5	3.27994405594
43	2.41880519481
43.5	2.41880519481
44	3.26738888889
44.5	3.26738888889
45	2.84903272727
45.5	2.84903272727
46	3.58735049505
46.5	3.58735049505
47	3.50501498501
47.5	3.50501498501
48	2.80124822695
48.5	2.80124822695
49	3.53948451548
49.5	3.53948451548
50	2.46734065934
50.5	2.46734065934
51	3.10098711596
51.5	3.10098711596
52	2.62647920792
52.5	2.62647920792
53	2.26862698413
53.5	2.26862698413
54.0	2.26862698413
54.5	2.50152072072
55.0	2.50152072072
55.5	2.41555244755
56.0	2.41555244755
56.5	1.9015579782
57.0	1.9015579782
57.5	1.67079633028
58.0	1.67079633028
58.5	3.06541641939
59.0	3.06541641939
59.5	3.18733266733
60.0	3.18733266733
60.5	2.70928133705
61.0	2.70928133705
61.5	2.45017382617
62.0	2.45017382617
62.5	2.90585530228
63.0	2.90585530228
63.5	3.03836963037
64.0	3.03836963037
64.5	3.04267732268
65.0	3.04267732268
65.5	1.55587301587
66.0	1.55587301587
66.5	1.92909415263
67.0	1.92909415263
67.5	2.11638019802
68.0	2.11638019802
68.5	2.10897725025
69.0	2.10897725025
69.5	3.00256888008
70.0	3.00256888008
70.5	2.67530869131
71.0	2.67530869131
71.5	3.29148412698
72.0	3.29148412698
72.5	2.50164660194
73.0	2.50164660194
73.5	2.90615045872
74.0	2.90615045872
74.5	2.91910578842
75.0	2.91910578842
75.5	2.91910578842
76	1.64691115312
76.5	1.64691115312
77	1.78101898102
77.5	1.78101898102
78	3.12989312977
78.5	3.12989312977
79	3.66903496503
79.5	3.66903496503
80	3.18686307838
80.5	3.18686307838
81	3.5953254902
81.5	3.5953254902
82	3.16567692308
82.5	3.16567692308
83	3.22802807018
83.5	3.22802807018
84	3.70688511489
84.5	3.70688511489
85	2.39334786918
85.5	2.39334786918
86	2.79571628372
86.5	2.79571628372
87.0	2.79571628372
87.5	3.11105921601
88.0	3.11105921601
88.5	3.38163436563
89.0	3.38163436563
89.5	2.28825548902
90.0	2.28825548902
90.5	3.12823809524
91.0	3.12823809524
91.5	2.75856943057
92.0	2.75856943057
92.5	2.72485544554
93.0	2.72485544554
93.5	3.20403984064
94.0	3.20403984064
94.5	2.71353581662
95.0	2.71353581662
95.5	3.92042021804
96.0	3.92042021804
96.5	2.30472727273
97.0	2.30472727273
97.5	3.2271555996
98.0	3.2271555996
98.5	2.93616153846
99.0	2.93616153846
99.5	2.78446732673
100.0	2.78446732673
100.5	1.94037227723
101.0	1.94037227723
101.5	1.94037227723
102	1.54588108108
102.5	1.54588108108
103	2.73312287712
103.5	2.73312287712
104	1.84635877106
104.5	1.84635877106
105	2.74106
105.5	2.74106
106	3.54799207921
106.5	3.54799207921
107	3.53643156843
107.5	3.53643156843
108	3.8575024975
108.5	3.8575024975
109	3.33316753022
109.5	3.33316753022
110	2.63548451548
110.5	2.63548451548
111	3.20461138861
111.5	3.20461138861
112.0	3.20461138861
112.5	2.39882003711
113.0	2.39882003711
113.5	3.44610589411
114.0	3.44610589411
114.5	2.90985133796
115.0	2.90985133796
115.5	3.03458947368
116.0	3.03458947368
116.5	3.43202376238
117.0	3.43202376238
117.5	2.84234965035
118.0	2.84234965035
118.5	2.71983349851
119.0	2.71983349851
119.5	2.73355893536
120.0	2.73355893536
120.5	3.03483088235
121.0	3.03483088235
121.5	3.30372027972
122.0	3.30372027972
122.5	3.55684985836
123.0	3.55684985836
123.5	3.31633966034
124.0	3.31633966034
124.5	2.71333201189
125.0	2.71333201189
125.5	2.04501898102
126.0	2.04501898102
126.5	2.06597402597
127.0	2.06597402597
127.5	2.77685799404
128.0	2.77685799404
128.5	1.59526660059
129.0	1.59526660059
129.5	1.59526660059
130	1.89454360711
130.5	1.89454360711
131	2.3404990099
131.5	2.3404990099
132	2.05851089109
132.5	2.05851089109
133	2.29182817183
133.5	2.29182817183
134	1.87973553719
134.5	1.87973553719
135	2.63925765054
135.5	2.63925765054
136	1.94423038729
136.5	1.94423038729
137	2.43706930693
137.5	2.43706930693
138	2.67064554455
138.5	2.67064554455
139	2.09728571429
139.5	2.09728571429
140	2.59174425574
140.5	2.59174425574
141	2.14148551361
141.5	2.14148551361
142	2.44435564436
142.5	2.44435564436
143	2.37684836472
143.5	2.37684836472
144	2.83106493506
144.5	2.83106493506
145.0	2.83106493506
145.5	1.94890572119
146.0	1.94890572119
146.5	2.0383255814
147.0	2.0383255814
147.5	2.65698301698
148.0	2.65698301698
148.5	2.20553467954
149.0	2.20553467954
149.5	2.75275294118
150.0	2.75275294118
150.5	2.81755844156
151.0	2.81755844156
151.5	3.97671128871
152.0	3.97671128871
152.5	4.06151040634
153.0	4.06151040634
153.5	4.06151040634
154	3.02278412391
154.5	3.02278412391
155	4.25689332004
155.5	4.25689332004
156	3.52997250859
156.5	3.52997250859
157	3.1395004995
157.5	3.1395004995
158	3.15712287712
158.5	3.15712287712
159	3.10492154916
159.5	3.10492154916
160	3.39211188811
160.5	3.39211188811
161	3.13323476523
161.5	3.13323476523
162.0	3.13323476523
162.5	1.61939184178
163.0	1.61939184178
163.5	4.58277722278
164.0	4.58277722278
164.5	3.32792015968
165.0	3.32792015968
165.5	3.51402391904
166.0	3.51402391904
166.5	3.76075124875
167.0	3.76075124875
167.5	3.76075124875
168	2.95764075067
168.5	2.95764075067
169	4.07636726547
169.5	4.07636726547
170	3.01533951763
170.5	3.01533951763
171	4.11775424575
171.5	4.11775424575
172	3.17512339585
172.5	3.17512339585
173	3.37452947053
173.5	3.37452947053
174	3.02100696517
174.5	3.02100696517
175	3.08026035503
175.5	3.08026035503
176	3.18067594433
176.5	3.18067594433
177	3.09964435564
177.5	3.09964435564
178	3.852432111
178.5	3.852432111
179	3.0673029703
179.5	3.0673029703
180	3.38185229541
180.5	3.38185229541
181	3.07715820896
181.5	3.07715820896
182	3.55455536627
182.5	3.55455536627
183	4.10876323676
183.5	4.10876323676
184	3.24023153693
184.5	3.24023153693
185	4.35440714995
185.5	4.35440714995
186	3.65394605395
186.5	3.65394605395
187	2.1232515667
187.5	2.1232515667
188	2.95318281718
188.5	2.95318281718
189	2.99954104847
189.5	2.99954104847
190	3.06640559441
190.5	3.06640559441
191	3.35045084409
191.5	3.35045084409
192.0	3.35045084409
192.5	3.00714766355
193.0	3.00714766355
193.5	3.25960878244
194.0	3.25960878244
194.5	2.9735
195.0	2.9735
195.5	3.52421944177
196.0	3.52421944177
196.5	4.2154005994
197.0	4.2154005994
197.5	3.46453378956
198.0	3.46453378956
198.5	3.37793398751
199.0	3.37793398751
199.5	3.37793398751
200	3.64514030384
200.5	3.64514030384
201	2.69117202797
201.5	2.69117202797
202.0	2.69117202797
202.5	3.18714814815
203.0	3.18714814815
203.5	3.88643323442
204.0	3.88643323442
204.5	3.74994810379
205.0	3.74994810379
205.5	2.86311817279
206.0	2.86311817279
206.5	3.0742895851
207.0	3.0742895851
207.5	3.0742895851
208	2.64475768406
208.5	2.64475768406
209	1.93515284715
209.5	1.93515284715
210	1.88385332012
210.5	1.88385332012
211	1.86125340599
211.5	1.86125340599
212	2.80593267327
212.5	2.80593267327
213	2.827004995
213.5	2.827004995
214	2.90818253968
214.5	2.90818253968
215	4.02701992032
215.5	4.02701992032
216	4.17716898608
216.5	4.17716898608
217	3.42618518519
217.5	3.42618518519
218	3.1398041958
218.5	3.1398041958
219	3.01607992008
219.5	3.01607992008
220	2.97442557443
220.5	2.97442557443
221	3.00433743409
221.5	3.00433743409
222.0	3.00433743409
222.5	2.72798557259
223.0	2.72798557259
223.5	2.75851348651
224.0	2.75851348651
224.5	1.31226957384
225.0	1.31226957384
225.5	2.05215584416
226.0	2.05215584416
226.5	2.09505694306
227.0	2.09505694306
227.5	2.00485714286
228.0	2.00485714286
228.5	1.58951448551
229.0	1.58951448551
229.5	2.5800999001
230.0	2.5800999001
230.5	2.68904042179
231.0	2.68904042179
231.5	2.89022754491
232.0	2.89022754491
232.5	1.9410685413
233.0	1.9410685413
233.5	2.49944455544
234.0	2.49944455544
234.5	2.54474325674
235.0	2.54474325674
235.5	2.58594444444
236.0	2.58594444444
236.5	2.2273006993
237.0	2.2273006993
237.5	2.23447920792
238.0	2.23447920792
238.5	2.79666733267
239.0	2.79666733267
239.5	2.70848412698
240.0	2.70848412698
240.5	1.96980619381
241.0	1.96980619381
241.5	3.16641758242
242.0	3.16641758242
242.5	3.1519047619
243.0	3.1519047619
243.5	2.44711370262
244.0	2.44711370262
244.5	3.29496237624
245.0	3.29496237624
245.5	1.78146785361
246.0	1.78146785361
246.5	3.37508091908
247.0	3.37508091908
247.5	3.37508091908
248	1.76131053105
248.5	1.76131053105
249	2.38811519364
249.5	2.38811519364
250	2.54210778443
250.5	2.54210778443
251	2.86628571429
251.5	2.86628571429
252	2.7478041958
252.5	2.7478041958
253	3.03788888889
253.5	3.03788888889
254	3.99056943057
254.5	3.99056943057
255	3.32808791209
255.5	3.32808791209
256	3.21580971259
256.5	3.21580971259
257	3.42926673327
257.5	3.42926673327
258	3.49075396825
258.5	3.49075396825
259	3.43098501499
259.5	3.43098501499
260	1.9244995005
260.5	1.9244995005
261	2.62816285998
261.5	2.62816285998
262	2.24335381566
262.5	2.24335381566
263	2.21558441558
263.5	2.21558441558
264	3.18883647175
264.5	3.18883647175
265	3.01893306693
265.5	3.01893306693
266	2.77408126858
266.5	2.77408126858
267	3.29354645355
267.5	3.29354645355
268	4.2151048951
268.5	4.2151048951
269	3.49276254181
269.5	3.49276254181
270	3.5840653951
270.5	3.5840653951
271	4.65461738262
271.5	4.65461738262
272	4.22258541459
272.5	4.22258541459
273	3.92493906094
273.5	3.92493906094
274.0	3.92493906094
274.5	3.68011857018
275.0	3.68011857018
275.5	0.23810475423
276.0	0.23810475423
276.5	6.19061201144
277.0	6.19061201144
277.5	2.18293013972
278.0	2.18293013972
278.5	2.18293013972
279	2.26198178506
279.5	2.26198178506
280	2.42074725275
280.5	2.42074725275
281	2.30532539683
281.5	2.30532539683
282	2.44900699301
282.5	2.44900699301
283	1.62710802775
283.5	1.62710802775
284	1.20462521008
284.5	1.20462521008
285	2.06634965035
285.5	2.06634965035
286	2.93596003996
286.5	2.93596003996
287	2.24346853147
287.5	2.24346853147
288	3.93361904762
288.5	3.93361904762
289	4.18778021978
289.5	4.18778021978
290	3.54450850492
290.5	3.54450850492
291	4.15028855721
291.5	4.15028855721
292	4.08909054726
292.5	4.08909054726
293	3.02171881188
293.5	3.02171881188
294.0	3.02171881188
294.5	3.02171881188
295	1.78059741856
295.5	1.78059741856
296	2.70046753247
296.5	2.70046753247
297	2.57765289256
297.5	2.57765289256
298	3.42157042957
298.5	3.42157042957
299	3.13494505495
299.5	3.13494505495
300	3.25966236346
300.5	3.25966236346
301	3.18784415584
301.5	3.18784415584
302	3.31476984127
302.5	3.31476984127
303	1.32863936064
303.5	1.32863936064
304	2.64027750248
304.5	2.64027750248
305	2.86208991009
305.5	2.86208991009
306	3.01094444444
306.5	3.01094444444
307	3.03734095238
307.5	3.03734095238
308	3.2028115688
308.5	3.2028115688
309	3.18045148515
309.5	3.18045148515
310	3.11899405941
310.5	3.11899405941
311	2.93854145854
311.5	2.93854145854
312	3.19033167825
312.5	3.19033167825
313	3.0086953047
313.5	3.0086953047
314	3.2095984016
314.5	3.2095984016
315	3.18786507937
315.5	3.18786507937
316	2.91601584158
316.5	2.91601584158
317	2.90065934066
317.5	2.90065934066
318	2.90372027972
318.5	2.90372027972
319	2.52003174603
319.5	2.52003174603
320	2.46398401598
320.5	2.46398401598
321	2.38570465808
321.5	2.38570465808
322	2.4526019802
322.5	2.4526019802
323	2.6458021978
323.5	2.6458021978
324	1.94371456888
324.5	1.94371456888
325	2.23214257426
325.5	2.23214257426
326	1.6645034965
326.5	1.6645034965
327	1.53170267592
327.5	1.53170267592
328	1.94608591409
328.5	1.94608591409
329	1.44182720953
329.5	1.44182720953
330	1.63996003996
330.5	1.63996003996
331	1.41946930693
331.5	1.41946930693
332	0.888522772277
332.5	0.888522772277
333	0.58697254902
333.5	0.58697254902
334.0	0.58697254902
334.5	0.793976470588
335.0	0.793976470588
335.5	4.38505882353
336.0	4.38505882353
336.5	1.93515284715
337.0	1.93515284715
337.5	2.1692765114
338.0	2.1692765114
338.5	1.69654653465
339.0	1.69654653465
339.5	1.71774666667
340.0	1.71774666667
340.5	2.23034565435
341.0	2.23034565435
341.5	2.05908730159
342.0	2.05908730159
342.5	1.3977980198
343.0	1.3977980198
343.5	0.797124752475
344.0	0.797124752475
344.5	1.46281188119
345.0	1.46281188119
345.5	1.09798626104
346.0	1.09798626104
346.5	0.7296
347.0	0.7296
347.5	1.01855049505
348.0	1.01855049505
348.5	0.628546534653
349.0	0.628546534653
349.5	0.856015841584
350.0	0.856015841584
350.5	0.856015841584
351	0.885384347826
351.5	0.885384347826
352	0.520636893204
352.5	0.520636893204
353	0.423008919722
353.5	0.423008919722
354	0.965328047572
354.5	0.965328047572
355	1.55473053892
355.5	1.55473053892
356	2.1226031746
356.5	2.1226031746
357	2.10018198037
357.5	2.10018198037
358	1.85359801489
358.5	1.85359801489
359	1.8185046729
359.5	1.8185046729
360	1.63996003996
360.5	1.63996003996
361	1.30312770138
361.5	1.30312770138
362	0.721582417582
362.5	0.721582417582
363	0.599516352825
363.5	0.599516352825
364.0	0.599516352825
364.5	0.508771513353
365.0	0.508771513353
365.5	0.325069306931
366.0	0.325069306931
366.5	0.42959764475
367.0	0.42959764475
367.5	0.931865346535
368.0	0.931865346535
368.5	0.727042532146
369.0	0.727042532146
369.5	0.997867195243
370.0	0.997867195243
370.5	1.03336237624
371.0	1.03336237624
371.5	0.801837623762
372.0	0.801837623762
372.5	0.433425742574
373.0	0.433425742574
373.5	0.418447058824
374.0	0.418447058824
374.5	0.428992592593
375.0	0.428992592593
375.5	0.568658823529
376.0	0.568658823529
376.5	0.437322677323
377.0	0.437322677323
377.5	0.489236151603
378.0	0.489236151603
378.5	0.585124752475
379.0	0.585124752475
379.5	0.439905882353
380.0	0.439905882353
380.5	0.301816023739
381.0	0.301816023739
381.5	0.401316154609
382.0	0.401316154609
382.5	0.525741176471
383.0	0.525741176471
383.5	0.21888
384.0	0.21888
384.5	0.220984615385
385.0	0.220984615385
385.5	0.292272997033
386.0	0.292272997033
386.5	0.255253644315
387.0	0.255253644315
387.5	0.257505882353
388.0	0.257505882353
388.5	0.357576237624
389.0	0.357576237624
389.5	0.357576237624
390	0.324114848236
390.5	0.324114848236
391	0.595370919881
391.5	0.595370919881
392	0.931865346535
392.5	0.931865346535
393	0.858352941176
393.5	0.858352941176
394	0.670100890208
394.5	0.670100890208
395	0.665876349362
395.5	0.665876349362
396	0.633035294118
396.5	0.633035294118
397	0.563685131195
397.5	0.563685131195
398	0.379247524752
398.5	0.379247524752
399	0.244618075802
399.5	0.244618075802
400.0	0.244618075802
400.5	0.200971098266
401.0	0.200971098266
401.5	0.281726732673
402.0	0.281726732673
402.5	0.357930624381
403.0	0.357930624381
403.5	0.360791208791
404.0	0.360791208791
404.5	0.287160349854
405.0	0.287160349854
405.5	0.414384466019
406.0	0.414384466019
406.5	0.335572700297
407.0	0.335572700297
407.5	0.411754455446
408.0	0.411754455446
408.5	0.402656603774
409.0	0.402656603774
409.5	0.361258252427
410.0	0.361258252427
410.5	0.256776237624
411.0	0.256776237624
411.5	0.440337585868
412.0	0.440337585868
412.5	0.67785014985
413.0	0.67785014985
413.5	0.827787819253
414.0	0.827787819253
414.5	1.38786069652
415.0	1.38786069652
415.5	0.343341176471
416.0	0.343341176471
416.5	0.382657342657
417.0	0.382657342657
417.5	0.759246778989
418.0	0.759246778989
418.5	0.736823762376
419.0	0.736823762376
419.5	0.704316831683
420.0	0.704316831683
420.5	0.28135014549
421.0	0.28135014549
421.5	0.347595765159
422.0	0.347595765159
422.5	0.299835616438
423.0	0.299835616438
423.5	0.293433962264
424.0	0.293433962264
424.5	0.407717647059
425.0	0.407717647059
425.5	0.278964705882
426.0	0.278964705882
426.5	0.278964705882
427	0.276524781341
427.5	0.276524781341
428	0.107294117647
428.5	0.107294117647
429	0.105230769231
429.5	0.105230769231
430	0.102280373832
430.5	0.102280373832
431	0.105230769231
431.5	0.105230769231
432	0.110444036697
432.5	0.110444036697
433	0.108356435644
433.5	0.108356435644
434	0.44475862069
434.5	0.44475862069
435	0.5472
435.5	0.5472
436	0.390083168317
436.5	0.390083168317
437	0.314233663366
437.5	0.314233663366
438.0	0.314233663366
438.5	0.446693877551
439.0	0.446693877551
439.5	0.329382524272
440.0	0.329382524272
440.5	0.203858823529
441.0	0.203858823529
441.5	0.343341176471
442.0	0.343341176471
442.5	0.2128
443.0	0.2128
443.5	0.21681509434
444.0	0.21681509434
444.5	0.289694117647
445.0	0.289694117647
445.5	0.196166037736
446.0	0.196166037736
446.5	0.127028571429
447.0	0.127028571429
447.5	0.127028571429
448.0	0.127028571429
448.5	0.127028571429
449.0	0.127028571429
449.5	0.127028571429
450	0.215230046948
450.5	0.215230046948
451	0.147323076923
451.5	0.147323076923
452	0.606195845697
452.5	0.606195845697
453	0.544589235127
453.5	0.544589235127
454	0.321882352941
454.5	0.321882352941
455.0	0.321882352941
455.5	0.222933333333
456.0	0.222933333333
456.5	0.13812815534
457.0	0.13812815534
457.5	0.113569811321
458.0	0.113569811321
458.5	0.118864235842
459.0	0.118864235842
459.5	0.196166037736
460.0	0.196166037736
460.5	0.196166037736
461	0.27625631068
461.5	0.27625631068
462	0.216712871287
462.5	0.216712871287
463	0.270891089109
463.5	0.270891089109
464	0.283850144092
464.5	0.283850144092
465	0.184205940594
465.5	0.184205940594
466	0.244856031128
466.5	0.244856031128
467	0.314233663366
467.5	0.314233663366
468	0.407717647059
468.5	0.407717647059
469	0.585124752475
469.5	0.585124752475
470	0.429176470588
470.5	0.429176470588
471	0.325714285714
471.5	0.325714285714
472	0.389728585178
472.5	0.389728585178
473	0.229594405594
473.5	0.229594405594
474	0.23493358999
474.5	0.23493358999
475.0	0.23493358999
475.5	0.210461538462
476.0	0.210461538462
476.5	0.925141210375
477.0	0.925141210375
477.5	0.170003883495
478.0	0.170003883495
478.5	0.358128970164
479.0	0.358128970164
479.5	0.346740594059
480.0	0.346740594059
480.5	0.552071216617
481.0	0.552071216617
481.5	0.332611764706
482.0	0.332611764706
482.5	0.332611764706
483	0.203490993608
483.5	0.203490993608
484	0.255501945525
484.5	0.255501945525
485.0	0.255501945525
485.5	0.3841
486.0	0.3841
486.5	0.515011764706
487.0	0.515011764706
487.5	0.310240469208
488.0	0.310240469208
488.5	0.38
489.0	0.38
489.5	0.231507692308
490.0	0.231507692308
490.5	0.229740458015
491.0	0.229740458015
491.5	1.27825742574
492.0	1.27825742574
492.5	1.30608440367
493.0	1.30608440367
493.5	1.82582217782
494.0	1.82582217782
494.5	1.34984160139
495.0	1.34984160139
495.5	1.34361980198
496.0	1.34361980198
496.5	0.622305882353
497.0	0.622305882353
497.5	0.199938461538
498.0	0.199938461538
498.5	0.259798219585
499.0	0.259798219585
499.5	0.259798219585
500	0.368307692308
500.5	0.368307692308
501	0.303698711596
501.5	0.303698711596
502	0.396988235294
502.5	0.396988235294
503	0.226517647059
503.5	0.226517647059
504	0.34000776699
504.5	0.34000776699
505	0.193129411765
505.5	0.193129411765
506	0.128626836435
506.5	0.128626836435
507	0.191440233236
507.5	0.191440233236
508	0.189415384615
508.5	0.189415384615
509	0.24921980198
509.5	0.24921980198
510	0.300423529412
510.5	0.300423529412
511	0.365157998037
511.5	0.365157998037
512	0.429176470588
512.5	0.429176470588
513	1.46503096903
513.5	1.46503096903
514	2.03239245283
514.5	2.03239245283
515	2.05877227723
515.5	2.05877227723
516	1.71897435897
516.5	1.71897435897
517	1.96904970179
517.5	1.96904970179
518	1.68745853194
518.5	1.68745853194
519	2.52553846154
519.5	2.52553846154
520	1.96971828172
520.5	1.96971828172
521.0	1.96971828172
521.5	1.94316960148
522.0	1.94316960148
522.5	2.31755294118
523.0	2.31755294118
523.5	2.18150649351
524.0	2.18150649351
524.5	2.12878493558
525.0	2.12878493558
525.5	1.98893413174
526.0	1.98893413174
526.5	2.36920754717
527.0	2.36920754717
527.5	2.0122037962
528.0	2.0122037962
528.5	1.51400594648
529.0	1.51400594648
529.5	2.06634965035
530.0	2.06634965035
530.5	1.54380178394
531.0	1.54380178394
531.5	1.78208991009
532.0	1.78208991009
532.5	0.575281519862
533.0	0.575281519862
533.5	2.40527472527
534.0	2.40527472527
534.5	1.52915084915
535.0	1.52915084915
535.5	1.49266997027
536.0	1.49266997027
536.5	1.76791184573
537.0	1.76791184573
537.5	2.03355044955
538.0	2.03355044955
538.5	1.53545292369
539.0	1.53545292369
539.5	1.93848712871
540.0	1.93848712871
540.5	2.45703529412
541.0	2.45703529412
541.5	1.67311888112
542.0	1.67311888112
542.5	1.04125272547
543.0	1.04125272547
543.5	0.42638961039
544.0	0.42638961039
544.5	0.501354025218
545.0	0.501354025218
545.5	0.331355599214
546.0	0.331355599214
546.5	0.105230769231
547.0	0.105230769231
547.5	0.105230769231
548	0.105230769231
548.5	0.105230769231
549	0.106252427184
549.5	0.106252427184
550	0.108356435644
550.5	0.108356435644
551	0.114651428571
551.5	0.114651428571
552	0.110444036697
552.5	0.110444036697
553	0.108454054054
553.5	0.108454054054
554	0.105230769231
554.5	0.105230769231
555	0.104228571429
555.5	0.104228571429
556	0.10944
556.5	0.10944
557.0	0.10944
557.5	0.110444036697
558.0	0.110444036697
558.5	0.108356435644
559.0	0.108356435644
559.5	0.106252427184
560.0	0.106252427184
560.5	0.104228571429
561.0	0.104228571429
561.5	0.108356435644
562.0	0.108356435644
562.5	0.104228571429
563.0	0.104228571429
563.5	0.106252427184
564.0	0.106252427184
564.5	0.102376052385
565.0	0.102376052385
565.5	0.110342804766
566.0	0.110342804766
566.5	0.107294117647
567.0	0.107294117647
567.5	0.374921078921
568.0	0.374921078921
568.5	1.17991691395
569.0	1.17991691395
569.5	1.17991691395
570	1.12429215509
570.5	1.12429215509
571	1.58514285714
571.5	1.58514285714
572	1.29350649351
572.5	1.29350649351
573	1.8854019802
573.5	1.8854019802
574	2.33967632368
574.5	2.33967632368
575	2.54624380575
575.5	2.54624380575
576	2.89684715285
576.5	2.89684715285
577.0	2.89684715285
577.5	2.89684715285
578.0	2.89684715285
578.5	2.89684715285
579.0	2.89684715285
579.5	2.89684715285
580.0	2.89684715285
580.5	2.89684715285
581.0	2.89684715285
581.5	2.89684715285
582.0	2.89684715285
582.5	0.245131848284
583.0	0.245131848284
583.5	1.28881437126
584.0	1.28881437126
584.5	2.80584920635
585.0	2.80584920635
585.5	2.75577718833
586.0	2.75577718833
586.5	2.64202551521
587.0	2.64202551521
587.5	1.79627572428
588.0	1.79627572428
588.5	1.76323669725
589.0	1.76323669725
589.5	1.96125148515
590.0	1.96125148515
590.5	1.3446970297
591.0	1.3446970297
591.5	1.3446970297
592	1.51974679213
592.5	1.51974679213
593	2.13194805195
593.5	2.13194805195
594	1.53330120482
594.5	1.53330120482
595	1.83675524476
595.5	1.83675524476
596	1.19025366695
596.5	1.19025366695
597	1.57116831683
597.5	1.57116831683
598.0	1.57116831683
598.5	1.60663272727
599.0	1.60663272727
599.5	0.975207920792
600.0	0.975207920792
600.5	0.286881553398
601.0	0.286881553398
601.5	0.286881553398
602.0	0.286881553398
602.5	0.690640776699
603.0	0.690640776699
603.5	0.654494117647
604.0	0.654494117647
604.5	0.382834951456
605.0	0.382834951456
605.5	0.134092365693
606.0	0.134092365693
606.5	0.109330669331
607.0	0.109330669331
607.5	0.139414012739
608.0	0.139414012739
608.5	0.153062937063
609.0	0.153062937063
609.5	0.153062937063
610	0.100866359447
610.5	0.100866359447
611	0.131855421687
611.5	0.131855421687
612	0.107084148728
612.5	0.107084148728
613	0.132196721311
613.5	0.132196721311
614	0.139756385069
614.5	0.139756385069
615	0.131065868263
615.5	0.131065868263
616	0.128879293425
616.5	0.128879293425
617.0	0.128879293425
617.5	0.129691886964
618.0	0.129691886964
618.5	0.141866666667
619.0	0.141866666667
619.5	0.105433526012
620.0	0.105433526012
620.5	0.152
621.0	0.152
621.5	0.100588235294
622.0	0.100588235294
622.5	0.341294225481
623.0	0.341294225481
623.5	0.341294225481
624	0.12768
624.5	0.12768
625	0.137195756991
625.5	0.137195756991
626	0.152910179641
626.5	0.152910179641
627	0.185862137862
627.5	0.185862137862
628	0.119497725205
628.5	0.119497725205
629	0.139619234544
629.5	0.139619234544
630	0.698028571429
630.5	0.698028571429
631	1.73835764236
631.5	1.73835764236
632	1.91065734266
632.5	1.91065734266
633	2.22479365079
633.5	2.22479365079
634	2.10517111771
634.5	2.10517111771
635	2.36302874133
635.5	2.36302874133
636	1.79941658342
636.5	1.79941658342
637	1.80681863231
637.5	1.80681863231
638	1.99074626866
638.5	1.99074626866
639.0	1.99074626866
639.5	2.25163492063
640.0	2.25163492063
640.5	2.10264554455
641.0	2.10264554455
641.5	2.1473980198
642.0	2.1473980198
642.5	2.10480689655
643.0	2.10480689655
643.5	1.67699104478
644.0	1.67699104478
644.5	1.38885714286
645.0	1.38885714286
645.5	1.84768831169
646.0	1.84768831169
646.5	2.037
647.0	2.037
647.5	2.037
648	2.54637623762
648.5	2.54637623762
649	1.91007392607
649.5	1.91007392607
650	2.03911992071
650.5	2.03911992071
651	1.92116683317
651.5	1.92116683317
652	1.45341526264
652.5	1.45341526264
653	1.20169411765
653.5	1.20169411765
654	2.47069582505
654.5	2.47069582505
655	1.45264670659
655.5	1.45264670659
656	1.30176984127
656.5	1.30176984127
657	1.62902697303
657.5	1.62902697303
658	1.47843805748
658.5	1.47843805748
659	1.64865014866
659.5	1.64865014866
660	1.06595004995
660.5	1.06595004995
661	0.961149700599
661.5	0.961149700599
662	1.06097318769
662.5	1.06097318769
663	0.368047477745
663.5	0.368047477745
664	0.682645544554
664.5	0.682645544554
665	0.84518019802
665.5	0.84518019802
666	1.04190248756
666.5	1.04190248756
667	0.952572533849
667.5	0.952572533849
668	0.834344554455
668.5	0.834344554455
669	0.944501960784
669.5	0.944501960784
670	1.01855049505
670.5	1.01855049505
671	0.954481665015
671.5	0.954481665015
672.0	0.954481665015
672.5	1.125775571
673.0	1.125775571
673.5	1.05148235294
674.0	1.05148235294
674.5	0.552071216617
675.0	0.552071216617
675.5	0.819966323667
676.0	0.819966323667
676.5	1.38409411765
677.0	1.38409411765
677.5	0.986043564356
678.0	0.986043564356
678.5	0.780166336634
679.0	0.780166336634
679.5	0.222661682243
680.0	0.222661682243
680.5	0.205877227723
681.0	0.205877227723
681.5	0.639302970297
682.0	0.639302970297
682.5	0.404119760479
683.0	0.404119760479
683.5	0.935292730845
684.0	0.935292730845
684.5	0.321882352941
685.0	0.321882352941
685.5	0.487603960396
686.0	0.487603960396
686.5	1.10278931751
687.0	1.10278931751
687.5	1.56187908821
688.0	1.56187908821
688.5	1.11883316683
689.0	1.11883316683
689.5	1.76796035679
690.0	1.76796035679
690.5	1.01127920792
691.0	1.01127920792
691.5	1.07272871287
692.0	1.07272871287
692.5	1.02668263473
693.0	1.02668263473
693.5	1.05396203796
694.0	1.05396203796
694.5	1.05251422964
695.0	1.05251422964
695.5	0.790011881188
696.0	0.790011881188
696.5	1.27916883117
697.0	1.27916883117
697.5	1.36672222222
698.0	1.36672222222
698.5	1.46503096903
699.0	1.46503096903
699.5	1.36248166501
700.0	1.36248166501
700.5	1.0944
701.0	1.0944
701.5	0.818645669291
702.0	0.818645669291
702.5	0.784828685259
703.0	0.784828685259
703.5	0.316031683168
704.0	0.316031683168
704.5	0.53572027972
705.0	0.53572027972
705.5	0.42959764475
706.0	0.42959764475
706.5	0.42959764475
707	0.260055445545
707.5	0.260055445545
708	0.787180819181
708.5	0.787180819181
709	1.01067195243
709.5	1.01067195243
710	0.823508910891
710.5	0.823508910891
711	0.386258823529
711.5	0.386258823529
712	1.07272871287
712.5	1.07272871287
713	0.91208627451
713.5	0.91208627451
714	0.801837623762
714.5	0.801837623762
715	0.435634951456
715.5	0.435634951456
716	0.216712871287
716.5	0.216712871287
717	0.273863330125
717.5	0.273863330125
718	0.543578564941
718.5	0.543578564941
719	0.596551040634
719.5	0.596551040634
720	1.00856470588
720.5	1.00856470588
721	1.11585882353
721.5	1.11585882353
722	0.502419161677
722.5	0.502419161677
723	0.313581661891
723.5	0.313581661891
724	0.536567432567
724.5	0.536567432567
725	0.574289108911
725.5	0.574289108911
726	0.725988118812
726.5	0.725988118812
727	0.768184615385
727.5	0.768184615385
728	0.252553846154
728.5	0.252553846154
729.0	0.252553846154
729.5	0.189597690087
730.0	0.189597690087
730.5	0.226925541942
731.0	0.226925541942
731.5	0.304996721311
732.0	0.304996721311
732.5	0.801837623762
733.0	0.801837623762
733.5	0.49843960396
734.0	0.49843960396
734.5	0.563685131195
735.0	0.563685131195
735.5	0.191068865179
736.0	0.191068865179
736.5	0.62352848723
737.0	0.62352848723
737.5	0.754381618382
738.0	0.754381618382
738.5	0.343341176471
739.0	0.343341176471
739.5	0.343341176471
740	0.233439865433
740.5	0.233439865433
741	0.227548514851
741.5	0.227548514851
742	0.239497621313
742.5	0.239497621313
743	0.108571428571
743.5	0.108571428571
744	0.110748850046
744.5	0.110748850046
745	0.115420901246
745.5	0.115420901246
746	0.112508411215
746.5	0.112508411215
747	0.107294117647
747.5	0.107294117647
748	0.119192079208
748.5	0.119192079208
749	0.12048440367
749.5	0.12048440367
750	0.108356435644
750.5	0.108356435644
751.0	0.108356435644
751.5	0.112613657624
752.0	0.112613657624
752.5	0.115753846154
753.0	0.115753846154
753.5	0.114542340628
754.0	0.114542340628
754.5	0.838338835795
755.0	0.838338835795
755.5	1.49217982018
756.0	1.49217982018
756.5	2.23621978022
757.0	2.23621978022
757.5	1.76458585859
758.0	1.76458585859
758.5	1.76458585859
759	2.04901132075
759.5	2.04901132075
760	1.6074877193
760.5	1.6074877193
761	1.72724779628
761.5	1.72724779628
762	1.49155642787
762.5	1.49155642787
763	1.87355401388
763.5	1.87355401388
764	1.66087824351
764.5	1.66087824351
765	2.80888095238
765.5	2.80888095238
766	2.0126993007
766.5	2.0126993007
767	2.85353846154
767.5	2.85353846154
768	3.71363036963
768.5	3.71363036963
769	4.10396003996
769.5	4.10396003996
770	1.91627572428
770.5	1.91627572428
771	2.90790049751
771.5	2.90790049751
772	2.58218793274
772.5	2.58218793274
773	2.74706182532
773.5	2.74706182532
774	3.36608191808
774.5	3.36608191808
775	2.44900699301
775.5	2.44900699301
776	2.70824182359
776.5	2.70824182359
777	1.71482630029
777.5	1.71482630029
778.0	1.71482630029
778.5	2.06769957806
779.0	2.06769957806
779.5	2.81991397849
780.0	2.81991397849
780.5	2.5474045954
781.0	2.5474045954
781.5	2.15149206349
782.0	2.15149206349
782.5	2.92272997033
783.0	2.92272997033
783.5	3.10528316832
784.0	3.10528316832
784.5	2.94965034965
785.0	2.94965034965
785.5	3.30477777778
786.0	3.30477777778
786.5	2.61234059406
787.0	2.61234059406
787.5	3.28054345654
788.0	3.28054345654
788.5	3.96672927073
789.0	3.96672927073
789.5	4.03292063492
790.0	4.03292063492
790.5	3.39574025974
791.0	3.39574025974
791.5	3.75687824351
792.0	3.75687824351
792.5	3.47503777336
793.0	3.47503777336
793.5	3.65906586826
794.0	3.65906586826
794.5	3.34153846154
795.0	3.34153846154
795.5	3.66172908367
796.0	3.66172908367
796.5	4.2651314741
797.0	4.2651314741
797.5	3.52934795613
798.0	3.52934795613
798.5	3.52934795613
799	2.37874903475
799.5	2.37874903475
800	4.98440759241
800.5	4.98440759241
801	3.20390261497
801.5	3.20390261497
802	4.47604395604
802.5	4.47604395604
803	3.32464
803.5	3.32464
804	4.04254145854
804.5	4.04254145854
805	3.59189637306
805.5	3.59189637306
806	3.95127272727
806.5	3.95127272727
807	4.11389410589
807.5	4.11389410589
808.0	4.11389410589
808.5	3.17538668913
809.0	3.17538668913
809.5	3.6321996008
810.0	3.6321996008
810.5	3.03864420218
811.0	3.03864420218
811.5	3.11514650934
812.0	3.11514650934
812.5	1.77358325025
813.0	1.77358325025
813.5	3.65683832335
814.0	3.65683832335
814.5	3.47211177645
815.0	3.47211177645
815.5	3.92998201798
816.0	3.92998201798
816.5	3.62391752577
817.0	3.62391752577
817.5	4.29879764244
818.0	4.29879764244
818.5	4.78756087824
819.0	4.78756087824
819.5	3.95469330669
820.0	3.95469330669
820.5	4.2683107178
821.0	4.2683107178
821.5	3.83281437126
822.0	3.83281437126
822.5	3.07255144855
823.0	3.07255144855
823.5	3.07293608653
824.0	3.07293608653
824.5	3.4379241517
825.0	3.4379241517
825.5	3.23224854369
826.0	3.23224854369
826.5	4.62124275724
827.0	4.62124275724
827.5	3.45354645355
828.0	3.45354645355
828.5	2.9392239925
829.0	2.9392239925
829.5	3.56266133866
830.0	3.56266133866
830.5	3.39265534466
831.0	3.39265534466
831.5	4.09287512488
832.0	4.09287512488
832.5	3.99154013875
833.0	3.99154013875
833.5	3.427996004
834.0	3.427996004
834.5	2.99346825397
835.0	2.99346825397
835.5	4.05136463536
836.0	4.05136463536
836.5	3.33907692308
837.0	3.33907692308
837.5	4.19275516224
838.0	4.19275516224
838.5	0.684
839.0	0.684
839.5	0.278908741595
840.0	0.278908741595
840.5	2.7393006993
841.0	2.7393006993
841.5	4.08544255744
842.0	4.08544255744
842.5	4.08544255744
843	3.16913059034
843.5	3.16913059034
844	3.00198130841
844.5	3.00198130841
845	2.5885508982
845.5	2.5885508982
846.0	2.5885508982
846.5	1.40048298009
847.0	1.40048298009
847.5	2.18955053974
848.0	2.18955053974
848.5	2.6458021978
849.0	2.6458021978
849.5	1.93289990089
850.0	1.93289990089
850.5	2.71749950544
851.0	2.71749950544
851.5	3.71676511397
852.0	3.71676511397
852.5	3.09010693069
853.0	3.09010693069
853.5	2.5802037962
854.0	2.5802037962
854.5	2.20540500463
855.0	2.20540500463
855.5	3.02314455446
856.0	3.02314455446
856.5	1.60797602398
857.0	1.60797602398
857.5	2.5474045954
858.0	2.5474045954
858.5	1.80185714286
859.0	1.80185714286
859.5	2.88632967033
860.0	2.88632967033
860.5	2.27709090909
861.0	2.27709090909
861.5	2.98331746032
862.0	2.98331746032
862.5	2.98331746032
863	1.53436330275
863.5	1.53436330275
864	2.14288111888
864.5	2.14288111888
865	1.40417182817
865.5	1.40417182817
866	2.30687712288
866.5	2.30687712288
867	2.20823038729
867.5	2.20823038729
868	2.26401598402
868.5	2.26401598402
869	2.15841257367
869.5	2.15841257367
870	2.68294105894
870.5	2.68294105894
871	3.84441958042
871.5	3.84441958042
872	3.64053546454
872.5	3.64053546454
873	2.69185864374
873.5	2.69185864374
874	3.89171628372
874.5	3.89171628372
875	4.3565954046
875.5	4.3565954046
876	4.66828371628
876.5	4.66828371628
877	4.07059244533
877.5	4.07059244533
878	3.11316391853
878.5	3.11316391853
879	2.7278490566
879.5	2.7278490566
880	2.96974225774
880.5	2.96974225774
881	3.3488991009
881.5	3.3488991009
882	2.1167372549
882.5	2.1167372549
883	3.28871128871
883.5	3.28871128871
884	3.8485958292
884.5	3.8485958292
885	4.2353006993
885.5	4.2353006993
886	3.2238970297
886.5	3.2238970297
887	3.03559960357
887.5	3.03559960357
888	4.19323076923
888.5	4.19323076923
889	4.57603196803
889.5	4.57603196803
890	4.29242063492
890.5	4.29242063492
891	4.52593806194
891.5	4.52593806194
892	3.90553480475
892.5	3.90553480475
893	4.2493986014
893.5	4.2493986014
894	3.89183616384
894.5	3.89183616384
895.0	3.89183616384
895.5	3.60656041131
896.0	3.60656041131
896.5	4.410997003
897.0	4.410997003
897.5	4.29142057942
898.0	4.29142057942
898.5	3.9366984127
899.0	3.9366984127
899.5	3.35907418398
900.0	3.35907418398
900.5	4.05852673267
901.0	4.05852673267
901.5	3.58379607843
902.0	3.58379607843
902.5	4.38133066933
903.0	4.38133066933
903.5	3.48466733267
904.0	3.48466733267
904.5	4.62033166833
905.0	4.62033166833
905.5	3.50616367265
906.0	3.50616367265
906.5	4.2236812749
907.0	4.2236812749
907.5	3.14260939061
908.0	3.14260939061
908.5	3.85892507493
909.0	3.85892507493
909.5	3.28855850541
910.0	3.28855850541
910.5	4.53921278721
911.0	4.53921278721
911.5	4.27919207921
912.0	4.27919207921
912.5	3.74468037383
913.0	3.74468037383
913.5	4.56403596404
914.0	4.56403596404
914.5	4.24437962038
915.0	4.24437962038
915.5	3.53534774067
916.0	3.53534774067
916.5	4.61392207792
917.0	4.61392207792
917.5	3.18125124131
918.0	3.18125124131
918.5	3.90759242561
919.0	3.90759242561
919.5	3.90759242561
920	3.59293712317
920.5	3.59293712317
921	3.7879862069
921.5	3.7879862069
922	4.42766833167
922.5	4.42766833167
923	4.13480919081
923.5	4.13480919081
924	3.14082539683
924.5	3.14082539683
925	4.10941058941
925.5	4.10941058941
926	3.49894905095
926.5	3.49894905095
927	3.68592
927.5	3.68592
928	4.01975624376
928.5	4.01975624376
929	4.5235387674
929.5	4.5235387674
930	3.7211960396
930.5	3.7211960396
931	3.56138613861
931.5	3.56138613861
932	4.53298217822
932.5	4.53298217822
933	4.58051548452
933.5	4.58051548452
934	1.77915079365
934.5	1.77915079365
935	3.51044752475
935.5	3.51044752475
936.0	3.51044752475
936.5	4.07127719298
937.0	4.07127719298
937.5	4.77373026973
938.0	4.77373026973
938.5	4.52574625375
939.0	4.52574625375
939.5	3.6226746507
940.0	3.6226746507
940.5	4.45025149701
941.0	4.45025149701
941.5	3.89610358566
942.0	3.89610358566
942.5	3.56146253746
943.0	3.56146253746
943.5	3.21509727626
944.0	3.21509727626
944.5	3.12035964036
945.0	3.12035964036
945.5	3.81503078451
946.0	3.81503078451
946.5	3.79377422577
947.0	3.79377422577
947.5	3.36867132867
948.0	3.36867132867
948.5	4.65339405941
949.0	4.65339405941
949.5	4.31617982018
950.0	4.31617982018
950.5	3.98214585415
951.0	3.98214585415
951.5	3.10716186693
952.0	3.10716186693
952.5	2.67051348651
953.0	2.67051348651
953.5	3.41723076923
954.0	3.41723076923
954.5	3.00659340659
955.0	3.00659340659
955.5	2.51273453094
956.0	2.51273453094
956.5	4.05680952381
957.0	4.05680952381
957.5	3.20681718282
958.0	3.20681718282
958.5	3.68706493506
959.0	3.68706493506
959.5	3.70110689311
960.0	3.70110689311
960.5	3.58227559055
961.0	3.58227559055
961.5	0.210830122592
962.0	0.210830122592
962.5	6.1461611002
963.0	6.1461611002
963.5	2.11279252336
964.0	2.11279252336
964.5	2.8753966034
965.0	2.8753966034
965.5	2.88080712166
966.0	2.88080712166
966.5	3.77676723277
967.0	3.77676723277
967.5	3.77676723277
968	3.17489498581
968.5	3.17489498581
969	3.59723476523
969.5	3.59723476523
970	3.66326196693
970.5	3.66326196693
971	3.64598601399
971.5	3.64598601399
972	2.84052329039
972.5	2.84052329039
973	2.69859009901
973.5	2.69859009901
974	2.43712287712
974.5	2.43712287712
975	3.64409190809
975.5	3.64409190809
976	4.28564519326
976.5	4.28564519326
977	3.65642357642
977.5	3.65642357642
978	4.0683956044
978.5	4.0683956044
979	2.60909632572
979.5	2.60909632572
980	2.13040559441
980.5	2.13040559441
981	2.2452011893
981.5	2.2452011893
982	2.76857821782
982.5	2.76857821782
983	2.331004995
983.5	2.331004995
984	3.75154806739
984.5	3.75154806739
985	3.41442376238
985.5	3.41442376238
986	3.14772427572
986.5	3.14772427572
987	2.18389705882
987.5	2.18389705882
988	2.33734131737
988.5	2.33734131737
989	1.36469130869
989.5	1.36469130869
990	1.8040754717
990.5	1.8040754717
991	1.93515284715
991.5	1.93515284715
992	2.8485034965
992.5	2.8485034965
993	2.10628571429
993.5	2.10628571429
994	6.12366633955
994.5	6.12366633955
995	3.08447552448
995.5	3.08447552448
996	2.82125148515
996.5	2.82125148515
997	3.77190809191
997.5	3.77190809191
998	1.64605108055
998.5	1.64605108055
999	1.85558811881
999.5	1.85558811881
1000	1.97532067932
1000.5	1.97532067932
1001	2.62771628372
1001.5	2.62771628372
1002	2.89598414272
1002.5	2.89598414272
1003	1.78698613861
1003.5	1.78698613861
1004	1.97888511489
1004.5	1.97888511489
1005	1.66739225422
1005.5	1.66739225422
1006	2.08821578422
1006.5	2.08821578422
1007.0	2.08821578422
1007.5	2.08821578422
1008	0.116721178263
1008.5	0.116721178263
1009	0.929310689311
1009.5	0.929310689311
1010	1.1605629336
1010.5	1.1605629336
1011	1.04957442557
1011.5	1.04957442557
1012	0.958905847374
1012.5	0.958905847374
1013	1.44847058824
1013.5	1.44847058824
1014	1.25693465347
1014.5	1.25693465347
1015	1.2901018981
1015.5	1.2901018981
1016.0	1.2901018981
1016.5	1.60526461843
1017.0	1.60526461843
1017.5	0.982908011869
1018.0	0.982908011869
1018.5	1.77880673935
1019.0	1.77880673935
1019.5	1.76022377622
1020.0	1.76022377622
1020.5	1.76022377622
1021.0	1.76022377622
1021.5	1.76022377622
1022.0	1.76022377622
1022.5	1.76022377622
1023	0.143389533385
1023.5	0.143389533385
1024	6.2977022977
1024.5	6.2977022977
1025	2.73324356436
1025.5	2.73324356436
1026	2.72825904762
1026.5	2.72825904762
1027	1.75711397423
1027.5	1.75711397423
1028	1.19192079208
1028.5	1.19192079208
1029	1.39535664336
1029.5	1.39535664336
1030	2.26794805195
1030.5	2.26794805195
1031	2.812
1031.5	2.812
1032.0	2.812
1032.5	1.99859009901
1033.0	1.99859009901
1033.5	2.12196603397
1034.0	2.12196603397
1034.5	2.1857022977
1035.0	2.1857022977
1035.5	1.54141269841
1036.0	1.54141269841
1036.5	2.04547326733
1037.0	2.04547326733
1037.5	2.28646336634
1038.0	2.28646336634
1038.5	2.01629803922
1039.0	2.01629803922
1039.5	1.89478811881
1040.0	1.89478811881
1040.5	1.62376823177
1041.0	1.62376823177
1041.5	1.80106293706
1042.0	1.80106293706
1042.5	1.60572790467
1043.0	1.60572790467
1043.5	1.60996603397
1044.0	1.60996603397
1044.5	1.24733399405
1045.0	1.24733399405
1045.5	1.40354845155
1046.0	1.40354845155
1046.5	1.26245754246
1047.0	1.26245754246
1047.5	1.78208991009
1048.0	1.78208991009
1048.5	1.74497619048
1049.0	1.74497619048
1049.5	1.57986152324
1050.0	1.57986152324
1050.5	1.46571428571
1051.0	1.46571428571
1051.5	1.67028171828
1052.0	1.67028171828
1052.5	1.7425644725
1053.0	1.7425644725
1053.5	2.15451748252
1054.0	2.15451748252
1054.5	2.09127237729
1055.0	2.09127237729
1055.5	2.07228771229
1056.0	2.07228771229
1056.5	2.13230891089
1057.0	2.13230891089
1057.5	2.05534257426
1058.0	2.05534257426
1058.5	1.4212987013
1059.0	1.4212987013
1059.5	0.847108013937
1060.0	0.847108013937
1060.5	1.49783016983
1061.0	1.49783016983
1061.5	2.3164995005
1062.0	2.3164995005
1062.5	2.58143904856
1063.0	2.58143904856
1063.5	1.84635877106
1064.0	1.84635877106
1064.5	1.80776261128
1065.0	1.80776261128
1065.5	1.39146138614
1066.0	1.39146138614
1066.5	1.39146138614
1067	1.59620143885
1067.5	1.59620143885
1068	1.76796035679
1068.5	1.76796035679
1069	2.11504459861
1069.5	2.11504459861
1070	1.61821378621
1070.5	1.61821378621
1071	2.25221178821
1071.5	2.25221178821
1072	2.59485714286
1072.5	2.59485714286
1073	2.03466933067
1073.5	2.03466933067
1074	3.00659340659
1074.5	3.00659340659
1075	2.13182160555
1075.5	2.13182160555
1076	2.78793206793
1076.5	2.78793206793
1077	2.06304063429
1077.5	2.06304063429
1078	1.55131746032
1078.5	1.55131746032
1079	1.0197002997
1079.5	1.0197002997
1080	1.77115684316
1080.5	1.77115684316
1081	1.63179365079
1081.5	1.63179365079
1082	1.456371909
1082.5	1.456371909
1083	2.10419821606
1083.5	2.10419821606
1084	1.45147274529
1084.5	1.45147274529
1085	1.78611275964
1085.5	1.78611275964
1086	1.74061782178
1086.5	1.74061782178
1087	2.15088999009
1087.5	2.15088999009
1088	1.85764635365
1088.5	1.85764635365
1089	1.44454442344
1089.5	1.44454442344
1090.0	1.44454442344
1090.5	0.657937341236
1091.0	0.657937341236
1091.5	2.16955401388
1092.0	2.16955401388
1092.5	2.13838991271
1093.0	2.13838991271
1093.5	1.61809390609
1094.0	1.61809390609
1094.5	2.32342857143
1095.0	2.32342857143
1095.5	2.51904095904
1096.0	2.51904095904
