0.0	1.05148235294
0.5	1.05148235294
1.0	1.05148235294
1.5	3.02191304348
2.0	3.02191304348
2.5	1.81494339623
3.0	1.81494339623
3.5	1.91209561753
4.0	1.91209561753
4.5	1.98247467726
5.0	1.98247467726
5.5	2.03307509881
6.0	2.03307509881
6.5	1.69916483516
7.0	1.69916483516
7.5	2.06490566038
8.0	2.06490566038
8.5	1.63743873518
9.0	1.63743873518
9.5	1.8366041461
10.0	1.8366041461
10.5	1.68236597428
11.0	1.68236597428
11.5	2.08596078431
12.0	2.08596078431
12.5	2.33967632368
13.0	2.33967632368
13.5	0.928285998014
14.0	0.928285998014
14.5	1.54490819348
15.0	1.54490819348
15.5	1.47607968127
16.0	1.47607968127
16.5	1.42937587238
17.0	1.42937587238
17.5	1.16634262948
18.0	1.16634262948
18.5	1.22050793651
19.0	1.22050793651
19.5	1.68369230769
20.0	1.68369230769
20.5	0.872814192344
21.0	0.872814192344
21.5	0.35651727542
22.0	0.35651727542
22.5	0.967245283019
23.0	0.967245283019
23.5	1.4592
24.0	1.4592
24.5	1.15536507937
25.0	1.15536507937
25.5	1.353115727
26.0	1.353115727
26.5	1.12279365079
27.0	1.12279365079
27.5	1.77676494024
28.0	1.77676494024
28.5	2.27861738262
29.0	2.27861738262
29.5	1.95622641509
30.0	1.95622641509
30.5	1.61617512438
31.0	1.61617512438
31.5	1.73714285714
32.0	1.73714285714
32.5	1.01121266073
33.0	1.01121266073
33.5	1.34476723277
34.0	1.34476723277
34.5	1.16789991063
35.0	1.16789991063
35.5	1.63780376611
36.0	1.63780376611
36.5	1.3625498008
37.0	1.3625498008
37.5	0.993493545184
38.0	0.993493545184
38.5	1.23282213439
39.0	1.23282213439
39.5	1.53876078431
40.0	1.53876078431
40.5	1.64214017769
41.0	1.64214017769
41.5	1.40647467726
42.0	1.40647467726
42.5	1.40647467726
43	1.6113201581
43.5	1.6113201581
44	1.51614007782
44.5	1.51614007782
45	1.6552119403
45.5	1.6552119403
46	0.619471698113
46.5	0.619471698113
47	0.622305882353
47.5	0.622305882353
48	0.772300395257
48.5	0.772300395257
49	1.18839091807
49.5	1.18839091807
50	1.3041509434
50.5	1.3041509434
51	1.19624375624
51.5	1.19624375624
52	1.49383976261
52.5	1.49383976261
53	1.30606937562
53.5	1.30606937562
54	1.80035892323
54.5	1.80035892323
55	1.39422222222
55.5	1.39422222222
56	1.42606910168
56.5	1.42606910168
57	1.33297142857
57.5	1.33297142857
58	1.57887747036
58.5	1.57887747036
59	1.59314613181
59.5	1.59314613181
60	1.74406374502
60.5	1.74406374502
61	1.42995313964
61.5	1.42995313964
62	1.8041934847
62.5	1.8041934847
63	1.61136507937
63.5	1.61136507937
64	1.91411857708
64.5	1.91411857708
65	1.66988142292
65.5	1.66988142292
66	1.78283022571
66.5	1.78283022571
67	1.74165079365
67.5	1.74165079365
68	2.17366007905
68.5	2.17366007905
69	1.97249150849
69.5	1.97249150849
70	1.89698023715
70.5	1.89698023715
71.0	1.89698023715
71.5	2.29313207547
72.0	2.29313207547
72.5	1.84669322709
73.0	1.84669322709
73.5	1.79892198582
74.0	1.79892198582
74.5	2.05470355731
75.0	2.05470355731
75.5	1.7756963037
76.0	1.7756963037
76.5	2.05673590504
77.0	2.05673590504
77.5	1.81765079365
78.0	1.81765079365
78.5	1.90927407407
79.0	1.90927407407
79.5	2.44168924303
80.0	2.44168924303
80.5	1.93707936508
81.0	1.93707936508
81.5	2.17584995064
82.0	2.17584995064
82.5	2.42354716981
83.0	2.42354716981
83.5	1.07291633466
84.0	1.07291633466
84.5	2.20847952048
85.0	2.20847952048
85.5	1.41591269841
86.0	1.41591269841
86.5	1.4830148368
87.0	1.4830148368
87.5	2.25196031746
88.0	2.25196031746
88.5	2.16957480315
89.0	2.16957480315
89.5	2.42714085914
90.0	2.42714085914
90.5	2.21070109235
91.0	2.21070109235
91.5	2.20398431373
92.0	2.20398431373
92.5	2.58204935834
93.0	2.58204935834
93.5	1.96491338583
94.0	1.96491338583
94.5	2.07767896311
95.0	2.07767896311
95.5	2.13194805195
96.0	2.13194805195
96.5	1.74558102767
97.0	1.74558102767
97.5	2.03696957802
98.0	2.03696957802
98.5	2.00588095238
99.0	2.00588095238
99.5	2.21059288538
100.0	2.21059288538
100.5	2.2277312253
101.0	2.2277312253
101.5	2.00222222222
102.0	2.00222222222
102.5	2.0895715696
103.0	2.0895715696
103.5	2.30343083004
104.0	2.30343083004
104.5	2.00421052632
105.0	2.00421052632
105.5	2.00421052632
106	2.23222134387
106.5	2.23222134387
107	2.21711764706
107.5	2.21711764706
108	1.69615794669
108.5	1.69615794669
109	0.890541176471
109.5	0.890541176471
110	0.129517786561
110.5	0.129517786561
111	0.960565260059
111.5	0.960565260059
112	0.553714285714
112.5	0.553714285714
113	0.627225296443
113.5	0.627225296443
114	0.675952941176
114.5	0.675952941176
115	0.461364705882
115.5	0.461364705882
116	0.447019607843
116.5	0.447019607843
117	0.2324765625
117.5	0.2324765625
118	0.26106870229
118.5	0.26106870229
119	0.504282352941
119.5	0.504282352941
120	0.317058941059
120.5	0.317058941059
121	0.343627021884
121.5	0.343627021884
122	0.173542120912
122.5	0.173542120912
123	0.21375
123.5	0.21375
124	0.685632571996
124.5	0.685632571996
125.0	0.685632571996
125.5	0.400486486486
126.0	0.400486486486
126.5	0.901270588235
127.0	0.901270588235
127.5	1.12610589411
128.0	1.12610589411
128.5	1.15826706231
129.0	1.15826706231
129.5	1.06850793651
130.0	1.06850793651
130.5	1.39943256743
131.0	1.39943256743
131.5	1.31386770428
132.0	1.31386770428
132.5	0.925805877115
133.0	0.925805877115
133.5	1.31371428571
134.0	1.31371428571
134.5	0.945328063241
135.0	0.945328063241
135.5	1.16793675889
136.0	1.16793675889
136.5	1.19096470588
137.0	1.19096470588
137.5	1.18531068931
138.0	1.18531068931
138.5	1.353115727
139.0	1.353115727
139.5	1.10877922078
140.0	1.10877922078
140.5	1.10852830189
141.0	1.10852830189
141.5	1.18839091807
142.0	1.18839091807
142.5	1.05347035573
143.0	1.05347035573
143.5	1.33675471698
144.0	1.33675471698
144.5	1.49236363636
145.0	1.49236363636
145.5	1.30399214917
146.0	1.30399214917
146.5	1.34096442688
147.0	1.34096442688
147.5	1.17707936508
148.0	1.17707936508
148.5	1.16678381046
149.0	1.16678381046
149.5	0.695547169811
150.0	0.695547169811
150.5	0.414215139442
151.0	0.414215139442
151.5	0.354070588235
152.0	0.354070588235
152.5	0.354070588235
153	0.10944
153.5	0.10944
154	0.456
154.5	0.456
155	0.839330677291
155.5	0.839330677291
156	0.983976023976
156.5	0.983976023976
157	0.877991126886
157.5	0.877991126886
158	1.14804705882
158.5	1.14804705882
159	1.21962985075
159.5	1.21962985075
160	1.14289303238
160.5	1.14289303238
161	0.874645354645
161.5	0.874645354645
162	0.857714285714
162.5	0.857714285714
163	0.982013958126
163.5	0.982013958126
164	0.890117882118
164.5	0.890117882118
165	1.26067924528
165.5	1.26067924528
166	1.31803356367
166.5	1.31803356367
167	1.09456573705
167.5	1.09456573705
168	1.27154716981
168.5	1.27154716981
169	0.930063492063
169.5	0.930063492063
170	0.565802197802
170.5	0.565802197802
171	0.73609495549
171.5	0.73609495549
172	0.962466403162
172.5	0.962466403162
173	0.11619858156
173.5	0.11619858156
174	1.8269670987
174.5	1.8269670987
175	1.24636963037
175.5	1.24636963037
176	1.00971428571
176.5	1.00971428571
177.0	1.00971428571
177.5	0.870488625124
178.0	0.870488625124
178.5	0.912
179.0	0.912
179.5	0.662285714286
180.0	0.662285714286
180.5	0.348812749004
181.0	0.348812749004
181.5	0.147464870067
182.0	0.147464870067
182.5	0.379984313725
183.0	0.379984313725
183.5	0.920118694362
184.0	0.920118694362
184.5	1.00971428571
185.0	1.00971428571
185.5	0.590830564784
186.0	0.590830564784
186.5	0.458566037736
187.0	0.458566037736
187.5	0.193129411765
188.0	0.193129411765
188.5	0.193129411765
189	0.137784172662
189.5	0.137784172662
190	0.121487511563
190.5	0.121487511563
191	0.113142857143
191.5	0.113142857143
192	0.149236363636
192.5	0.149236363636
193	0.139236641221
193.5	0.139236641221
194.0	0.139236641221
194.5	0.1344
195.0	0.1344
195.5	0.150211764706
196.0	0.150211764706
196.5	0.210664100096
197.0	0.210664100096
197.5	0.320993103448
198.0	0.320993103448
198.5	0.141866666667
199.0	0.141866666667
199.5	0.168207492795
200.0	0.168207492795
200.5	0.168207492795
201	0.152529616725
201.5	0.152529616725
202	0.135368220742
202.5	0.135368220742
203	0.160941176471
203.5	0.160941176471
204	0.107449275362
204.5	0.107449275362
205	0.1895625
205.5	0.1895625
206	0.182264788732
206.5	0.182264788732
207	0.204242424242
207.5	0.204242424242
208	0.166709178744
208.5	0.166709178744
209	0.185931034483
209.5	0.185931034483
210.0	0.185931034483
210.5	0.230680478088
211.0	0.230680478088
211.5	0.612849451645
212.0	0.612849451645
212.5	0.204347975883
213.0	0.204347975883
213.5	0.215034895314
214.0	0.215034895314
214.5	0.239413127413
215.0	0.239413127413
215.5	0.239413127413
216	0.188093023256
216.5	0.188093023256
217.0	0.188093023256
217.5	0.188093023256
218	0.110611570248
218.5	0.110611570248
219	0.134320284698
219.5	0.134320284698
220	0.190305882353
220.5	0.190305882353
221	0.228123076923
221.5	0.228123076923
222	0.191375332742
222.5	0.191375332742
223	0.198542635659
223.5	0.198542635659
224	0.622153846154
224.5	0.622153846154
225	0.161115537849
225.5	0.161115537849
226	0.21124387855
226.5	0.21124387855
227.0	0.21124387855
227.5	0.217963426372
228.0	0.217963426372
228.5	0.212283464567
229.0	0.212283464567
229.5	0.214606965174
230.0	0.214606965174
230.5	0.214606965174
231	0.219492473118
231.5	0.219492473118
232	0.179733333333
232.5	0.179733333333
233	0.206590038314
233.5	0.206590038314
234	0.204691308691
234.5	0.204691308691
235	0.201075564279
235.5	0.201075564279
236	0.212074729597
236.5	0.212074729597
237	0.204283150548
237.5	0.204283150548
238.0	0.204283150548
238.5	0.369451851852
239.0	0.369451851852
239.5	0.478826254826
240.0	0.478826254826
240.5	0.205605338418
241.0	0.205605338418
241.5	0.20838647343
242.0	0.20838647343
242.5	0.20838647343
243	0.392170212766
243.5	0.392170212766
244	0.152603773585
244.5	0.152603773585
245	0.190305882353
245.5	0.190305882353
246	0.237010989011
246.5	0.237010989011
247	0.176626023658
247.5	0.176626023658
248	0.205130434783
248.5	0.205130434783
249	0.183401360544
249.5	0.183401360544
250.0	0.183401360544
250.5	0.183401360544
251.0	0.183401360544
251.5	0.183401360544
252	0.25265600595
252.5	0.25265600595
253	0.142519823789
253.5	0.142519823789
254	0.154609318996
254.5	0.154609318996
255	0.169160784314
255.5	0.169160784314
256	0.161115537849
256.5	0.161115537849
257.0	0.161115537849
257.5	0.161115537849
258.0	0.161115537849
258.5	0.144020878643
259.0	0.144020878643
259.5	0.433554285714
260.0	0.433554285714
260.5	0.107683018868
261.0	0.107683018868
261.5	0.231968627451
262.0	0.231968627451
262.5	0.464
263.0	0.464
263.5	0.464
264	0.114015859031
264.5	0.114015859031
265	0.11584375
265.5	0.11584375
266	0.109760814249
266.5	0.109760814249
267	0.158588235294
267.5	0.158588235294
268	0.122975438596
268.5	0.122975438596
269.0	0.122975438596
269.5	0.239902505078
270.0	0.239902505078
270.5	0.154942528736
271.0	0.154942528736
271.5	0.154942528736
272	0.137084745763
272.5	0.137084745763
273	0.144428571429
273.5	0.144428571429
274	0.139663274746
274.5	0.139663274746
275	0.137443137255
275.5	0.137443137255
276.0	0.137443137255
276.5	0.134912427023
277.0	0.134912427023
277.5	0.103692307692
278.0	0.103692307692
278.5	0.137317487267
279.0	0.137317487267
279.5	0.137317487267
280	0.556878688525
280.5	0.556878688525
281	0.125283288651
281.5	0.125283288651
282	0.150374501992
282.5	0.150374501992
283	0.159762962963
283.5	0.159762962963
284	0.137443137255
284.5	0.137443137255
285	0.159173431734
285.5	0.159173431734
286.0	0.159173431734
286.5	0.159173431734
287	0.189552941176
287.5	0.189552941176
288	0.101735849057
288.5	0.101735849057
289.0	0.101735849057
289.5	0.185753110048
290.0	0.185753110048
290.5	0.155494486853
291.0	0.155494486853
291.5	0.152603773585
292.0	0.152603773585
292.5	0.158432908913
293.0	0.158432908913
293.5	0.158123167155
294.0	0.158123167155
294.5	0.153181818182
295.0	0.153181818182
295.5	0.158588235294
296.0	0.158588235294
296.5	0.345901886792
297.0	0.345901886792
297.5	0.414769230769
298.0	0.414769230769
298.5	0.150374501992
299.0	0.150374501992
299.5	0.150374501992
300	0.149777777778
300.5	0.149777777778
301	0.155389048991
301.5	0.155389048991
302	0.162931067044
302.5	0.162931067044
303	0.437925925926
303.5	0.437925925926
304	0.132256603774
304.5	0.132256603774
305	0.157814634146
305.5	0.157814634146
306	0.156289855072
306.5	0.156289855072
307	0.154942528736
307.5	0.154942528736
308	0.162777358491
308.5	0.162777358491
309.0	0.162777358491
309.5	0.149639222942
310.0	0.149639222942
310.5	0.155688161694
311.0	0.155688161694
311.5	0.155538461538
312.0	0.155538461538
312.5	0.276298136646
313.0	0.276298136646
313.5	0.437189189189
314.0	0.437189189189
314.5	0.161115537849
315.0	0.161115537849
315.5	0.153181818182
316.0	0.153181818182
316.5	0.153181818182
317	0.138969072165
317.5	0.138969072165
318	0.173441816462
318.5	0.173441816462
319	0.132435087719
319.5	0.132435087719
320.0	0.132435087719
320.5	0.238650306748
321.0	0.238650306748
321.5	0.113515789474
322.0	0.113515789474
322.5	0.499235621521
323.0	0.499235621521
323.5	0.138776916451
324.0	0.138776916451
324.5	0.138776916451
325	0.200025806452
325.5	0.200025806452
326	0.415547169811
326.5	0.415547169811
327	0.11180395853
327.5	0.11180395853
328	0.1895625
328.5	0.1895625
329	0.132551360843
329.5	0.132551360843
330.0	0.132551360843
330.5	0.149777777778
331.0	0.149777777778
331.5	0.176957528958
332.0	0.176957528958
332.5	0.132590163934
333.0	0.132590163934
333.5	0.1685
334.0	0.1685
334.5	0.118289855072
335.0	0.118289855072
335.5	0.118505494505
336.0	0.118505494505
336.5	0.158743866536
337.0	0.158743866536
337.5	0.158743866536
338	0.141398601399
338.5	0.141398601399
339	0.107410358566
339.5	0.107410358566
340	0.164015209125
340.5	0.164015209125
341	0.151887323944
341.5	0.151887323944
342	0.161276171486
342.5	0.161276171486
343	0.13525083612
343.5	0.13525083612
344.0	0.13525083612
344.5	0.179962616822
345.0	0.179962616822
345.5	0.446736030829
346.0	0.446736030829
346.5	0.134670509126
347.0	0.134670509126
347.5	0.165430488974
348.0	0.165430488974
348.5	0.125620071685
349.0	0.125620071685
349.5	0.175601532567
350.0	0.175601532567
350.5	0.175601532567
351.0	0.175601532567
351.5	0.310153846154
352.0	0.310153846154
352.5	0.137751824818
353.0	0.137751824818
353.5	0.137751824818
354	0.119443037975
354.5	0.119443037975
355	0.137984251969
355.5	0.137984251969
356	0.150374501992
356.5	0.150374501992
357	0.119822222222
357.5	0.119822222222
358	0.14296969697
358.5	0.14296969697
359	0.151887323944
359.5	0.151887323944
360.0	0.151887323944
360.5	0.149506976744
361.0	0.149506976744
361.5	0.149506976744
362	0.420918518519
362.5	0.420918518519
363.0	0.420918518519
363.5	0.594977985324
364.0	0.594977985324
364.5	0.123835406699
365.0	0.123835406699
365.5	0.142564683664
366.0	0.142564683664
366.5	0.122975438596
367.0	0.122975438596
367.5	0.169160784314
368.0	0.169160784314
368.5	0.296031372549
369.0	0.296031372549
369.5	0.401756862745
370.0	0.401756862745
370.5	0.150825174825
371.0	0.150825174825
371.5	0.134283524904
372.0	0.134283524904
372.5	0.14296969697
373.0	0.14296969697
373.5	0.144751677852
374.0	0.144751677852
374.5	0.144751677852
375	0.155389048991
375.5	0.155389048991
376	0.315678942398
376.5	0.315678942398
377.0	0.315678942398
377.5	0.188355263158
378.0	0.188355263158
378.5	0.122545454545
379.0	0.122545454545
379.5	0.148015686275
380.0	0.148015686275
380.5	0.148015686275
381	0.14461302682
381.5	0.14461302682
382	0.155538461538
382.5	0.155538461538
383	0.155389048991
383.5	0.155389048991
384	0.155688161694
384.5	0.155688161694
385	0.157814634146
385.5	0.157814634146
386	0.1481609421
386.5	0.1481609421
387.0	0.1481609421
387.5	0.257956146179
388.0	0.257956146179
388.5	0.449749768304
389.0	0.449749768304
389.5	0.158588235294
390.0	0.158588235294
390.5	0.134155023923
391.0	0.134155023923
391.5	0.1348
392.0	0.1348
392.5	0.137984251969
393.0	0.137984251969
393.5	0.147581622678
394.0	0.147581622678
394.5	0.147581622678
395	0.209080519481
395.5	0.209080519481
396.0	0.209080519481
396.5	0.142430188679
397.0	0.142430188679
397.5	0.141894736842
398.0	0.141894736842
398.5	0.158588235294
399.0	0.158588235294
399.5	0.162165413534
400.0	0.162165413534
400.5	0.14296969697
401.0	0.14296969697
401.5	0.145169230769
402.0	0.145169230769
402.5	0.144299732382
403.0	0.144299732382
403.5	0.144299732382
404	0.574405498282
404.5	0.574405498282
405	0.134352159468
405.5	0.134352159468
406	0.126870588235
406.5	0.126870588235
407	0.129927710843
407.5	0.129927710843
408.0	0.129927710843
408.5	0.118706181202
409.0	0.118706181202
409.5	0.142564683664
410.0	0.142564683664
410.5	0.125813333333
411.0	0.125813333333
411.5	0.152030075188
412.0	0.152030075188
412.5	0.13532046332
413.0	0.13532046332
413.5	0.126870588235
414.0	0.126870588235
414.5	0.107303482587
415.0	0.107303482587
415.5	0.107303482587
416	0.161276171486
416.5	0.161276171486
417	0.159212598425
417.5	0.159212598425
418	0.148015686275
418.5	0.148015686275
419	0.158588235294
419.5	0.158588235294
420.0	0.158588235294
