0.0	0.908706811451
0.5	0.908706811451
1.0	0.908706811451
1.5	1.70288206145
2.0	1.70288206145
2.5	2.08694549058
3.0	2.08694549058
3.5	0.905453093812
4.0	0.905453093812
4.5	0.966856007944
5.0	0.966856007944
5.5	1.04799208704
6.0	1.04799208704
6.5	0.902307567128
7.0	0.902307567128
7.5	1.06737478992
8.0	1.06737478992
8.5	1.02171428571
9.0	1.02171428571
9.5	1.29568596663
10.0	1.29568596663
10.5	1.09232475248
11.0	1.09232475248
11.5	1.09232475248
12	1.04856934307
12.5	1.04856934307
13	1.4496238806
13.5	1.4496238806
14	1.43474331021
14.5	1.43474331021
15	1.18065742574
15.5	1.18065742574
16	1.16326095238
16.5	1.16326095238
17	1.07418830525
17.5	1.07418830525
18	0.917362376238
18.5	0.917362376238
19	0.858574257426
19.5	0.858574257426
20	1.14789210789
20.5	1.14789210789
21	1.33260654113
21.5	1.33260654113
22	1.22997802198
22.5	1.22997802198
23	1.03937464252
23.5	1.03937464252
24	0.325069306931
24.5	0.325069306931
25	0.448248543689
25.5	0.448248543689
26	0.450635294118
26.5	0.450635294118
27	0.208533333333
27.5	0.208533333333
28	0.235244859813
28.5	0.235244859813
29	0.223130097087
29.5	0.223130097087
30.0	0.223130097087
30.5	0.255115789474
31.0	0.255115789474
31.5	0.574289108911
32.0	0.574289108911
32.5	0.422207692308
33.0	0.422207692308
33.5	0.617631683168
34.0	0.617631683168
34.5	0.227298461538
35.0	0.227298461538
35.5	0.236663395486
36.0	0.236663395486
36.5	0.606195845697
37.0	0.606195845697
37.5	0.627382178218
38.0	0.627382178218
38.5	0.59596039604
39.0	0.59596039604
39.5	0.616887128713
40.0	0.616887128713
40.5	0.616887128713
41	0.735973086627
41.5	0.735973086627
42	0.758495049505
42.5	0.758495049505
43	0.438186457311
43.5	0.438186457311
44	0.743448551449
44.5	0.743448551449
45	0.562772815534
45.5	0.562772815534
46	0.588090322581
46.5	0.588090322581
47	0.953536633663
47.5	0.953536633663
48.0	0.953536633663
48.5	0.708737254902
49.0	0.708737254902
49.5	0.819043137255
50.0	0.819043137255
50.5	0.801837623762
51.0	0.801837623762
51.5	0.619932606541
52.0	0.619932606541
52.5	0.600259077527
53.0	0.600259077527
53.5	0.645050949051
54.0	0.645050949051
54.5	0.631104950495
55.0	0.631104950495
55.5	1.0876990099
56.0	1.0876990099
56.5	1.03829534192
57.0	1.03829534192
57.5	1.24781960784
58.0	1.24781960784
58.5	0.732336967294
59.0	0.732336967294
59.5	0.618
60.0	0.618
60.5	0.731221428571
61.0	0.731221428571
61.5	0.731221428571
62	1.08063941871
62.5	1.08063941871
63	1.16646553447
63.5	1.16646553447
64	1.11651178451
64.5	1.11651178451
65	1.2552
65.5	1.2552
66	0.813178821179
66.5	0.813178821179
67	0.783536463536
67.5	0.783536463536
68	0.746669283611
68.5	0.746669283611
69	0.802648166501
69.5	0.802648166501
70	0.796097196262
70.5	0.796097196262
71	0.868552212389
71.5	0.868552212389
72	0.976574199806
72.5	0.976574199806
73	0.583374257426
73.5	0.583374257426
74	0.927384615385
74.5	0.927384615385
75.0	0.927384615385
75.5	0.826674603175
76.0	0.826674603175
76.5	0.976102970297
77.0	0.976102970297
77.5	0.673053465347
78.0	0.673053465347
78.5	0.777803307224
79.0	0.777803307224
79.5	0.784135849057
80.0	0.784135849057
80.5	1.30027722772
81.0	1.30027722772
81.5	0.71443960396
82.0	0.71443960396
82.5	0.710651428571
83.0	0.710651428571
83.5	0.826164705882
84.0	0.826164705882
84.5	0.729069306931
85.0	0.729069306931
85.5	0.740329411765
86.0	0.740329411765
86.5	0.656411881188
87.0	0.656411881188
87.5	0.633035294118
88.0	0.633035294118
88.5	0.393086323957
89.0	0.393086323957
89.5	0.526257114818
90.0	0.526257114818
90.5	0.49843960396
91.0	0.49843960396
91.5	0.368245301682
92.0	0.368245301682
92.5	0.520626362735
93.0	0.520626362735
93.5	0.520626362735
94	0.375222857143
94.5	0.375222857143
95	0.286564705882
95.5	0.286564705882
96	0.573763106796
96.5	0.573763106796
97	0.454646884273
97.5	0.454646884273
98	0.185862137862
98.5	0.185862137862
99	0.758319127849
99.5	0.758319127849
100	0.572651162791
100.5	0.572651162791
101	0.365016683023
101.5	0.365016683023
102	0.278964705882
102.5	0.278964705882
103	0.112342172797
103.5	0.112342172797
104	1.03546853147
104.5	1.03546853147
105	1.01189296333
105.5	1.01189296333
106.0	1.01189296333
106.5	0.920379661017
107.0	0.920379661017
107.5	0.899358415842
108.0	0.899358415842
108.5	0.685893069307
109.0	0.685893069307
109.5	0.668741028128
110.0	0.668741028128
110.5	0.366964705882
111.0	0.366964705882
111.5	0.21649851632
112.0	0.21649851632
112.5	0.204259332024
113.0	0.204259332024
113.5	0.553049562682
114.0	0.553049562682
114.5	0.735896103896
115.0	0.735896103896
115.5	0.752701620591
116.0	0.752701620591
116.5	0.933885148515
117.0	0.933885148515
117.5	0.775912871287
118.0	0.775912871287
118.5	1.00441188119
119.0	1.00441188119
119.5	0.607960861057
120.0	0.607960861057
120.5	0.660380765456
121.0	0.660380765456
121.5	0.692773042616
122.0	0.692773042616
122.5	0.78162962963
123.0	0.78162962963
123.5	1.0944
124.0	1.0944
124.5	0.913585728444
125.0	0.913585728444
125.5	0.913585728444
126	1.01867749797
126.5	1.01867749797
127	1.06294549058
127.5	1.06294549058
128	0.878732673267
128.5	0.878732673267
129	0.820451422964
129.5	0.820451422964
130	0.872974051896
130.5	0.872974051896
131	1.60641427156
131.5	1.60641427156
132	1.13761438561
132.5	1.13761438561
133.0	1.13761438561
133.5	0.770136392607
134.0	0.770136392607
134.5	0.45003364486
135.0	0.45003364486
135.5	0.483920792079
136.0	0.483920792079
136.5	0.677903827282
137.0	0.677903827282
137.5	0.801044510386
138.0	0.801044510386
138.5	0.801044510386
139	0.275496774194
139.5	0.275496774194
140	0.510011650485
140.5	0.510011650485
141	0.643764705882
141.5	0.643764705882
142	0.615008919722
142.5	0.615008919722
143	0.754381618382
143.5	0.754381618382
144	0.883988107037
144.5	0.883988107037
145	1.18781782178
145.5	1.18781782178
146	1.15167843137
146.5	1.15167843137
147	1.23428684471
147.5	1.23428684471
148	0.955304347826
148.5	0.955304347826
149	1.18392380952
149.5	1.18392380952
150	1.22888095238
150.5	1.22888095238
151	1.30447952048
151.5	1.30447952048
152	1.46284115884
152.5	1.46284115884
153	1.61753876349
153.5	1.61753876349
154	1.34665084075
154.5	1.34665084075
155	1.1339960396
155.5	1.1339960396
156	1.58795294118
156.5	1.58795294118
157	0.771988107037
157.5	0.771988107037
158.0	0.771988107037
158.5	0.874819047619
159.0	0.874819047619
159.5	1.07861946903
160.0	1.07861946903
160.5	1.30092307692
161.0	1.30092307692
161.5	1.08103865213
162.0	1.08103865213
162.5	1.19473788328
163.0	1.19473788328
163.5	1.26689411765
164.0	1.26689411765
164.5	1.1649980198
165.0	1.1649980198
165.5	1.23066138614
166.0	1.23066138614
166.5	1.08711992071
167.0	1.08711992071
167.5	0.910915924827
168.0	0.910915924827
168.5	1.07776412289
169.0	1.07776412289
169.5	1.34179420579
170.0	1.34179420579
170.5	1.19059663033
171.0	1.19059663033
171.5	1.06318415842
172.0	1.06318415842
172.5	0.888619354839
173.0	0.888619354839
173.5	0.888619354839
174	0.901270588235
174.5	0.901270588235
175	0.761766336634
175.5	0.761766336634
176	1.1826231454
176.5	1.1826231454
177	0.979052527255
177.5	0.979052527255
178	1.05808316832
178.5	1.05808316832
179	1.19664490603
179.5	1.19664490603
180	1.23333994054
180.5	1.23333994054
181	1.19077543538
181.5	1.19077543538
182	1.20446825397
182.5	1.20446825397
183	1.31388509575
183.5	1.31388509575
184	1.26059861249
184.5	1.26059861249
185	1.41822177822
185.5	1.41822177822
186	1.57779640719
186.5	1.57779640719
187	1.16541199607
187.5	1.16541199607
188	1.04321584158
188.5	1.04321584158
189	1.0961980198
189.5	1.0961980198
190	1.04815533981
190.5	1.04815533981
191	1.48448316832
191.5	1.48448316832
192	1.09814185814
192.5	1.09814185814
193	0.943452923687
193.5	0.943452923687
194	0.893127596439
194.5	0.893127596439
195	1.08027750248
195.5	1.08027750248
196.0	1.08027750248
196.5	0.682645544554
197.0	0.682645544554
197.5	0.568007928642
198.0	0.568007928642
198.5	0.839722772277
199.0	0.839722772277
199.5	0.549895566502
200.0	0.549895566502
200.5	0.544007968127
201.0	0.544007968127
201.5	0.782479921645
202.0	0.782479921645
202.5	0.532663395486
203.0	0.532663395486
203.5	0.433855302279
204.0	0.433855302279
204.5	0.31578487395
205.0	0.31578487395
205.5	0.476768316832
206.0	0.476768316832
206.5	0.476768316832
207	0.419401626016
207.5	0.419401626016
208	0.573763106796
208.5	0.573763106796
209	0.44217254902
209.5	0.44217254902
210	0.357930624381
210.5	0.357930624381
211	0.495563367253
211.5	0.495563367253
212	0.977865168539
212.5	0.977865168539
213	0.79451497006
213.5	0.79451497006
214	0.820654404647
214.5	0.820654404647
215	1.03207944389
215.5	1.03207944389
216	1.30029170829
216.5	1.30029170829
217	1.20118928263
217.5	1.20118928263
218	1.59334387352
218.5	1.59334387352
219	1.46721584158
219.5	1.46721584158
220	1.77231568432
220.5	1.77231568432
221	1.32725674326
221.5	1.32725674326
222	1.28325396825
222.5	1.28325396825
223.0	1.28325396825
223.5	1.27682264151
224.0	1.27682264151
224.5	1.87332408325
225.0	1.87332408325
225.5	1.35273442623
226.0	1.35273442623
226.5	1.80105346535
227.0	1.80105346535
227.5	1.28308943089
228.0	1.28308943089
228.5	1.28308943089
229	1.35415714286
229.5	1.35415714286
230	1.18168115942
230.5	1.18168115942
231.0	1.18168115942
231.5	1.59539156035
232.0	1.59539156035
232.5	1.10631333333
233.0	1.10631333333
233.5	1.35401387512
234.0	1.35401387512
234.5	1.15123276723
235.0	1.15123276723
235.5	0.999882352941
236.0	0.999882352941
236.5	1.37348910891
237.0	1.37348910891
237.5	0.964079338843
238.0	0.964079338843
238.5	0.964079338843
239	1.12009142857
239.5	1.12009142857
240	1.10633102081
240.5	1.10633102081
241	0.130627101879
241.5	0.130627101879
242	0.925306865178
242.5	0.925306865178
243	1.4180652819
243.5	1.4180652819
244	0.793801668211
244.5	0.793801668211
245.0	0.793801668211
245.5	1.27730470685
246.0	1.27730470685
246.5	1.53309803922
247.0	1.53309803922
247.5	0.859140913508
248.0	0.859140913508
248.5	0.613623762376
249.0	0.613623762376
249.5	0.953536633663
250.0	0.953536633663
250.5	0.772168792934
251.0	0.772168792934
251.5	0.995893175074
252.0	0.995893175074
252.5	0.702877330716
253.0	0.702877330716
253.5	0.765314685315
254.0	0.765314685315
254.5	0.511690782953
255.0	0.511690782953
255.5	0.693855907781
256.0	0.693855907781
256.5	1.51925470763
257.0	1.51925470763
257.5	1.39338613861
258.0	1.39338613861
258.5	1.29458358061
259.0	1.29458358061
259.5	0.976800667223
260.0	0.976800667223
260.5	1.24003196803
261.0	1.24003196803
261.5	1.30936769078
262.0	1.30936769078
262.5	0.940633663366
263.0	0.940633663366
263.5	1.27855344655
264.0	1.27855344655
264.5	1.27855344655
265	0.88134939759
265.5	0.88134939759
266	1.06761188119
266.5	1.06761188119
267	1.26651632047
267.5	1.26651632047
268	1.19695049505
268.5	1.19695049505
269	1.11920713578
269.5	1.11920713578
270	0.541813861386
270.5	0.541813861386
271	0.347595765159
271.5	0.347595765159
272	0.743843290891
272.5	0.743843290891
273	1.01415262636
273.5	1.01415262636
274	0.812022222222
274.5	0.812022222222
275	0.836894117647
275.5	0.836894117647
276	0.704255234297
276.5	0.704255234297
277	0.877472440945
277.5	0.877472440945
278	0.661629335976
278.5	0.661629335976
279	0.365823936696
279.5	0.365823936696
280	0.304
280.5	0.304
281.0	0.304
281.5	0.304
282.0	0.304
282.5	0.304
283.0	0.304
283.5	0.304
284.0	0.304
284.5	0.304
285.0	0.304
285.5	0.304
286.0	0.304
286.5	0.304
287.0	0.304
287.5	0.127220556745
288.0	0.127220556745
288.5	0.303398019802
289.0	0.303398019802
289.5	0.461856880734
290.0	0.461856880734
290.5	0.40495049505
291.0	0.40495049505
291.5	0.260055445545
292.0	0.260055445545
292.5	0.281726732673
293.0	0.281726732673
293.5	0.281726732673
294	0.483150442478
294.5	0.483150442478
295	0.411754455446
295.5	0.411754455446
296	0.143192523364
296.5	0.143192523364
297	0.593227722772
297.5	0.593227722772
298	0.81998001998
298.5	0.81998001998
299	1.07977799802
299.5	1.07977799802
300	0.992415686275
300.5	0.992415686275
301	1.37657086224
301.5	1.37657086224
302	0.674666666667
302.5	0.674666666667
303	0.643878154917
303.5	0.643878154917
304	0.873075098814
304.5	0.873075098814
305	1.34579365079
305.5	1.34579365079
306	1.29091708292
306.5	1.29091708292
307	0.924612127045
307.5	0.924612127045
308	1.19245148515
308.5	1.19245148515
309	0.862689310689
309.5	0.862689310689
310.0	0.862689310689
310.5	0.857264928511
311.0	0.857264928511
311.5	0.966729291204
312.0	0.966729291204
312.5	0.936905263158
313.0	0.936905263158
313.5	0.936905263158
314	1.13781694915
314.5	1.13781694915
315	0.853308662742
315.5	0.853308662742
316	0.974041958042
316.5	0.974041958042
317	0.998200198216
317.5	0.998200198216
318	0.936999000999
318.5	0.936999000999
319.0	0.936999000999
319.5	1.01128255528
320.0	1.01128255528
320.5	1.11987107718
321.0	1.11987107718
321.5	1.23657237386
322.0	1.23657237386
322.5	1.44758061325
323.0	1.44758061325
323.5	1.48569030969
324.0	1.48569030969
324.5	1.48569030969
325	0.99879086116
325.5	0.99879086116
326	1.38815049505
326.5	1.38815049505
327	1.07830238727
327.5	1.07830238727
328	1.49695686275
328.5	1.49695686275
329	1.45930624381
329.5	1.45930624381
330	1.10986848847
330.5	1.10986848847
331	0.609263984298
331.5	0.609263984298
332	0.968253465347
332.5	0.968253465347
333	1.00965283019
333.5	1.00965283019
334.0	1.00965283019
334.5	1.54833463035
335.0	1.54833463035
335.5	1.26300199601
336.0	1.26300199601
336.5	1.67275
337.0	1.67275
337.5	1.41338983051
338.0	1.41338983051
338.5	1.95994455446
339.0	1.95994455446
339.5	1.95994455446
340	1.57153442623
340.5	1.57153442623
341	1.6479285076
341.5	1.6479285076
342	1.51068724614
342.5	1.51068724614
343	1.81279041916
343.5	1.81279041916
344	1.2329439528
344.5	1.2329439528
345.0	1.2329439528
345.5	1.31006189213
346.0	1.31006189213
346.5	1.34606169154
347.0	1.34606169154
347.5	1.09287961477
348.0	1.09287961477
348.5	1.29263492063
349.0	1.29263492063
349.5	1.37016583417
350.0	1.37016583417
350.5	1.01018849041
351.0	1.01018849041
351.5	1.41834965035
352.0	1.41834965035
352.5	1.26630969031
353.0	1.26630969031
353.5	1.26630969031
354	1.25006232295
354.5	1.25006232295
355	1.58907433102
355.5	1.58907433102
356	1.18651139241
356.5	1.18651139241
357	1.70932007952
357.5	1.70932007952
358	1.79235964036
358.5	1.79235964036
359	1.15764075067
359.5	1.15764075067
360	1.62455500496
360.5	1.62455500496
361	1.0791018078
361.5	1.0791018078
362	0.925796078431
362.5	0.925796078431
363	0.956194251734
363.5	0.956194251734
364	1.13621343874
364.5	1.13621343874
365.0	1.13621343874
365.5	0.691241502683
366.0	0.691241502683
366.5	0.772641584158
367.0	0.772641584158
367.5	0.779912727273
368.0	0.779912727273
368.5	0.936079840319
369.0	0.936079840319
369.5	0.616122137405
370.0	0.616122137405
370.5	0.948754195459
371.0	0.948754195459
371.5	0.834344554455
372.0	0.834344554455
372.5	0.257388235294
373.0	0.257388235294
373.5	0.520110891089
374.0	0.520110891089
374.5	0.617631683168
375.0	0.617631683168
375.5	1.094333001
376.0	1.094333001
376.5	0.916107249255
377.0	0.916107249255
377.5	1.37443356643
378.0	1.37443356643
378.5	1.17202747792
379.0	1.17202747792
379.5	1.46602772277
380.0	1.46602772277
380.5	1.32000799201
381.0	1.32000799201
381.5	0.930029732408
382.0	0.930029732408
382.5	1.22552647353
383.0	1.22552647353
383.5	1.11634851485
384.0	1.11634851485
384.5	1.23354608523
385.0	1.23354608523
385.5	1.20164752475
386.0	1.20164752475
386.5	1.32822970297
387.0	1.32822970297
387.5	1.33897029703
388.0	1.33897029703
388.5	1.3604039604
389.0	1.3604039604
389.5	1.41974384236
390.0	1.41974384236
390.5	1.41501293532
391.0	1.41501293532
391.5	1.41501293532
392	1.25776428571
392.5	1.25776428571
393	1.61987612388
393.5	1.61987612388
394	1.36696927651
394.5	1.36696927651
395	1.44947326733
395.5	1.44947326733
396	1.00856470588
396.5	1.00856470588
397	0.930146534653
397.5	0.930146534653
398	0.979403921569
398.5	0.979403921569
399	1.17545816733
399.5	1.17545816733
400	1.31070377734
400.5	1.31070377734
401	1.29767128713
401.5	1.29767128713
402	1.05659721083
402.5	1.05659721083
403	1.41572827173
403.5	1.41572827173
404	1.46969185476
404.5	1.46969185476
405.0	1.46969185476
405.5	1.13558974359
406.0	1.13558974359
406.5	1.1321980198
407.0	1.1321980198
407.5	1.43579405941
408.0	1.43579405941
408.5	1.38182178218
409.0	1.38182178218
409.5	1.0682112
410.0	1.0682112
410.5	1.50895841584
411.0	1.50895841584
411.5	0.903936570862
412.0	0.903936570862
412.5	1.12678140455
413.0	1.12678140455
413.5	1.01065709156
414.0	1.01065709156
414.5	1.47974527363
415.0	1.47974527363
415.5	1.16016650149
416.0	1.16016650149
416.5	1.16016650149
417	0.374340057637
417.5	0.374340057637
418	0.579956820412
418.5	0.579956820412
419	0.992174085064
419.5	0.992174085064
420	0.905695916594
420.5	0.905695916594
421	1.12563726462
421.5	1.12563726462
422	0.985355149182
422.5	0.985355149182
423	1.05893861386
423.5	1.05893861386
424	1.05238453915
424.5	1.05238453915
425	1.08564752475
425.5	1.08564752475
426	1.1047992008
426.5	1.1047992008
427	1.12105201178
427.5	1.12105201178
428	1.09393267327
428.5	1.09393267327
429	1.02563036963
429.5	1.02563036963
430	0.839541747573
430.5	0.839541747573
431	0.973129831516
431.5	0.973129831516
432	0.921238761239
432.5	0.921238761239
433	0.750186770428
433.5	0.750186770428
434	0.962092857143
434.5	0.962092857143
435	0.996879207921
435.5	0.996879207921
436.0	0.996879207921
436.5	0.51135049505
437.0	0.51135049505
437.5	0.924556521739
438.0	0.924556521739
438.5	1.3884995005
439.0	1.3884995005
439.5	0.108863787375
440.0	0.108863787375
440.5	0.965107569721
441.0	0.965107569721
441.5	1.6315009901
442.0	1.6315009901
442.5	1.8087032967
443.0	1.8087032967
443.5	1.69129038652
444.0	1.69129038652
444.5	1.4337980198
445.0	1.4337980198
445.5	1.4337980198
446	1.21692666667
446.5	1.21692666667
447	1.56076831683
447.5	1.56076831683
448	1.43581818182
448.5	1.43581818182
449	1.49465068493
449.5	1.49465068493
450	1.62012387612
450.5	1.62012387612
451	1.33472474513
451.5	1.33472474513
452	1.67132867133
452.5	1.67132867133
453	0.930997026759
453.5	0.930997026759
454	1.76873526474
454.5	1.76873526474
455	1.25023776224
455.5	1.25023776224
456	1.65044444444
456.5	1.65044444444
457	1.24578039216
457.5	1.24578039216
458	1.78346453546
458.5	1.78346453546
459	1.58901090188
459.5	1.58901090188
460	0.428110019646
460.5	0.428110019646
461	0.935248751249
461.5	0.935248751249
462	1.1699
462.5	1.1699
463.0	1.1699
463.5	1.80795514019
464.0	1.80795514019
464.5	0.327297196262
465.0	0.327297196262
465.5	1.06849704142
466.0	1.06849704142
466.5	1.62105472637
467.0	1.62105472637
467.5	1.13588011988
468.0	1.13588011988
468.5	1.47687611497
469.0	1.47687611497
469.5	1.76649263984
470.0	1.76649263984
470.5	1.77166833167
471.0	1.77166833167
471.5	1.67157605496
472.0	1.67157605496
472.5	1.55315643564
473.0	1.55315643564
473.5	1.53872475248
474.0	1.53872475248
474.5	1.61540594059
475.0	1.61540594059
475.5	1.33357031924
476.0	1.33357031924
476.5	1.15877647059
477.0	1.15877647059
477.5	0.791302970297
478.0	0.791302970297
478.5	0.791302970297
479	1.03720106289
479.5	1.03720106289
480	1.19947163421
480.5	1.19947163421
481	1.26831735537
481.5	1.26831735537
482.0	1.26831735537
482.5	1.36246206897
483.0	1.36246206897
483.5	1.31908376068
484.0	1.31908376068
484.5	1.38861176471
485.0	1.38861176471
485.5	1.39070163934
486.0	1.39070163934
486.5	1.39070163934
487	1.20514285714
487.5	1.20514285714
488	0.992427722772
488.5	0.992427722772
489	1.05307722772
489.5	1.05307722772
490	1.25243916914
490.5	1.25243916914
491	1.29445338567
491.5	1.29445338567
492	1.53678321678
492.5	1.53678321678
493	1.47283168317
493.5	1.47283168317
494	1.25556435644
494.5	1.25556435644
495	1.20864950495
495.5	1.20864950495
496	1.01538888889
496.5	1.01538888889
497	1.10290742438
497.5	1.10290742438
498	1.1373512605
498.5	1.1373512605
499	1.59441823588
499.5	1.59441823588
500	1.14875524476
500.5	1.14875524476
501.0	1.14875524476
501.5	1.03312268908
502.0	1.03312268908
502.5	1.32325867195
503.0	1.32325867195
503.5	1.01126013848
504.0	1.01126013848
504.5	1.16678032787
505.0	1.16678032787
505.5	1.24583316977
506.0	1.24583316977
506.5	0.903588118812
507.0	0.903588118812
507.5	1.19192079208
508.0	1.19192079208
508.5	0.983256181998
509.0	0.983256181998
509.5	1.00732067932
510.0	1.00732067932
510.5	1.41142857143
511.0	1.41142857143
511.5	0.998986138614
512.0	0.998986138614
512.5	1.15413861386
513.0	1.15413861386
513.5	1.27115284715
514.0	1.27115284715
514.5	1.27115284715
515	1.36043571429
515.5	1.36043571429
516	1.65759384023
516.5	1.65759384023
517	1.50210769231
517.5	1.50210769231
518	1.54718081918
518.5	1.54718081918
519	1.54861446977
519.5	1.54861446977
520	1.46913267327
520.5	1.46913267327
521	1.50166336634
521.5	1.50166336634
522	1.61415262636
522.5	1.61415262636
523	1.61440792079
523.5	1.61440792079
524	1.53071728272
524.5	1.53071728272
525	0.388130822597
525.5	0.388130822597
526	1.18740052585
526.5	1.18740052585
527	1.79142857143
527.5	1.79142857143
528	1.27462178218
528.5	1.27462178218
529	1.59226850938
529.5	1.59226850938
530	1.41763817097
530.5	1.41763817097
531	1.67378823529
531.5	1.67378823529
532	0.754381618382
532.5	0.754381618382
533	1.37481954138
533.5	1.37481954138
534	2.02204761905
534.5	2.02204761905
535.0	2.02204761905
535.5	1.95905614321
536.0	1.95905614321
536.5	1.35413114754
537.0	1.35413114754
537.5	1.95701898102
538.0	1.95701898102
538.5	1.55261176471
539.0	1.55261176471
539.5	2.04793663366
540.0	2.04793663366
540.5	2.11295049505
541.0	2.11295049505
541.5	1.79747076313
542.0	1.79747076313
542.5	2.06960792079
543.0	2.06960792079
543.5	1.6628011988
544.0	1.6628011988
544.5	2.50367232767
545.0	2.50367232767
545.5	1.85875834971
546.0	1.85875834971
546.5	2.45128245788
547.0	2.45128245788
547.5	1.71885714286
548.0	1.71885714286
548.5	1.69203567889
549.0	1.69203567889
549.5	1.91601186944
550.0	1.91601186944
550.5	1.4988015873
551.0	1.4988015873
551.5	1.3229010989
552.0	1.3229010989
552.5	1.27987314172
553.0	1.27987314172
553.5	0.986043564356
554.0	0.986043564356
554.5	0.986043564356
555	0.835723636364
555.5	0.835723636364
556	4.86135686275
556.5	4.86135686275
557	0.874645354645
557.5	0.874645354645
558	1.25942857143
558.5	1.25942857143
559	1.11607128713
559.5	1.11607128713
560	1.38696237624
560.5	1.38696237624
561	1.13279215686
561.5	1.13279215686
562	1.50615445545
562.5	1.50615445545
563	0.795536345776
563.5	0.795536345776
564	0.229594405594
564.5	0.229594405594
565	0.569216879293
565.5	0.569216879293
566	0.863758186398
566.5	0.863758186398
567.0	0.863758186398
567.5	0.759748760331
568.0	0.759748760331
568.5	0.800530693069
569.0	0.800530693069
569.5	1.21359207921
570.0	1.21359207921
570.5	1.27860594059
571.0	1.27860594059
571.5	1.33044705882
572.0	1.33044705882
572.5	1.50615445545
573.0	1.50615445545
573.5	1.20983762376
574.0	1.20983762376
574.5	1.52933994054
575.0	1.52933994054
575.5	1.36663336663
576.0	1.36663336663
576.5	1.33278415842
577.0	1.33278415842
577.5	1.3124122894
578.0	1.3124122894
578.5	1.08864250735
579.0	1.08864250735
579.5	1.34117647059
580.0	1.34117647059
580.5	1.48448316832
581.0	1.48448316832
581.5	1.3124122894
582.0	1.3124122894
582.5	1.47218991098
583.0	1.47218991098
583.5	0.9805
584.0	0.9805
584.5	1.27916883117
585.0	1.27916883117
585.5	1.06294549058
586.0	1.06294549058
586.5	1.03002352941
587.0	1.03002352941
587.5	4.20320396367
588.0	4.20320396367
588.5	4.20320396367
589	0.759246778989
589.5	0.759246778989
590	1.38297313433
590.5	1.38297313433
591	1.32852537313
591.5	1.32852537313
592	1.22442772277
592.5	1.22442772277
593	1.39055674103
593.5	1.39055674103
594	1.10401585728
594.5	1.10401585728
595	1.38696237624
595.5	1.38696237624
596	1.19310208127
596.5	1.19310208127
597	1.10523564356
597.5	1.10523564356
598	0.689869306931
598.5	0.689869306931
599	1.17024950495
599.5	1.17024950495
600	1.30027722772
600.5	1.30027722772
601	1.15855047455
601.5	1.15855047455
602	1.51699009901
602.5	1.51699009901
603	1.43774117647
603.5	1.43774117647
604	1.37877165354
604.5	1.37877165354
605	1.18160143627
605.5	1.18160143627
606	1.4212987013
606.5	1.4212987013
607	1.37749058474
607.5	1.37749058474
608	0.846731141199
608.5	0.846731141199
609.0	0.846731141199
609.5	0.523176585366
610.0	0.523176585366
610.5	0.643764705882
611.0	0.643764705882
611.5	1.25693465347
612.0	1.25693465347
612.5	0.924657425743
613.0	0.924657425743
613.5	0.975207920792
614.0	0.975207920792
614.5	0.986043564356
615.0	0.986043564356
615.5	1.04022178218
616.0	1.04022178218
616.5	1.064
617.0	1.064
617.5	1.16983816184
618.0	1.16983816184
618.5	1.16983816184
619.0	1.16983816184
619.5	1.16983816184
620.0	1.16983816184
620.5	1.16983816184
621.0	1.16983816184
621.5	0.153492682927
622.0	0.153492682927
622.5	4.55860840336
623.0	4.55860840336
623.5	0.412162537166
624.0	0.412162537166
624.5	0.826164705882
625.0	0.826164705882
625.5	0.771761018609
626.0	0.771761018609
626.5	0.421328200192
627.0	0.421328200192
627.5	0.160941176471
628.0	0.160941176471
628.5	0.160941176471
629	0.121938718663
629.5	0.121938718663
630	0.126398460058
630.5	0.126398460058
631	0.101333333333
631.5	0.101333333333
632	0.115865255053
632.5	0.115865255053
633	0.139345739471
633.5	0.139345739471
634	0.136275862069
634.5	0.136275862069
635	0.116313043478
635.5	0.116313043478
636	0.161684210526
636.5	0.161684210526
637	0.13989380531
637.5	0.13989380531
638.0	0.13989380531
638.5	0.155648
639.0	0.155648
639.5	0.147493261456
640.0	0.147493261456
640.5	0.139482352941
641.0	0.139482352941
641.5	0.158465158371
642.0	0.158465158371
642.5	0.139668185962
643.0	0.139668185962
643.5	0.139668185962
644	0.165818181818
644.5	0.165818181818
645	0.134599810785
645.5	0.134599810785
646	0.1536
646.5	0.1536
647	0.152910179641
647.5	0.152910179641
648	0.148798493409
648.5	0.148798493409
649	0.116712059065
649.5	0.116712059065
650.0	0.116712059065
650.5	0.13890843155
651.0	0.13890843155
651.5	0.165661305582
652.0	0.165661305582
652.5	0.171670588235
653.0	0.171670588235
653.5	0.122121888412
654.0	0.122121888412
654.5	0.122121888412
655	0.137142857143
655.5	0.137142857143
656	0.16416
656.5	0.16416
657	0.182758349705
657.5	0.182758349705
658	0.131968992248
658.5	0.131968992248
659	0.166765714286
659.5	0.166765714286
660	0.127379243453
660.5	0.127379243453
661.0	0.127379243453
661.5	0.189963355834
662.0	0.189963355834
662.5	0.157998075072
663.0	0.157998075072
663.5	0.154867924528
664.0	0.154867924528
664.5	0.154721960415
665.0	0.154721960415
665.5	0.157846153846
666.0	0.157846153846
666.5	0.15275772682
667.0	0.15275772682
667.5	0.147606936416
668.0	0.147606936416
668.5	0.125381342062
669.0	0.125381342062
669.5	0.125381342062
670	0.189233429395
670.5	0.189233429395
671	0.158455598456
671.5	0.158455598456
672	0.158150289017
672.5	0.158150289017
673	1.54553191489
673.5	1.54553191489
674	0.15275772682
674.5	0.15275772682
675	0.120023928215
675.5	0.120023928215
676	0.171948243993
676.5	0.171948243993
677	0.161733990148
677.5	0.161733990148
678	0.147606936416
678.5	0.147606936416
679	0.157998075072
679.5	0.157998075072
680	0.138782608696
680.5	0.138782608696
681.0	0.138782608696
681.5	0.145798501249
682.0	0.145798501249
682.5	0.176181818182
683.0	0.176181818182
683.5	0.154721960415
684.0	0.154721960415
684.5	0.152910179641
685.0	0.152910179641
685.5	0.149917808219
686.0	0.149917808219
686.5	0.14675862069
687.0	0.14675862069
687.5	0.14675862069
688	0.134517998244
688.5	0.134517998244
689	0.122754098361
689.5	0.122754098361
690	0.139619234544
690.5	0.139619234544
691	0.118023529412
691.5	0.118023529412
692	0.115865255053
692.5	0.115865255053
693	0.122165581395
693.5	0.122165581395
694	0.122851262862
694.5	0.122851262862
695.0	0.122851262862
695.5	0.129691886964
696.0	0.129691886964
696.5	0.102953904045
697.0	0.102953904045
697.5	0.10973928897
698.0	0.10973928897
698.5	0.139414012739
699.0	0.139414012739
699.5	0.139414012739
700.0	0.139414012739
700.5	0.139414012739
701.0	0.139414012739
701.5	0.303060094531
702.0	0.303060094531
702.5	0.129132743363
703.0	0.129132743363
703.5	0.128626836435
704.0	0.128626836435
704.5	0.150821705426
705.0	0.150821705426
705.5	0.150821705426
706	0.14341031941
706.5	0.14341031941
707	0.161983348751
707.5	0.161983348751
708	0.17217699115
708.5	0.17217699115
709	0.520885436893
709.5	0.520885436893
710	0.154285714286
710.5	0.154285714286
711	0.124717948718
711.5	0.124717948718
712	0.130935194417
712.5	0.130935194417
713	0.130935194417
713.5	0.130935194417
714	0.121938718663
714.5	0.121938718663
715.0	0.121938718663
715.5	0.162133333333
716.0	0.162133333333
716.5	0.136677966102
717.0	0.136677966102
717.5	0.117907933399
718.0	0.117907933399
718.5	0.157694524496
719.0	0.157694524496
719.5	0.111777158774
720.0	0.111777158774
720.5	0.117152542373
721.0	0.117152542373
721.5	0.12900589391
722.0	0.12900589391
722.5	0.137063583815
723.0	0.137063583815
723.5	0.137063583815
724	0.112727896996
724.5	0.112727896996
725	0.134889071487
725.5	0.134889071487
726.0	0.134889071487
726.5	0.132387096774
727.0	0.132387096774
727.5	0.129103448276
728.0	0.129103448276
728.5	0.123777568332
729.0	0.123777568332
729.5	0.149917808219
730.0	0.149917808219
730.5	0.155601895735
731.0	0.155601895735
731.5	0.130935194417
732.0	0.130935194417
732.5	0.154867924528
733.0	0.154867924528
733.5	0.154867924528
734	0.149781021898
734.5	0.149781021898
735	0.160626223092
735.5	0.160626223092
736	0.161099116781
736.5	0.161099116781
737	0.152910179641
737.5	0.152910179641
738	0.122754098361
738.5	0.122754098361
739	0.185862137862
739.5	0.185862137862
740	0.155160680529
740.5	0.155160680529
741	0.157694524496
741.5	0.157694524496
742	0.160783545544
742.5	0.160783545544
743	0.137195756991
743.5	0.137195756991
744	0.150359175662
744.5	0.150359175662
745	0.160941176471
745.5	0.160941176471
746	0.154285714286
746.5	0.154285714286
747.0	0.154285714286
747.5	0.155749525617
748.0	0.155749525617
748.5	0.154721960415
749.0	0.154721960415
749.5	0.160941176471
750.0	0.160941176471
750.5	0.116616393443
751.0	0.116616393443
751.5	0.174929070929
752.0	0.174929070929
752.5	0.11324929445
753.0	0.11324929445
753.5	0.121825602968
754.0	0.121825602968
754.5	0.121825602968
755	0.1216
755.5	0.1216
756	0.134218867925
756.5	0.134218867925
757	0.128752941176
757.5	0.128752941176
758	0.128500978474
758.5	0.128500978474
759	0.152910179641
759.5	0.152910179641
760	0.155749525617
760.5	0.155749525617
761	0.128500978474
761.5	0.128500978474
762	0.178720461095
762.5	0.178720461095
763	0.144816635161
763.5	0.144816635161
764	0.103511607911
764.5	0.103511607911
765	0.819161676647
765.5	0.819161676647
766.0	0.819161676647
766.5	0.819161676647
767	0.214828143022
767.5	0.214828143022
768	0.179409836066
768.5	0.179409836066
769	0.158302796528
769.5	0.158302796528
770.0	0.158302796528
770.5	0.124255021834
771.0	0.124255021834
771.5	0.19388976378
772.0	0.19388976378
772.5	0.139482352941
773.0	0.139482352941
773.5	0.125793103448
774.0	0.125793103448
774.5	0.14616360601
775.0	0.14616360601
775.5	0.155014164306
776.0	0.155014164306
776.5	0.153062937063
777.0	0.153062937063
777.5	0.185841509434
778.0	0.185841509434
778.5	0.185841509434
779	0.129220708447
779.5	0.129220708447
780	0.154721960415
780.5	0.154721960415
781	0.139756385069
781.5	0.139756385069
782	0.131733333333
782.5	0.131733333333
783	0.124128544423
783.5	0.124128544423
784	1.05433805477
784.5	1.05433805477
785	0.134727272727
785.5	0.134727272727
786	0.136556149733
786.5	0.136556149733
787	0.131196803197
787.5	0.131196803197
788.0	0.131196803197
788.5	0.126398460058
789.0	0.126398460058
789.5	0.109112662014
790.0	0.109112662014
790.5	0.134727272727
791.0	0.134727272727
791.5	0.12308153702
792.0	0.12308153702
792.5	0.131977736549
793.0	0.131977736549
793.5	0.11324929445
794.0	0.11324929445
794.5	0.1152
795.0	0.1152
795.5	0.103245283019
796.0	0.103245283019
796.5	0.107189030362
797.0	0.107189030362
797.5	0.107189030362
798	0.116425531915
798.5	0.116425531915
799	0.103342776204
799.5	0.103342776204
800	0.115753846154
800.5	0.115753846154
801	0.182758349705
801.5	0.182758349705
802	0.129338181818
802.5	0.129338181818
803	0.174929070929
803.5	0.174929070929
804	0.128626836435
804.5	0.128626836435
805	0.144407163054
805.5	0.144407163054
806	0.16806504065
806.5	0.16806504065
807	0.162857142857
807.5	0.162857142857
808.0	0.162857142857
808.5	0.151859389454
809.0	0.151859389454
809.5	0.160941176471
810.0	0.160941176471
810.5	0.154721960415
811.0	0.154721960415
811.5	0.160626223092
812.0	0.160626223092
812.5	0.118371681416
813.0	0.118371681416
813.5	0.18636896878
814.0	0.18636896878
814.5	0.157090909091
815.0	0.157090909091
815.5	0.160941176471
816.0	0.160941176471
816.5	1.53587351779
817.0	1.53587351779
817.5	0.139482352941
818.0	0.139482352941
818.5	0.124245979186
819.0	0.124245979186
819.5	0.160941176471
820.0	0.160941176471
820.5	0.128752941176
821.0	0.128752941176
821.5	0.128752941176
822	0.152282003711
822.5	0.152282003711
823	0.168369230769
823.5	0.168369230769
824	0.153062937063
824.5	0.153062937063
825	0.158150289017
825.5	0.158150289017
826	0.121263157895
826.5	0.121263157895
827	0.186192816635
827.5	0.186192816635
828	0.119280653951
828.5	0.119280653951
829	0.182738404453
829.5	0.182738404453
830.0	0.182738404453
830.5	0.113409326425
831.0	0.113409326425
831.5	0.152
832.0	0.152
832.5	0.154910907577
833.0	0.154910907577
833.5	0.154910907577
834	0.1536
834.5	0.1536
835	0.139619234544
835.5	0.139619234544
836	0.133966101695
836.5	0.133966101695
837	0.14212987013
837.5	0.14212987013
838	0.124245979186
838.5	0.124245979186
839	0.141866666667
839.5	0.141866666667
840	0.125913710451
840.5	0.125913710451
841	0.139482352941
841.5	0.139482352941
842	0.13161147086
842.5	0.13161147086
843.0	0.13161147086
843.5	0.153734855136
844.0	0.153734855136
844.5	0.135111111111
845.0	0.135111111111
845.5	0.125913710451
846.0	0.125913710451
846.5	0.118461282265
847.0	0.118461282265
847.5	0.118461282265
848	0.139716965047
848.5	0.139716965047
849	0.120143712575
849.5	0.120143712575
850	0.119497725205
850.5	0.119497725205
851	0.115865255053
851.5	0.115865255053
852	0.123894339623
852.5	0.123894339623
